ARM GAS  /var/folders/b6/0xn3z77n589c481l0rsth7mc0000gn/T//cc9dZ7I0.s 			page 1


   1              		.cpu cortex-m0
   2              		.eabi_attribute 20, 1
   3              		.eabi_attribute 21, 1
   4              		.eabi_attribute 23, 3
   5              		.eabi_attribute 24, 1
   6              		.eabi_attribute 25, 1
   7              		.eabi_attribute 26, 1
   8              		.eabi_attribute 30, 1
   9              		.eabi_attribute 34, 0
  10              		.eabi_attribute 18, 4
  11              		.file	"stm32f0xx_hal_i2c_ex.c"
  12              		.text
  13              	.Ltext0:
  14              		.cfi_sections	.debug_frame
  15              		.section	.text.HAL_I2CEx_ConfigAnalogFilter,"ax",%progbits
  16              		.align	1
  17              		.global	HAL_I2CEx_ConfigAnalogFilter
  18              		.arch armv6s-m
  19              		.syntax unified
  20              		.code	16
  21              		.thumb_func
  22              		.fpu softvfp
  24              	HAL_I2CEx_ConfigAnalogFilter:
  25              	.LVL0:
  26              	.LFB40:
  27              		.file 1 "Drivers/STM32F0xx_HAL_Driver/Src/stm32f0xx_hal_i2c_ex.c"
   1:Drivers/STM32F0xx_HAL_Driver/Src/stm32f0xx_hal_i2c_ex.c **** /**
   2:Drivers/STM32F0xx_HAL_Driver/Src/stm32f0xx_hal_i2c_ex.c ****   ******************************************************************************
   3:Drivers/STM32F0xx_HAL_Driver/Src/stm32f0xx_hal_i2c_ex.c ****   * @file    stm32f0xx_hal_i2c_ex.c
   4:Drivers/STM32F0xx_HAL_Driver/Src/stm32f0xx_hal_i2c_ex.c ****   * @author  MCD Application Team
   5:Drivers/STM32F0xx_HAL_Driver/Src/stm32f0xx_hal_i2c_ex.c ****   * @brief   I2C Extended HAL module driver.
   6:Drivers/STM32F0xx_HAL_Driver/Src/stm32f0xx_hal_i2c_ex.c ****   *          This file provides firmware functions to manage the following
   7:Drivers/STM32F0xx_HAL_Driver/Src/stm32f0xx_hal_i2c_ex.c ****   *          functionalities of I2C Extended peripheral:
   8:Drivers/STM32F0xx_HAL_Driver/Src/stm32f0xx_hal_i2c_ex.c ****   *           + Filter Mode Functions
   9:Drivers/STM32F0xx_HAL_Driver/Src/stm32f0xx_hal_i2c_ex.c ****   *           + WakeUp Mode Functions
  10:Drivers/STM32F0xx_HAL_Driver/Src/stm32f0xx_hal_i2c_ex.c ****   *           + FastModePlus Functions
  11:Drivers/STM32F0xx_HAL_Driver/Src/stm32f0xx_hal_i2c_ex.c ****   *
  12:Drivers/STM32F0xx_HAL_Driver/Src/stm32f0xx_hal_i2c_ex.c ****   @verbatim
  13:Drivers/STM32F0xx_HAL_Driver/Src/stm32f0xx_hal_i2c_ex.c ****   ==============================================================================
  14:Drivers/STM32F0xx_HAL_Driver/Src/stm32f0xx_hal_i2c_ex.c ****                ##### I2C peripheral Extended features  #####
  15:Drivers/STM32F0xx_HAL_Driver/Src/stm32f0xx_hal_i2c_ex.c ****   ==============================================================================
  16:Drivers/STM32F0xx_HAL_Driver/Src/stm32f0xx_hal_i2c_ex.c **** 
  17:Drivers/STM32F0xx_HAL_Driver/Src/stm32f0xx_hal_i2c_ex.c ****   [..] Comparing to other previous devices, the I2C interface for STM32F0xx
  18:Drivers/STM32F0xx_HAL_Driver/Src/stm32f0xx_hal_i2c_ex.c ****        devices contains the following additional features
  19:Drivers/STM32F0xx_HAL_Driver/Src/stm32f0xx_hal_i2c_ex.c **** 
  20:Drivers/STM32F0xx_HAL_Driver/Src/stm32f0xx_hal_i2c_ex.c ****        (+) Possibility to disable or enable Analog Noise Filter
  21:Drivers/STM32F0xx_HAL_Driver/Src/stm32f0xx_hal_i2c_ex.c ****        (+) Use of a configured Digital Noise Filter
  22:Drivers/STM32F0xx_HAL_Driver/Src/stm32f0xx_hal_i2c_ex.c ****        (+) Disable or enable wakeup from Stop mode(s)
  23:Drivers/STM32F0xx_HAL_Driver/Src/stm32f0xx_hal_i2c_ex.c ****        (+) Disable or enable Fast Mode Plus
  24:Drivers/STM32F0xx_HAL_Driver/Src/stm32f0xx_hal_i2c_ex.c **** 
  25:Drivers/STM32F0xx_HAL_Driver/Src/stm32f0xx_hal_i2c_ex.c ****                      ##### How to use this driver #####
  26:Drivers/STM32F0xx_HAL_Driver/Src/stm32f0xx_hal_i2c_ex.c ****   ==============================================================================
  27:Drivers/STM32F0xx_HAL_Driver/Src/stm32f0xx_hal_i2c_ex.c ****   [..] This driver provides functions to configure Noise Filter and Wake Up Feature
  28:Drivers/STM32F0xx_HAL_Driver/Src/stm32f0xx_hal_i2c_ex.c ****     (#) Configure I2C Analog noise filter using the function HAL_I2CEx_ConfigAnalogFilter()
  29:Drivers/STM32F0xx_HAL_Driver/Src/stm32f0xx_hal_i2c_ex.c ****     (#) Configure I2C Digital noise filter using the function HAL_I2CEx_ConfigDigitalFilter()
  30:Drivers/STM32F0xx_HAL_Driver/Src/stm32f0xx_hal_i2c_ex.c ****     (#) Configure the enable or disable of I2C Wake Up Mode using the functions :
  31:Drivers/STM32F0xx_HAL_Driver/Src/stm32f0xx_hal_i2c_ex.c ****           (++) HAL_I2CEx_EnableWakeUp()
ARM GAS  /var/folders/b6/0xn3z77n589c481l0rsth7mc0000gn/T//cc9dZ7I0.s 			page 2


  32:Drivers/STM32F0xx_HAL_Driver/Src/stm32f0xx_hal_i2c_ex.c ****           (++) HAL_I2CEx_DisableWakeUp()
  33:Drivers/STM32F0xx_HAL_Driver/Src/stm32f0xx_hal_i2c_ex.c ****     (#) Configure the enable or disable of fast mode plus driving capability using the functions :
  34:Drivers/STM32F0xx_HAL_Driver/Src/stm32f0xx_hal_i2c_ex.c ****           (++) HAL_I2CEx_EnableFastModePlus()
  35:Drivers/STM32F0xx_HAL_Driver/Src/stm32f0xx_hal_i2c_ex.c ****           (++) HAL_I2CEx_DisableFastModePlus()
  36:Drivers/STM32F0xx_HAL_Driver/Src/stm32f0xx_hal_i2c_ex.c ****   @endverbatim
  37:Drivers/STM32F0xx_HAL_Driver/Src/stm32f0xx_hal_i2c_ex.c ****   ******************************************************************************
  38:Drivers/STM32F0xx_HAL_Driver/Src/stm32f0xx_hal_i2c_ex.c ****   * @attention
  39:Drivers/STM32F0xx_HAL_Driver/Src/stm32f0xx_hal_i2c_ex.c ****   *
  40:Drivers/STM32F0xx_HAL_Driver/Src/stm32f0xx_hal_i2c_ex.c ****   * <h2><center>&copy; Copyright (c) 2016 STMicroelectronics.
  41:Drivers/STM32F0xx_HAL_Driver/Src/stm32f0xx_hal_i2c_ex.c ****   * All rights reserved.</center></h2>
  42:Drivers/STM32F0xx_HAL_Driver/Src/stm32f0xx_hal_i2c_ex.c ****   *
  43:Drivers/STM32F0xx_HAL_Driver/Src/stm32f0xx_hal_i2c_ex.c ****   * This software component is licensed by ST under BSD 3-Clause license,
  44:Drivers/STM32F0xx_HAL_Driver/Src/stm32f0xx_hal_i2c_ex.c ****   * the "License"; You may not use this file except in compliance with the
  45:Drivers/STM32F0xx_HAL_Driver/Src/stm32f0xx_hal_i2c_ex.c ****   * License. You may obtain a copy of the License at:
  46:Drivers/STM32F0xx_HAL_Driver/Src/stm32f0xx_hal_i2c_ex.c ****   *                        opensource.org/licenses/BSD-3-Clause
  47:Drivers/STM32F0xx_HAL_Driver/Src/stm32f0xx_hal_i2c_ex.c ****   *
  48:Drivers/STM32F0xx_HAL_Driver/Src/stm32f0xx_hal_i2c_ex.c ****   ******************************************************************************
  49:Drivers/STM32F0xx_HAL_Driver/Src/stm32f0xx_hal_i2c_ex.c ****   */
  50:Drivers/STM32F0xx_HAL_Driver/Src/stm32f0xx_hal_i2c_ex.c **** 
  51:Drivers/STM32F0xx_HAL_Driver/Src/stm32f0xx_hal_i2c_ex.c **** /* Includes ------------------------------------------------------------------*/
  52:Drivers/STM32F0xx_HAL_Driver/Src/stm32f0xx_hal_i2c_ex.c **** #include "stm32f0xx_hal.h"
  53:Drivers/STM32F0xx_HAL_Driver/Src/stm32f0xx_hal_i2c_ex.c **** 
  54:Drivers/STM32F0xx_HAL_Driver/Src/stm32f0xx_hal_i2c_ex.c **** /** @addtogroup STM32F0xx_HAL_Driver
  55:Drivers/STM32F0xx_HAL_Driver/Src/stm32f0xx_hal_i2c_ex.c ****   * @{
  56:Drivers/STM32F0xx_HAL_Driver/Src/stm32f0xx_hal_i2c_ex.c ****   */
  57:Drivers/STM32F0xx_HAL_Driver/Src/stm32f0xx_hal_i2c_ex.c **** 
  58:Drivers/STM32F0xx_HAL_Driver/Src/stm32f0xx_hal_i2c_ex.c **** /** @defgroup I2CEx I2CEx
  59:Drivers/STM32F0xx_HAL_Driver/Src/stm32f0xx_hal_i2c_ex.c ****   * @brief I2C Extended HAL module driver
  60:Drivers/STM32F0xx_HAL_Driver/Src/stm32f0xx_hal_i2c_ex.c ****   * @{
  61:Drivers/STM32F0xx_HAL_Driver/Src/stm32f0xx_hal_i2c_ex.c ****   */
  62:Drivers/STM32F0xx_HAL_Driver/Src/stm32f0xx_hal_i2c_ex.c **** 
  63:Drivers/STM32F0xx_HAL_Driver/Src/stm32f0xx_hal_i2c_ex.c **** #ifdef HAL_I2C_MODULE_ENABLED
  64:Drivers/STM32F0xx_HAL_Driver/Src/stm32f0xx_hal_i2c_ex.c **** 
  65:Drivers/STM32F0xx_HAL_Driver/Src/stm32f0xx_hal_i2c_ex.c **** /* Private typedef -----------------------------------------------------------*/
  66:Drivers/STM32F0xx_HAL_Driver/Src/stm32f0xx_hal_i2c_ex.c **** /* Private define ------------------------------------------------------------*/
  67:Drivers/STM32F0xx_HAL_Driver/Src/stm32f0xx_hal_i2c_ex.c **** /* Private macro -------------------------------------------------------------*/
  68:Drivers/STM32F0xx_HAL_Driver/Src/stm32f0xx_hal_i2c_ex.c **** /* Private variables ---------------------------------------------------------*/
  69:Drivers/STM32F0xx_HAL_Driver/Src/stm32f0xx_hal_i2c_ex.c **** /* Private function prototypes -----------------------------------------------*/
  70:Drivers/STM32F0xx_HAL_Driver/Src/stm32f0xx_hal_i2c_ex.c **** /* Private functions ---------------------------------------------------------*/
  71:Drivers/STM32F0xx_HAL_Driver/Src/stm32f0xx_hal_i2c_ex.c **** 
  72:Drivers/STM32F0xx_HAL_Driver/Src/stm32f0xx_hal_i2c_ex.c **** /** @defgroup I2CEx_Exported_Functions I2C Extended Exported Functions
  73:Drivers/STM32F0xx_HAL_Driver/Src/stm32f0xx_hal_i2c_ex.c ****   * @{
  74:Drivers/STM32F0xx_HAL_Driver/Src/stm32f0xx_hal_i2c_ex.c ****   */
  75:Drivers/STM32F0xx_HAL_Driver/Src/stm32f0xx_hal_i2c_ex.c **** 
  76:Drivers/STM32F0xx_HAL_Driver/Src/stm32f0xx_hal_i2c_ex.c **** /** @defgroup I2CEx_Exported_Functions_Group1 Filter Mode Functions
  77:Drivers/STM32F0xx_HAL_Driver/Src/stm32f0xx_hal_i2c_ex.c ****   * @brief    Filter Mode Functions
  78:Drivers/STM32F0xx_HAL_Driver/Src/stm32f0xx_hal_i2c_ex.c ****   *
  79:Drivers/STM32F0xx_HAL_Driver/Src/stm32f0xx_hal_i2c_ex.c **** @verbatim
  80:Drivers/STM32F0xx_HAL_Driver/Src/stm32f0xx_hal_i2c_ex.c ****  ===============================================================================
  81:Drivers/STM32F0xx_HAL_Driver/Src/stm32f0xx_hal_i2c_ex.c ****                       ##### Filter Mode Functions #####
  82:Drivers/STM32F0xx_HAL_Driver/Src/stm32f0xx_hal_i2c_ex.c ****  ===============================================================================
  83:Drivers/STM32F0xx_HAL_Driver/Src/stm32f0xx_hal_i2c_ex.c ****     [..] This section provides functions allowing to:
  84:Drivers/STM32F0xx_HAL_Driver/Src/stm32f0xx_hal_i2c_ex.c ****       (+) Configure Noise Filters
  85:Drivers/STM32F0xx_HAL_Driver/Src/stm32f0xx_hal_i2c_ex.c **** 
  86:Drivers/STM32F0xx_HAL_Driver/Src/stm32f0xx_hal_i2c_ex.c **** @endverbatim
  87:Drivers/STM32F0xx_HAL_Driver/Src/stm32f0xx_hal_i2c_ex.c ****   * @{
  88:Drivers/STM32F0xx_HAL_Driver/Src/stm32f0xx_hal_i2c_ex.c ****   */
ARM GAS  /var/folders/b6/0xn3z77n589c481l0rsth7mc0000gn/T//cc9dZ7I0.s 			page 3


  89:Drivers/STM32F0xx_HAL_Driver/Src/stm32f0xx_hal_i2c_ex.c **** 
  90:Drivers/STM32F0xx_HAL_Driver/Src/stm32f0xx_hal_i2c_ex.c **** /**
  91:Drivers/STM32F0xx_HAL_Driver/Src/stm32f0xx_hal_i2c_ex.c ****   * @brief  Configure I2C Analog noise filter.
  92:Drivers/STM32F0xx_HAL_Driver/Src/stm32f0xx_hal_i2c_ex.c ****   * @param  hi2c Pointer to a I2C_HandleTypeDef structure that contains
  93:Drivers/STM32F0xx_HAL_Driver/Src/stm32f0xx_hal_i2c_ex.c ****   *                the configuration information for the specified I2Cx peripheral.
  94:Drivers/STM32F0xx_HAL_Driver/Src/stm32f0xx_hal_i2c_ex.c ****   * @param  AnalogFilter New state of the Analog filter.
  95:Drivers/STM32F0xx_HAL_Driver/Src/stm32f0xx_hal_i2c_ex.c ****   * @retval HAL status
  96:Drivers/STM32F0xx_HAL_Driver/Src/stm32f0xx_hal_i2c_ex.c ****   */
  97:Drivers/STM32F0xx_HAL_Driver/Src/stm32f0xx_hal_i2c_ex.c **** HAL_StatusTypeDef HAL_I2CEx_ConfigAnalogFilter(I2C_HandleTypeDef *hi2c, uint32_t AnalogFilter)
  98:Drivers/STM32F0xx_HAL_Driver/Src/stm32f0xx_hal_i2c_ex.c **** {
  28              		.loc 1 98 1 view -0
  29              		.cfi_startproc
  30              		@ args = 0, pretend = 0, frame = 0
  31              		@ frame_needed = 0, uses_anonymous_args = 0
  32              		.loc 1 98 1 is_stmt 0 view .LVU1
  33 0000 F0B5     		push	{r4, r5, r6, r7, lr}
  34              		.cfi_def_cfa_offset 20
  35              		.cfi_offset 4, -20
  36              		.cfi_offset 5, -16
  37              		.cfi_offset 6, -12
  38              		.cfi_offset 7, -8
  39              		.cfi_offset 14, -4
  99:Drivers/STM32F0xx_HAL_Driver/Src/stm32f0xx_hal_i2c_ex.c ****   /* Check the parameters */
 100:Drivers/STM32F0xx_HAL_Driver/Src/stm32f0xx_hal_i2c_ex.c ****   assert_param(IS_I2C_ALL_INSTANCE(hi2c->Instance));
  40              		.loc 1 100 3 is_stmt 1 view .LVU2
 101:Drivers/STM32F0xx_HAL_Driver/Src/stm32f0xx_hal_i2c_ex.c ****   assert_param(IS_I2C_ANALOG_FILTER(AnalogFilter));
  41              		.loc 1 101 3 view .LVU3
 102:Drivers/STM32F0xx_HAL_Driver/Src/stm32f0xx_hal_i2c_ex.c **** 
 103:Drivers/STM32F0xx_HAL_Driver/Src/stm32f0xx_hal_i2c_ex.c ****   if (hi2c->State == HAL_I2C_STATE_READY)
  42              		.loc 1 103 3 view .LVU4
  43              		.loc 1 103 11 is_stmt 0 view .LVU5
  44 0002 4123     		movs	r3, #65
  45 0004 C35C     		ldrb	r3, [r0, r3]
  46              		.loc 1 103 6 view .LVU6
  47 0006 202B     		cmp	r3, #32
  48 0008 20D1     		bne	.L3
 104:Drivers/STM32F0xx_HAL_Driver/Src/stm32f0xx_hal_i2c_ex.c ****   {
 105:Drivers/STM32F0xx_HAL_Driver/Src/stm32f0xx_hal_i2c_ex.c ****     /* Process Locked */
 106:Drivers/STM32F0xx_HAL_Driver/Src/stm32f0xx_hal_i2c_ex.c ****     __HAL_LOCK(hi2c);
  49              		.loc 1 106 5 is_stmt 1 view .LVU7
  50              		.loc 1 106 5 view .LVU8
  51 000a 2033     		adds	r3, r3, #32
  52 000c C35C     		ldrb	r3, [r0, r3]
  53 000e 012B     		cmp	r3, #1
  54 0010 1ED0     		beq	.L4
  55              		.loc 1 106 5 discriminator 2 view .LVU9
  56 0012 4024     		movs	r4, #64
  57 0014 0122     		movs	r2, #1
  58 0016 0255     		strb	r2, [r0, r4]
  59              		.loc 1 106 5 discriminator 2 view .LVU10
 107:Drivers/STM32F0xx_HAL_Driver/Src/stm32f0xx_hal_i2c_ex.c **** 
 108:Drivers/STM32F0xx_HAL_Driver/Src/stm32f0xx_hal_i2c_ex.c ****     hi2c->State = HAL_I2C_STATE_BUSY;
  60              		.loc 1 108 5 discriminator 2 view .LVU11
  61              		.loc 1 108 17 is_stmt 0 discriminator 2 view .LVU12
  62 0018 4125     		movs	r5, #65
  63 001a 2423     		movs	r3, #36
  64 001c 4355     		strb	r3, [r0, r5]
ARM GAS  /var/folders/b6/0xn3z77n589c481l0rsth7mc0000gn/T//cc9dZ7I0.s 			page 4


 109:Drivers/STM32F0xx_HAL_Driver/Src/stm32f0xx_hal_i2c_ex.c **** 
 110:Drivers/STM32F0xx_HAL_Driver/Src/stm32f0xx_hal_i2c_ex.c ****     /* Disable the selected I2C peripheral */
 111:Drivers/STM32F0xx_HAL_Driver/Src/stm32f0xx_hal_i2c_ex.c ****     __HAL_I2C_DISABLE(hi2c);
  65              		.loc 1 111 5 is_stmt 1 discriminator 2 view .LVU13
  66 001e 0668     		ldr	r6, [r0]
  67 0020 3368     		ldr	r3, [r6]
  68 0022 9343     		bics	r3, r2
  69 0024 3360     		str	r3, [r6]
 112:Drivers/STM32F0xx_HAL_Driver/Src/stm32f0xx_hal_i2c_ex.c **** 
 113:Drivers/STM32F0xx_HAL_Driver/Src/stm32f0xx_hal_i2c_ex.c ****     /* Reset I2Cx ANOFF bit */
 114:Drivers/STM32F0xx_HAL_Driver/Src/stm32f0xx_hal_i2c_ex.c ****     hi2c->Instance->CR1 &= ~(I2C_CR1_ANFOFF);
  70              		.loc 1 114 5 discriminator 2 view .LVU14
  71              		.loc 1 114 9 is_stmt 0 discriminator 2 view .LVU15
  72 0026 0668     		ldr	r6, [r0]
  73              		.loc 1 114 25 discriminator 2 view .LVU16
  74 0028 3368     		ldr	r3, [r6]
  75 002a 0A4F     		ldr	r7, .L5
  76 002c 3B40     		ands	r3, r7
  77 002e 3360     		str	r3, [r6]
 115:Drivers/STM32F0xx_HAL_Driver/Src/stm32f0xx_hal_i2c_ex.c **** 
 116:Drivers/STM32F0xx_HAL_Driver/Src/stm32f0xx_hal_i2c_ex.c ****     /* Set analog filter bit*/
 117:Drivers/STM32F0xx_HAL_Driver/Src/stm32f0xx_hal_i2c_ex.c ****     hi2c->Instance->CR1 |= AnalogFilter;
  78              		.loc 1 117 5 is_stmt 1 discriminator 2 view .LVU17
  79              		.loc 1 117 9 is_stmt 0 discriminator 2 view .LVU18
  80 0030 0668     		ldr	r6, [r0]
  81              		.loc 1 117 25 discriminator 2 view .LVU19
  82 0032 3368     		ldr	r3, [r6]
  83 0034 1943     		orrs	r1, r3
  84              	.LVL1:
  85              		.loc 1 117 25 discriminator 2 view .LVU20
  86 0036 3160     		str	r1, [r6]
 118:Drivers/STM32F0xx_HAL_Driver/Src/stm32f0xx_hal_i2c_ex.c **** 
 119:Drivers/STM32F0xx_HAL_Driver/Src/stm32f0xx_hal_i2c_ex.c ****     __HAL_I2C_ENABLE(hi2c);
  87              		.loc 1 119 5 is_stmt 1 discriminator 2 view .LVU21
  88 0038 0168     		ldr	r1, [r0]
  89 003a 0B68     		ldr	r3, [r1]
  90 003c 1343     		orrs	r3, r2
  91 003e 0B60     		str	r3, [r1]
 120:Drivers/STM32F0xx_HAL_Driver/Src/stm32f0xx_hal_i2c_ex.c **** 
 121:Drivers/STM32F0xx_HAL_Driver/Src/stm32f0xx_hal_i2c_ex.c ****     hi2c->State = HAL_I2C_STATE_READY;
  92              		.loc 1 121 5 discriminator 2 view .LVU22
  93              		.loc 1 121 17 is_stmt 0 discriminator 2 view .LVU23
  94 0040 2023     		movs	r3, #32
  95 0042 4355     		strb	r3, [r0, r5]
 122:Drivers/STM32F0xx_HAL_Driver/Src/stm32f0xx_hal_i2c_ex.c **** 
 123:Drivers/STM32F0xx_HAL_Driver/Src/stm32f0xx_hal_i2c_ex.c ****     /* Process Unlocked */
 124:Drivers/STM32F0xx_HAL_Driver/Src/stm32f0xx_hal_i2c_ex.c ****     __HAL_UNLOCK(hi2c);
  96              		.loc 1 124 5 is_stmt 1 discriminator 2 view .LVU24
  97              		.loc 1 124 5 discriminator 2 view .LVU25
  98 0044 0023     		movs	r3, #0
  99 0046 0355     		strb	r3, [r0, r4]
 100              		.loc 1 124 5 discriminator 2 view .LVU26
 125:Drivers/STM32F0xx_HAL_Driver/Src/stm32f0xx_hal_i2c_ex.c **** 
 126:Drivers/STM32F0xx_HAL_Driver/Src/stm32f0xx_hal_i2c_ex.c ****     return HAL_OK;
 101              		.loc 1 126 5 discriminator 2 view .LVU27
 102              		.loc 1 126 12 is_stmt 0 discriminator 2 view .LVU28
 103 0048 0020     		movs	r0, #0
ARM GAS  /var/folders/b6/0xn3z77n589c481l0rsth7mc0000gn/T//cc9dZ7I0.s 			page 5


 104              	.LVL2:
 105              	.L2:
 127:Drivers/STM32F0xx_HAL_Driver/Src/stm32f0xx_hal_i2c_ex.c ****   }
 128:Drivers/STM32F0xx_HAL_Driver/Src/stm32f0xx_hal_i2c_ex.c ****   else
 129:Drivers/STM32F0xx_HAL_Driver/Src/stm32f0xx_hal_i2c_ex.c ****   {
 130:Drivers/STM32F0xx_HAL_Driver/Src/stm32f0xx_hal_i2c_ex.c ****     return HAL_BUSY;
 131:Drivers/STM32F0xx_HAL_Driver/Src/stm32f0xx_hal_i2c_ex.c ****   }
 132:Drivers/STM32F0xx_HAL_Driver/Src/stm32f0xx_hal_i2c_ex.c **** }
 106              		.loc 1 132 1 view .LVU29
 107              		@ sp needed
 108 004a F0BD     		pop	{r4, r5, r6, r7, pc}
 109              	.LVL3:
 110              	.L3:
 130:Drivers/STM32F0xx_HAL_Driver/Src/stm32f0xx_hal_i2c_ex.c ****   }
 111              		.loc 1 130 12 view .LVU30
 112 004c 0220     		movs	r0, #2
 113              	.LVL4:
 130:Drivers/STM32F0xx_HAL_Driver/Src/stm32f0xx_hal_i2c_ex.c ****   }
 114              		.loc 1 130 12 view .LVU31
 115 004e FCE7     		b	.L2
 116              	.LVL5:
 117              	.L4:
 106:Drivers/STM32F0xx_HAL_Driver/Src/stm32f0xx_hal_i2c_ex.c **** 
 118              		.loc 1 106 5 view .LVU32
 119 0050 0220     		movs	r0, #2
 120              	.LVL6:
 106:Drivers/STM32F0xx_HAL_Driver/Src/stm32f0xx_hal_i2c_ex.c **** 
 121              		.loc 1 106 5 view .LVU33
 122 0052 FAE7     		b	.L2
 123              	.L6:
 124              		.align	2
 125              	.L5:
 126 0054 FFEFFFFF 		.word	-4097
 127              		.cfi_endproc
 128              	.LFE40:
 130              		.section	.text.HAL_I2CEx_ConfigDigitalFilter,"ax",%progbits
 131              		.align	1
 132              		.global	HAL_I2CEx_ConfigDigitalFilter
 133              		.syntax unified
 134              		.code	16
 135              		.thumb_func
 136              		.fpu softvfp
 138              	HAL_I2CEx_ConfigDigitalFilter:
 139              	.LVL7:
 140              	.LFB41:
 133:Drivers/STM32F0xx_HAL_Driver/Src/stm32f0xx_hal_i2c_ex.c **** 
 134:Drivers/STM32F0xx_HAL_Driver/Src/stm32f0xx_hal_i2c_ex.c **** /**
 135:Drivers/STM32F0xx_HAL_Driver/Src/stm32f0xx_hal_i2c_ex.c ****   * @brief  Configure I2C Digital noise filter.
 136:Drivers/STM32F0xx_HAL_Driver/Src/stm32f0xx_hal_i2c_ex.c ****   * @param  hi2c Pointer to a I2C_HandleTypeDef structure that contains
 137:Drivers/STM32F0xx_HAL_Driver/Src/stm32f0xx_hal_i2c_ex.c ****   *                the configuration information for the specified I2Cx peripheral.
 138:Drivers/STM32F0xx_HAL_Driver/Src/stm32f0xx_hal_i2c_ex.c ****   * @param  DigitalFilter Coefficient of digital noise filter between Min_Data=0x00 and Max_Data=0x
 139:Drivers/STM32F0xx_HAL_Driver/Src/stm32f0xx_hal_i2c_ex.c ****   * @retval HAL status
 140:Drivers/STM32F0xx_HAL_Driver/Src/stm32f0xx_hal_i2c_ex.c ****   */
 141:Drivers/STM32F0xx_HAL_Driver/Src/stm32f0xx_hal_i2c_ex.c **** HAL_StatusTypeDef HAL_I2CEx_ConfigDigitalFilter(I2C_HandleTypeDef *hi2c, uint32_t DigitalFilter)
 142:Drivers/STM32F0xx_HAL_Driver/Src/stm32f0xx_hal_i2c_ex.c **** {
 141              		.loc 1 142 1 is_stmt 1 view -0
 142              		.cfi_startproc
ARM GAS  /var/folders/b6/0xn3z77n589c481l0rsth7mc0000gn/T//cc9dZ7I0.s 			page 6


 143              		@ args = 0, pretend = 0, frame = 0
 144              		@ frame_needed = 0, uses_anonymous_args = 0
 145              		.loc 1 142 1 is_stmt 0 view .LVU35
 146 0000 F0B5     		push	{r4, r5, r6, r7, lr}
 147              		.cfi_def_cfa_offset 20
 148              		.cfi_offset 4, -20
 149              		.cfi_offset 5, -16
 150              		.cfi_offset 6, -12
 151              		.cfi_offset 7, -8
 152              		.cfi_offset 14, -4
 143:Drivers/STM32F0xx_HAL_Driver/Src/stm32f0xx_hal_i2c_ex.c ****   uint32_t tmpreg;
 153              		.loc 1 143 3 is_stmt 1 view .LVU36
 144:Drivers/STM32F0xx_HAL_Driver/Src/stm32f0xx_hal_i2c_ex.c **** 
 145:Drivers/STM32F0xx_HAL_Driver/Src/stm32f0xx_hal_i2c_ex.c ****   /* Check the parameters */
 146:Drivers/STM32F0xx_HAL_Driver/Src/stm32f0xx_hal_i2c_ex.c ****   assert_param(IS_I2C_ALL_INSTANCE(hi2c->Instance));
 154              		.loc 1 146 3 view .LVU37
 147:Drivers/STM32F0xx_HAL_Driver/Src/stm32f0xx_hal_i2c_ex.c ****   assert_param(IS_I2C_DIGITAL_FILTER(DigitalFilter));
 155              		.loc 1 147 3 view .LVU38
 148:Drivers/STM32F0xx_HAL_Driver/Src/stm32f0xx_hal_i2c_ex.c **** 
 149:Drivers/STM32F0xx_HAL_Driver/Src/stm32f0xx_hal_i2c_ex.c ****   if (hi2c->State == HAL_I2C_STATE_READY)
 156              		.loc 1 149 3 view .LVU39
 157              		.loc 1 149 11 is_stmt 0 view .LVU40
 158 0002 4123     		movs	r3, #65
 159 0004 C35C     		ldrb	r3, [r0, r3]
 160              		.loc 1 149 6 view .LVU41
 161 0006 202B     		cmp	r3, #32
 162 0008 1ED1     		bne	.L9
 150:Drivers/STM32F0xx_HAL_Driver/Src/stm32f0xx_hal_i2c_ex.c ****   {
 151:Drivers/STM32F0xx_HAL_Driver/Src/stm32f0xx_hal_i2c_ex.c ****     /* Process Locked */
 152:Drivers/STM32F0xx_HAL_Driver/Src/stm32f0xx_hal_i2c_ex.c ****     __HAL_LOCK(hi2c);
 163              		.loc 1 152 5 is_stmt 1 view .LVU42
 164              		.loc 1 152 5 view .LVU43
 165 000a 2033     		adds	r3, r3, #32
 166 000c C35C     		ldrb	r3, [r0, r3]
 167 000e 012B     		cmp	r3, #1
 168 0010 1CD0     		beq	.L10
 169              		.loc 1 152 5 discriminator 2 view .LVU44
 170 0012 4024     		movs	r4, #64
 171 0014 0122     		movs	r2, #1
 172 0016 0255     		strb	r2, [r0, r4]
 173              		.loc 1 152 5 discriminator 2 view .LVU45
 153:Drivers/STM32F0xx_HAL_Driver/Src/stm32f0xx_hal_i2c_ex.c **** 
 154:Drivers/STM32F0xx_HAL_Driver/Src/stm32f0xx_hal_i2c_ex.c ****     hi2c->State = HAL_I2C_STATE_BUSY;
 174              		.loc 1 154 5 discriminator 2 view .LVU46
 175              		.loc 1 154 17 is_stmt 0 discriminator 2 view .LVU47
 176 0018 4125     		movs	r5, #65
 177 001a 2423     		movs	r3, #36
 178 001c 4355     		strb	r3, [r0, r5]
 155:Drivers/STM32F0xx_HAL_Driver/Src/stm32f0xx_hal_i2c_ex.c **** 
 156:Drivers/STM32F0xx_HAL_Driver/Src/stm32f0xx_hal_i2c_ex.c ****     /* Disable the selected I2C peripheral */
 157:Drivers/STM32F0xx_HAL_Driver/Src/stm32f0xx_hal_i2c_ex.c ****     __HAL_I2C_DISABLE(hi2c);
 179              		.loc 1 157 5 is_stmt 1 discriminator 2 view .LVU48
 180 001e 0668     		ldr	r6, [r0]
 181 0020 3368     		ldr	r3, [r6]
 182 0022 9343     		bics	r3, r2
 183 0024 3360     		str	r3, [r6]
 158:Drivers/STM32F0xx_HAL_Driver/Src/stm32f0xx_hal_i2c_ex.c **** 
ARM GAS  /var/folders/b6/0xn3z77n589c481l0rsth7mc0000gn/T//cc9dZ7I0.s 			page 7


 159:Drivers/STM32F0xx_HAL_Driver/Src/stm32f0xx_hal_i2c_ex.c ****     /* Get the old register value */
 160:Drivers/STM32F0xx_HAL_Driver/Src/stm32f0xx_hal_i2c_ex.c ****     tmpreg = hi2c->Instance->CR1;
 184              		.loc 1 160 5 discriminator 2 view .LVU49
 185              		.loc 1 160 18 is_stmt 0 discriminator 2 view .LVU50
 186 0026 0668     		ldr	r6, [r0]
 187              		.loc 1 160 12 discriminator 2 view .LVU51
 188 0028 3368     		ldr	r3, [r6]
 189              	.LVL8:
 161:Drivers/STM32F0xx_HAL_Driver/Src/stm32f0xx_hal_i2c_ex.c **** 
 162:Drivers/STM32F0xx_HAL_Driver/Src/stm32f0xx_hal_i2c_ex.c ****     /* Reset I2Cx DNF bits [11:8] */
 163:Drivers/STM32F0xx_HAL_Driver/Src/stm32f0xx_hal_i2c_ex.c ****     tmpreg &= ~(I2C_CR1_DNF);
 190              		.loc 1 163 5 is_stmt 1 discriminator 2 view .LVU52
 191              		.loc 1 163 12 is_stmt 0 discriminator 2 view .LVU53
 192 002a 094F     		ldr	r7, .L11
 193 002c 3B40     		ands	r3, r7
 194              	.LVL9:
 164:Drivers/STM32F0xx_HAL_Driver/Src/stm32f0xx_hal_i2c_ex.c **** 
 165:Drivers/STM32F0xx_HAL_Driver/Src/stm32f0xx_hal_i2c_ex.c ****     /* Set I2Cx DNF coefficient */
 166:Drivers/STM32F0xx_HAL_Driver/Src/stm32f0xx_hal_i2c_ex.c ****     tmpreg |= DigitalFilter << 8U;
 195              		.loc 1 166 5 is_stmt 1 discriminator 2 view .LVU54
 196              		.loc 1 166 29 is_stmt 0 discriminator 2 view .LVU55
 197 002e 0902     		lsls	r1, r1, #8
 198              	.LVL10:
 199              		.loc 1 166 12 discriminator 2 view .LVU56
 200 0030 1943     		orrs	r1, r3
 201              	.LVL11:
 167:Drivers/STM32F0xx_HAL_Driver/Src/stm32f0xx_hal_i2c_ex.c **** 
 168:Drivers/STM32F0xx_HAL_Driver/Src/stm32f0xx_hal_i2c_ex.c ****     /* Store the new register value */
 169:Drivers/STM32F0xx_HAL_Driver/Src/stm32f0xx_hal_i2c_ex.c ****     hi2c->Instance->CR1 = tmpreg;
 202              		.loc 1 169 5 is_stmt 1 discriminator 2 view .LVU57
 203              		.loc 1 169 25 is_stmt 0 discriminator 2 view .LVU58
 204 0032 3160     		str	r1, [r6]
 170:Drivers/STM32F0xx_HAL_Driver/Src/stm32f0xx_hal_i2c_ex.c **** 
 171:Drivers/STM32F0xx_HAL_Driver/Src/stm32f0xx_hal_i2c_ex.c ****     __HAL_I2C_ENABLE(hi2c);
 205              		.loc 1 171 5 is_stmt 1 discriminator 2 view .LVU59
 206 0034 0168     		ldr	r1, [r0]
 207              	.LVL12:
 208              		.loc 1 171 5 is_stmt 0 discriminator 2 view .LVU60
 209 0036 0B68     		ldr	r3, [r1]
 210 0038 1343     		orrs	r3, r2
 211 003a 0B60     		str	r3, [r1]
 212              	.LVL13:
 172:Drivers/STM32F0xx_HAL_Driver/Src/stm32f0xx_hal_i2c_ex.c **** 
 173:Drivers/STM32F0xx_HAL_Driver/Src/stm32f0xx_hal_i2c_ex.c ****     hi2c->State = HAL_I2C_STATE_READY;
 213              		.loc 1 173 5 is_stmt 1 discriminator 2 view .LVU61
 214              		.loc 1 173 17 is_stmt 0 discriminator 2 view .LVU62
 215 003c 2023     		movs	r3, #32
 216 003e 4355     		strb	r3, [r0, r5]
 174:Drivers/STM32F0xx_HAL_Driver/Src/stm32f0xx_hal_i2c_ex.c **** 
 175:Drivers/STM32F0xx_HAL_Driver/Src/stm32f0xx_hal_i2c_ex.c ****     /* Process Unlocked */
 176:Drivers/STM32F0xx_HAL_Driver/Src/stm32f0xx_hal_i2c_ex.c ****     __HAL_UNLOCK(hi2c);
 217              		.loc 1 176 5 is_stmt 1 discriminator 2 view .LVU63
 218              		.loc 1 176 5 discriminator 2 view .LVU64
 219 0040 0023     		movs	r3, #0
 220 0042 0355     		strb	r3, [r0, r4]
 221              		.loc 1 176 5 discriminator 2 view .LVU65
 177:Drivers/STM32F0xx_HAL_Driver/Src/stm32f0xx_hal_i2c_ex.c **** 
ARM GAS  /var/folders/b6/0xn3z77n589c481l0rsth7mc0000gn/T//cc9dZ7I0.s 			page 8


 178:Drivers/STM32F0xx_HAL_Driver/Src/stm32f0xx_hal_i2c_ex.c ****     return HAL_OK;
 222              		.loc 1 178 5 discriminator 2 view .LVU66
 223              		.loc 1 178 12 is_stmt 0 discriminator 2 view .LVU67
 224 0044 0020     		movs	r0, #0
 225              	.LVL14:
 226              	.L8:
 179:Drivers/STM32F0xx_HAL_Driver/Src/stm32f0xx_hal_i2c_ex.c ****   }
 180:Drivers/STM32F0xx_HAL_Driver/Src/stm32f0xx_hal_i2c_ex.c ****   else
 181:Drivers/STM32F0xx_HAL_Driver/Src/stm32f0xx_hal_i2c_ex.c ****   {
 182:Drivers/STM32F0xx_HAL_Driver/Src/stm32f0xx_hal_i2c_ex.c ****     return HAL_BUSY;
 183:Drivers/STM32F0xx_HAL_Driver/Src/stm32f0xx_hal_i2c_ex.c ****   }
 184:Drivers/STM32F0xx_HAL_Driver/Src/stm32f0xx_hal_i2c_ex.c **** }
 227              		.loc 1 184 1 view .LVU68
 228              		@ sp needed
 229 0046 F0BD     		pop	{r4, r5, r6, r7, pc}
 230              	.LVL15:
 231              	.L9:
 182:Drivers/STM32F0xx_HAL_Driver/Src/stm32f0xx_hal_i2c_ex.c ****   }
 232              		.loc 1 182 12 view .LVU69
 233 0048 0220     		movs	r0, #2
 234              	.LVL16:
 182:Drivers/STM32F0xx_HAL_Driver/Src/stm32f0xx_hal_i2c_ex.c ****   }
 235              		.loc 1 182 12 view .LVU70
 236 004a FCE7     		b	.L8
 237              	.LVL17:
 238              	.L10:
 152:Drivers/STM32F0xx_HAL_Driver/Src/stm32f0xx_hal_i2c_ex.c **** 
 239              		.loc 1 152 5 view .LVU71
 240 004c 0220     		movs	r0, #2
 241              	.LVL18:
 152:Drivers/STM32F0xx_HAL_Driver/Src/stm32f0xx_hal_i2c_ex.c **** 
 242              		.loc 1 152 5 view .LVU72
 243 004e FAE7     		b	.L8
 244              	.L12:
 245              		.align	2
 246              	.L11:
 247 0050 FFF0FFFF 		.word	-3841
 248              		.cfi_endproc
 249              	.LFE41:
 251              		.section	.text.HAL_I2CEx_EnableWakeUp,"ax",%progbits
 252              		.align	1
 253              		.global	HAL_I2CEx_EnableWakeUp
 254              		.syntax unified
 255              		.code	16
 256              		.thumb_func
 257              		.fpu softvfp
 259              	HAL_I2CEx_EnableWakeUp:
 260              	.LVL19:
 261              	.LFB42:
 185:Drivers/STM32F0xx_HAL_Driver/Src/stm32f0xx_hal_i2c_ex.c **** /**
 186:Drivers/STM32F0xx_HAL_Driver/Src/stm32f0xx_hal_i2c_ex.c ****   * @}
 187:Drivers/STM32F0xx_HAL_Driver/Src/stm32f0xx_hal_i2c_ex.c ****   */
 188:Drivers/STM32F0xx_HAL_Driver/Src/stm32f0xx_hal_i2c_ex.c **** #if defined(I2C_CR1_WUPEN)
 189:Drivers/STM32F0xx_HAL_Driver/Src/stm32f0xx_hal_i2c_ex.c **** 
 190:Drivers/STM32F0xx_HAL_Driver/Src/stm32f0xx_hal_i2c_ex.c **** /** @defgroup I2CEx_Exported_Functions_Group2 WakeUp Mode Functions
 191:Drivers/STM32F0xx_HAL_Driver/Src/stm32f0xx_hal_i2c_ex.c ****   * @brief    WakeUp Mode Functions
 192:Drivers/STM32F0xx_HAL_Driver/Src/stm32f0xx_hal_i2c_ex.c ****   *
ARM GAS  /var/folders/b6/0xn3z77n589c481l0rsth7mc0000gn/T//cc9dZ7I0.s 			page 9


 193:Drivers/STM32F0xx_HAL_Driver/Src/stm32f0xx_hal_i2c_ex.c **** @verbatim
 194:Drivers/STM32F0xx_HAL_Driver/Src/stm32f0xx_hal_i2c_ex.c ****  ===============================================================================
 195:Drivers/STM32F0xx_HAL_Driver/Src/stm32f0xx_hal_i2c_ex.c ****                       ##### WakeUp Mode Functions #####
 196:Drivers/STM32F0xx_HAL_Driver/Src/stm32f0xx_hal_i2c_ex.c ****  ===============================================================================
 197:Drivers/STM32F0xx_HAL_Driver/Src/stm32f0xx_hal_i2c_ex.c ****     [..] This section provides functions allowing to:
 198:Drivers/STM32F0xx_HAL_Driver/Src/stm32f0xx_hal_i2c_ex.c ****       (+) Configure Wake Up Feature
 199:Drivers/STM32F0xx_HAL_Driver/Src/stm32f0xx_hal_i2c_ex.c **** 
 200:Drivers/STM32F0xx_HAL_Driver/Src/stm32f0xx_hal_i2c_ex.c **** @endverbatim
 201:Drivers/STM32F0xx_HAL_Driver/Src/stm32f0xx_hal_i2c_ex.c ****   * @{
 202:Drivers/STM32F0xx_HAL_Driver/Src/stm32f0xx_hal_i2c_ex.c ****   */
 203:Drivers/STM32F0xx_HAL_Driver/Src/stm32f0xx_hal_i2c_ex.c **** 
 204:Drivers/STM32F0xx_HAL_Driver/Src/stm32f0xx_hal_i2c_ex.c **** /**
 205:Drivers/STM32F0xx_HAL_Driver/Src/stm32f0xx_hal_i2c_ex.c ****   * @brief  Enable I2C wakeup from Stop mode(s).
 206:Drivers/STM32F0xx_HAL_Driver/Src/stm32f0xx_hal_i2c_ex.c ****   * @param  hi2c Pointer to a I2C_HandleTypeDef structure that contains
 207:Drivers/STM32F0xx_HAL_Driver/Src/stm32f0xx_hal_i2c_ex.c ****   *                the configuration information for the specified I2Cx peripheral.
 208:Drivers/STM32F0xx_HAL_Driver/Src/stm32f0xx_hal_i2c_ex.c ****   * @retval HAL status
 209:Drivers/STM32F0xx_HAL_Driver/Src/stm32f0xx_hal_i2c_ex.c ****   */
 210:Drivers/STM32F0xx_HAL_Driver/Src/stm32f0xx_hal_i2c_ex.c **** HAL_StatusTypeDef HAL_I2CEx_EnableWakeUp(I2C_HandleTypeDef *hi2c)
 211:Drivers/STM32F0xx_HAL_Driver/Src/stm32f0xx_hal_i2c_ex.c **** {
 262              		.loc 1 211 1 is_stmt 1 view -0
 263              		.cfi_startproc
 264              		@ args = 0, pretend = 0, frame = 0
 265              		@ frame_needed = 0, uses_anonymous_args = 0
 266              		.loc 1 211 1 is_stmt 0 view .LVU74
 267 0000 70B5     		push	{r4, r5, r6, lr}
 268              		.cfi_def_cfa_offset 16
 269              		.cfi_offset 4, -16
 270              		.cfi_offset 5, -12
 271              		.cfi_offset 6, -8
 272              		.cfi_offset 14, -4
 212:Drivers/STM32F0xx_HAL_Driver/Src/stm32f0xx_hal_i2c_ex.c ****   /* Check the parameters */
 213:Drivers/STM32F0xx_HAL_Driver/Src/stm32f0xx_hal_i2c_ex.c ****   assert_param(IS_I2C_WAKEUP_FROMSTOP_INSTANCE(hi2c->Instance));
 273              		.loc 1 213 3 is_stmt 1 view .LVU75
 214:Drivers/STM32F0xx_HAL_Driver/Src/stm32f0xx_hal_i2c_ex.c **** 
 215:Drivers/STM32F0xx_HAL_Driver/Src/stm32f0xx_hal_i2c_ex.c ****   if (hi2c->State == HAL_I2C_STATE_READY)
 274              		.loc 1 215 3 view .LVU76
 275              		.loc 1 215 11 is_stmt 0 view .LVU77
 276 0002 4123     		movs	r3, #65
 277 0004 C35C     		ldrb	r3, [r0, r3]
 278              		.loc 1 215 6 view .LVU78
 279 0006 202B     		cmp	r3, #32
 280 0008 1DD1     		bne	.L15
 216:Drivers/STM32F0xx_HAL_Driver/Src/stm32f0xx_hal_i2c_ex.c ****   {
 217:Drivers/STM32F0xx_HAL_Driver/Src/stm32f0xx_hal_i2c_ex.c ****     /* Process Locked */
 218:Drivers/STM32F0xx_HAL_Driver/Src/stm32f0xx_hal_i2c_ex.c ****     __HAL_LOCK(hi2c);
 281              		.loc 1 218 5 is_stmt 1 view .LVU79
 282              		.loc 1 218 5 view .LVU80
 283 000a 2033     		adds	r3, r3, #32
 284 000c C35C     		ldrb	r3, [r0, r3]
 285 000e 012B     		cmp	r3, #1
 286 0010 1BD0     		beq	.L16
 287              		.loc 1 218 5 discriminator 2 view .LVU81
 288 0012 4021     		movs	r1, #64
 289 0014 0122     		movs	r2, #1
 290 0016 4254     		strb	r2, [r0, r1]
 291              		.loc 1 218 5 discriminator 2 view .LVU82
 219:Drivers/STM32F0xx_HAL_Driver/Src/stm32f0xx_hal_i2c_ex.c **** 
ARM GAS  /var/folders/b6/0xn3z77n589c481l0rsth7mc0000gn/T//cc9dZ7I0.s 			page 10


 220:Drivers/STM32F0xx_HAL_Driver/Src/stm32f0xx_hal_i2c_ex.c ****     hi2c->State = HAL_I2C_STATE_BUSY;
 292              		.loc 1 220 5 discriminator 2 view .LVU83
 293              		.loc 1 220 17 is_stmt 0 discriminator 2 view .LVU84
 294 0018 4124     		movs	r4, #65
 295 001a 2423     		movs	r3, #36
 296 001c 0355     		strb	r3, [r0, r4]
 221:Drivers/STM32F0xx_HAL_Driver/Src/stm32f0xx_hal_i2c_ex.c **** 
 222:Drivers/STM32F0xx_HAL_Driver/Src/stm32f0xx_hal_i2c_ex.c ****     /* Disable the selected I2C peripheral */
 223:Drivers/STM32F0xx_HAL_Driver/Src/stm32f0xx_hal_i2c_ex.c ****     __HAL_I2C_DISABLE(hi2c);
 297              		.loc 1 223 5 is_stmt 1 discriminator 2 view .LVU85
 298 001e 0568     		ldr	r5, [r0]
 299 0020 2B68     		ldr	r3, [r5]
 300 0022 9343     		bics	r3, r2
 301 0024 2B60     		str	r3, [r5]
 224:Drivers/STM32F0xx_HAL_Driver/Src/stm32f0xx_hal_i2c_ex.c **** 
 225:Drivers/STM32F0xx_HAL_Driver/Src/stm32f0xx_hal_i2c_ex.c ****     /* Enable wakeup from stop mode */
 226:Drivers/STM32F0xx_HAL_Driver/Src/stm32f0xx_hal_i2c_ex.c ****     hi2c->Instance->CR1 |= I2C_CR1_WUPEN;
 302              		.loc 1 226 5 discriminator 2 view .LVU86
 303              		.loc 1 226 9 is_stmt 0 discriminator 2 view .LVU87
 304 0026 0568     		ldr	r5, [r0]
 305              		.loc 1 226 25 discriminator 2 view .LVU88
 306 0028 2E68     		ldr	r6, [r5]
 307 002a 8023     		movs	r3, #128
 308 002c DB02     		lsls	r3, r3, #11
 309 002e 3343     		orrs	r3, r6
 310 0030 2B60     		str	r3, [r5]
 227:Drivers/STM32F0xx_HAL_Driver/Src/stm32f0xx_hal_i2c_ex.c **** 
 228:Drivers/STM32F0xx_HAL_Driver/Src/stm32f0xx_hal_i2c_ex.c ****     __HAL_I2C_ENABLE(hi2c);
 311              		.loc 1 228 5 is_stmt 1 discriminator 2 view .LVU89
 312 0032 0568     		ldr	r5, [r0]
 313 0034 2B68     		ldr	r3, [r5]
 314 0036 1343     		orrs	r3, r2
 315 0038 2B60     		str	r3, [r5]
 229:Drivers/STM32F0xx_HAL_Driver/Src/stm32f0xx_hal_i2c_ex.c **** 
 230:Drivers/STM32F0xx_HAL_Driver/Src/stm32f0xx_hal_i2c_ex.c ****     hi2c->State = HAL_I2C_STATE_READY;
 316              		.loc 1 230 5 discriminator 2 view .LVU90
 317              		.loc 1 230 17 is_stmt 0 discriminator 2 view .LVU91
 318 003a 2023     		movs	r3, #32
 319 003c 0355     		strb	r3, [r0, r4]
 231:Drivers/STM32F0xx_HAL_Driver/Src/stm32f0xx_hal_i2c_ex.c **** 
 232:Drivers/STM32F0xx_HAL_Driver/Src/stm32f0xx_hal_i2c_ex.c ****     /* Process Unlocked */
 233:Drivers/STM32F0xx_HAL_Driver/Src/stm32f0xx_hal_i2c_ex.c ****     __HAL_UNLOCK(hi2c);
 320              		.loc 1 233 5 is_stmt 1 discriminator 2 view .LVU92
 321              		.loc 1 233 5 discriminator 2 view .LVU93
 322 003e 0023     		movs	r3, #0
 323 0040 4354     		strb	r3, [r0, r1]
 324              		.loc 1 233 5 discriminator 2 view .LVU94
 234:Drivers/STM32F0xx_HAL_Driver/Src/stm32f0xx_hal_i2c_ex.c **** 
 235:Drivers/STM32F0xx_HAL_Driver/Src/stm32f0xx_hal_i2c_ex.c ****     return HAL_OK;
 325              		.loc 1 235 5 discriminator 2 view .LVU95
 326              		.loc 1 235 12 is_stmt 0 discriminator 2 view .LVU96
 327 0042 0020     		movs	r0, #0
 328              	.LVL20:
 329              	.L14:
 236:Drivers/STM32F0xx_HAL_Driver/Src/stm32f0xx_hal_i2c_ex.c ****   }
 237:Drivers/STM32F0xx_HAL_Driver/Src/stm32f0xx_hal_i2c_ex.c ****   else
 238:Drivers/STM32F0xx_HAL_Driver/Src/stm32f0xx_hal_i2c_ex.c ****   {
ARM GAS  /var/folders/b6/0xn3z77n589c481l0rsth7mc0000gn/T//cc9dZ7I0.s 			page 11


 239:Drivers/STM32F0xx_HAL_Driver/Src/stm32f0xx_hal_i2c_ex.c ****     return HAL_BUSY;
 240:Drivers/STM32F0xx_HAL_Driver/Src/stm32f0xx_hal_i2c_ex.c ****   }
 241:Drivers/STM32F0xx_HAL_Driver/Src/stm32f0xx_hal_i2c_ex.c **** }
 330              		.loc 1 241 1 view .LVU97
 331              		@ sp needed
 332 0044 70BD     		pop	{r4, r5, r6, pc}
 333              	.LVL21:
 334              	.L15:
 239:Drivers/STM32F0xx_HAL_Driver/Src/stm32f0xx_hal_i2c_ex.c ****   }
 335              		.loc 1 239 12 view .LVU98
 336 0046 0220     		movs	r0, #2
 337              	.LVL22:
 239:Drivers/STM32F0xx_HAL_Driver/Src/stm32f0xx_hal_i2c_ex.c ****   }
 338              		.loc 1 239 12 view .LVU99
 339 0048 FCE7     		b	.L14
 340              	.LVL23:
 341              	.L16:
 218:Drivers/STM32F0xx_HAL_Driver/Src/stm32f0xx_hal_i2c_ex.c **** 
 342              		.loc 1 218 5 view .LVU100
 343 004a 0220     		movs	r0, #2
 344              	.LVL24:
 218:Drivers/STM32F0xx_HAL_Driver/Src/stm32f0xx_hal_i2c_ex.c **** 
 345              		.loc 1 218 5 view .LVU101
 346 004c FAE7     		b	.L14
 347              		.cfi_endproc
 348              	.LFE42:
 350              		.section	.text.HAL_I2CEx_DisableWakeUp,"ax",%progbits
 351              		.align	1
 352              		.global	HAL_I2CEx_DisableWakeUp
 353              		.syntax unified
 354              		.code	16
 355              		.thumb_func
 356              		.fpu softvfp
 358              	HAL_I2CEx_DisableWakeUp:
 359              	.LVL25:
 360              	.LFB43:
 242:Drivers/STM32F0xx_HAL_Driver/Src/stm32f0xx_hal_i2c_ex.c **** 
 243:Drivers/STM32F0xx_HAL_Driver/Src/stm32f0xx_hal_i2c_ex.c **** /**
 244:Drivers/STM32F0xx_HAL_Driver/Src/stm32f0xx_hal_i2c_ex.c ****   * @brief  Disable I2C wakeup from Stop mode(s).
 245:Drivers/STM32F0xx_HAL_Driver/Src/stm32f0xx_hal_i2c_ex.c ****   * @param  hi2c Pointer to a I2C_HandleTypeDef structure that contains
 246:Drivers/STM32F0xx_HAL_Driver/Src/stm32f0xx_hal_i2c_ex.c ****   *                the configuration information for the specified I2Cx peripheral.
 247:Drivers/STM32F0xx_HAL_Driver/Src/stm32f0xx_hal_i2c_ex.c ****   * @retval HAL status
 248:Drivers/STM32F0xx_HAL_Driver/Src/stm32f0xx_hal_i2c_ex.c ****   */
 249:Drivers/STM32F0xx_HAL_Driver/Src/stm32f0xx_hal_i2c_ex.c **** HAL_StatusTypeDef HAL_I2CEx_DisableWakeUp(I2C_HandleTypeDef *hi2c)
 250:Drivers/STM32F0xx_HAL_Driver/Src/stm32f0xx_hal_i2c_ex.c **** {
 361              		.loc 1 250 1 is_stmt 1 view -0
 362              		.cfi_startproc
 363              		@ args = 0, pretend = 0, frame = 0
 364              		@ frame_needed = 0, uses_anonymous_args = 0
 365              		.loc 1 250 1 is_stmt 0 view .LVU103
 366 0000 70B5     		push	{r4, r5, r6, lr}
 367              		.cfi_def_cfa_offset 16
 368              		.cfi_offset 4, -16
 369              		.cfi_offset 5, -12
 370              		.cfi_offset 6, -8
 371              		.cfi_offset 14, -4
 251:Drivers/STM32F0xx_HAL_Driver/Src/stm32f0xx_hal_i2c_ex.c ****   /* Check the parameters */
ARM GAS  /var/folders/b6/0xn3z77n589c481l0rsth7mc0000gn/T//cc9dZ7I0.s 			page 12


 252:Drivers/STM32F0xx_HAL_Driver/Src/stm32f0xx_hal_i2c_ex.c ****   assert_param(IS_I2C_WAKEUP_FROMSTOP_INSTANCE(hi2c->Instance));
 372              		.loc 1 252 3 is_stmt 1 view .LVU104
 253:Drivers/STM32F0xx_HAL_Driver/Src/stm32f0xx_hal_i2c_ex.c **** 
 254:Drivers/STM32F0xx_HAL_Driver/Src/stm32f0xx_hal_i2c_ex.c ****   if (hi2c->State == HAL_I2C_STATE_READY)
 373              		.loc 1 254 3 view .LVU105
 374              		.loc 1 254 11 is_stmt 0 view .LVU106
 375 0002 4123     		movs	r3, #65
 376 0004 C35C     		ldrb	r3, [r0, r3]
 377              		.loc 1 254 6 view .LVU107
 378 0006 202B     		cmp	r3, #32
 379 0008 1CD1     		bne	.L19
 255:Drivers/STM32F0xx_HAL_Driver/Src/stm32f0xx_hal_i2c_ex.c ****   {
 256:Drivers/STM32F0xx_HAL_Driver/Src/stm32f0xx_hal_i2c_ex.c ****     /* Process Locked */
 257:Drivers/STM32F0xx_HAL_Driver/Src/stm32f0xx_hal_i2c_ex.c ****     __HAL_LOCK(hi2c);
 380              		.loc 1 257 5 is_stmt 1 view .LVU108
 381              		.loc 1 257 5 view .LVU109
 382 000a 2033     		adds	r3, r3, #32
 383 000c C35C     		ldrb	r3, [r0, r3]
 384 000e 012B     		cmp	r3, #1
 385 0010 1AD0     		beq	.L20
 386              		.loc 1 257 5 discriminator 2 view .LVU110
 387 0012 4021     		movs	r1, #64
 388 0014 0122     		movs	r2, #1
 389 0016 4254     		strb	r2, [r0, r1]
 390              		.loc 1 257 5 discriminator 2 view .LVU111
 258:Drivers/STM32F0xx_HAL_Driver/Src/stm32f0xx_hal_i2c_ex.c **** 
 259:Drivers/STM32F0xx_HAL_Driver/Src/stm32f0xx_hal_i2c_ex.c ****     hi2c->State = HAL_I2C_STATE_BUSY;
 391              		.loc 1 259 5 discriminator 2 view .LVU112
 392              		.loc 1 259 17 is_stmt 0 discriminator 2 view .LVU113
 393 0018 4124     		movs	r4, #65
 394 001a 2423     		movs	r3, #36
 395 001c 0355     		strb	r3, [r0, r4]
 260:Drivers/STM32F0xx_HAL_Driver/Src/stm32f0xx_hal_i2c_ex.c **** 
 261:Drivers/STM32F0xx_HAL_Driver/Src/stm32f0xx_hal_i2c_ex.c ****     /* Disable the selected I2C peripheral */
 262:Drivers/STM32F0xx_HAL_Driver/Src/stm32f0xx_hal_i2c_ex.c ****     __HAL_I2C_DISABLE(hi2c);
 396              		.loc 1 262 5 is_stmt 1 discriminator 2 view .LVU114
 397 001e 0568     		ldr	r5, [r0]
 398 0020 2B68     		ldr	r3, [r5]
 399 0022 9343     		bics	r3, r2
 400 0024 2B60     		str	r3, [r5]
 263:Drivers/STM32F0xx_HAL_Driver/Src/stm32f0xx_hal_i2c_ex.c **** 
 264:Drivers/STM32F0xx_HAL_Driver/Src/stm32f0xx_hal_i2c_ex.c ****     /* Enable wakeup from stop mode */
 265:Drivers/STM32F0xx_HAL_Driver/Src/stm32f0xx_hal_i2c_ex.c ****     hi2c->Instance->CR1 &= ~(I2C_CR1_WUPEN);
 401              		.loc 1 265 5 discriminator 2 view .LVU115
 402              		.loc 1 265 9 is_stmt 0 discriminator 2 view .LVU116
 403 0026 0568     		ldr	r5, [r0]
 404              		.loc 1 265 25 discriminator 2 view .LVU117
 405 0028 2B68     		ldr	r3, [r5]
 406 002a 084E     		ldr	r6, .L21
 407 002c 3340     		ands	r3, r6
 408 002e 2B60     		str	r3, [r5]
 266:Drivers/STM32F0xx_HAL_Driver/Src/stm32f0xx_hal_i2c_ex.c **** 
 267:Drivers/STM32F0xx_HAL_Driver/Src/stm32f0xx_hal_i2c_ex.c ****     __HAL_I2C_ENABLE(hi2c);
 409              		.loc 1 267 5 is_stmt 1 discriminator 2 view .LVU118
 410 0030 0568     		ldr	r5, [r0]
 411 0032 2B68     		ldr	r3, [r5]
 412 0034 1343     		orrs	r3, r2
ARM GAS  /var/folders/b6/0xn3z77n589c481l0rsth7mc0000gn/T//cc9dZ7I0.s 			page 13


 413 0036 2B60     		str	r3, [r5]
 268:Drivers/STM32F0xx_HAL_Driver/Src/stm32f0xx_hal_i2c_ex.c **** 
 269:Drivers/STM32F0xx_HAL_Driver/Src/stm32f0xx_hal_i2c_ex.c ****     hi2c->State = HAL_I2C_STATE_READY;
 414              		.loc 1 269 5 discriminator 2 view .LVU119
 415              		.loc 1 269 17 is_stmt 0 discriminator 2 view .LVU120
 416 0038 2023     		movs	r3, #32
 417 003a 0355     		strb	r3, [r0, r4]
 270:Drivers/STM32F0xx_HAL_Driver/Src/stm32f0xx_hal_i2c_ex.c **** 
 271:Drivers/STM32F0xx_HAL_Driver/Src/stm32f0xx_hal_i2c_ex.c ****     /* Process Unlocked */
 272:Drivers/STM32F0xx_HAL_Driver/Src/stm32f0xx_hal_i2c_ex.c ****     __HAL_UNLOCK(hi2c);
 418              		.loc 1 272 5 is_stmt 1 discriminator 2 view .LVU121
 419              		.loc 1 272 5 discriminator 2 view .LVU122
 420 003c 0023     		movs	r3, #0
 421 003e 4354     		strb	r3, [r0, r1]
 422              		.loc 1 272 5 discriminator 2 view .LVU123
 273:Drivers/STM32F0xx_HAL_Driver/Src/stm32f0xx_hal_i2c_ex.c **** 
 274:Drivers/STM32F0xx_HAL_Driver/Src/stm32f0xx_hal_i2c_ex.c ****     return HAL_OK;
 423              		.loc 1 274 5 discriminator 2 view .LVU124
 424              		.loc 1 274 12 is_stmt 0 discriminator 2 view .LVU125
 425 0040 0020     		movs	r0, #0
 426              	.LVL26:
 427              	.L18:
 275:Drivers/STM32F0xx_HAL_Driver/Src/stm32f0xx_hal_i2c_ex.c ****   }
 276:Drivers/STM32F0xx_HAL_Driver/Src/stm32f0xx_hal_i2c_ex.c ****   else
 277:Drivers/STM32F0xx_HAL_Driver/Src/stm32f0xx_hal_i2c_ex.c ****   {
 278:Drivers/STM32F0xx_HAL_Driver/Src/stm32f0xx_hal_i2c_ex.c ****     return HAL_BUSY;
 279:Drivers/STM32F0xx_HAL_Driver/Src/stm32f0xx_hal_i2c_ex.c ****   }
 280:Drivers/STM32F0xx_HAL_Driver/Src/stm32f0xx_hal_i2c_ex.c **** }
 428              		.loc 1 280 1 view .LVU126
 429              		@ sp needed
 430 0042 70BD     		pop	{r4, r5, r6, pc}
 431              	.LVL27:
 432              	.L19:
 278:Drivers/STM32F0xx_HAL_Driver/Src/stm32f0xx_hal_i2c_ex.c ****   }
 433              		.loc 1 278 12 view .LVU127
 434 0044 0220     		movs	r0, #2
 435              	.LVL28:
 278:Drivers/STM32F0xx_HAL_Driver/Src/stm32f0xx_hal_i2c_ex.c ****   }
 436              		.loc 1 278 12 view .LVU128
 437 0046 FCE7     		b	.L18
 438              	.LVL29:
 439              	.L20:
 257:Drivers/STM32F0xx_HAL_Driver/Src/stm32f0xx_hal_i2c_ex.c **** 
 440              		.loc 1 257 5 view .LVU129
 441 0048 0220     		movs	r0, #2
 442              	.LVL30:
 257:Drivers/STM32F0xx_HAL_Driver/Src/stm32f0xx_hal_i2c_ex.c **** 
 443              		.loc 1 257 5 view .LVU130
 444 004a FAE7     		b	.L18
 445              	.L22:
 446              		.align	2
 447              	.L21:
 448 004c FFFFFBFF 		.word	-262145
 449              		.cfi_endproc
 450              	.LFE43:
 452              		.section	.text.HAL_I2CEx_EnableFastModePlus,"ax",%progbits
 453              		.align	1
ARM GAS  /var/folders/b6/0xn3z77n589c481l0rsth7mc0000gn/T//cc9dZ7I0.s 			page 14


 454              		.global	HAL_I2CEx_EnableFastModePlus
 455              		.syntax unified
 456              		.code	16
 457              		.thumb_func
 458              		.fpu softvfp
 460              	HAL_I2CEx_EnableFastModePlus:
 461              	.LVL31:
 462              	.LFB44:
 281:Drivers/STM32F0xx_HAL_Driver/Src/stm32f0xx_hal_i2c_ex.c **** /**
 282:Drivers/STM32F0xx_HAL_Driver/Src/stm32f0xx_hal_i2c_ex.c ****   * @}
 283:Drivers/STM32F0xx_HAL_Driver/Src/stm32f0xx_hal_i2c_ex.c ****   */
 284:Drivers/STM32F0xx_HAL_Driver/Src/stm32f0xx_hal_i2c_ex.c **** #endif /* I2C_CR1_WUPEN */
 285:Drivers/STM32F0xx_HAL_Driver/Src/stm32f0xx_hal_i2c_ex.c **** 
 286:Drivers/STM32F0xx_HAL_Driver/Src/stm32f0xx_hal_i2c_ex.c **** /** @defgroup I2CEx_Exported_Functions_Group3 Fast Mode Plus Functions
 287:Drivers/STM32F0xx_HAL_Driver/Src/stm32f0xx_hal_i2c_ex.c ****   * @brief    Fast Mode Plus Functions
 288:Drivers/STM32F0xx_HAL_Driver/Src/stm32f0xx_hal_i2c_ex.c ****   *
 289:Drivers/STM32F0xx_HAL_Driver/Src/stm32f0xx_hal_i2c_ex.c **** @verbatim
 290:Drivers/STM32F0xx_HAL_Driver/Src/stm32f0xx_hal_i2c_ex.c ****  ===============================================================================
 291:Drivers/STM32F0xx_HAL_Driver/Src/stm32f0xx_hal_i2c_ex.c ****                       ##### Fast Mode Plus Functions #####
 292:Drivers/STM32F0xx_HAL_Driver/Src/stm32f0xx_hal_i2c_ex.c ****  ===============================================================================
 293:Drivers/STM32F0xx_HAL_Driver/Src/stm32f0xx_hal_i2c_ex.c ****     [..] This section provides functions allowing to:
 294:Drivers/STM32F0xx_HAL_Driver/Src/stm32f0xx_hal_i2c_ex.c ****       (+) Configure Fast Mode Plus
 295:Drivers/STM32F0xx_HAL_Driver/Src/stm32f0xx_hal_i2c_ex.c **** 
 296:Drivers/STM32F0xx_HAL_Driver/Src/stm32f0xx_hal_i2c_ex.c **** @endverbatim
 297:Drivers/STM32F0xx_HAL_Driver/Src/stm32f0xx_hal_i2c_ex.c ****   * @{
 298:Drivers/STM32F0xx_HAL_Driver/Src/stm32f0xx_hal_i2c_ex.c ****   */
 299:Drivers/STM32F0xx_HAL_Driver/Src/stm32f0xx_hal_i2c_ex.c **** 
 300:Drivers/STM32F0xx_HAL_Driver/Src/stm32f0xx_hal_i2c_ex.c **** /**
 301:Drivers/STM32F0xx_HAL_Driver/Src/stm32f0xx_hal_i2c_ex.c ****   * @brief Enable the I2C fast mode plus driving capability.
 302:Drivers/STM32F0xx_HAL_Driver/Src/stm32f0xx_hal_i2c_ex.c ****   * @param ConfigFastModePlus Selects the pin.
 303:Drivers/STM32F0xx_HAL_Driver/Src/stm32f0xx_hal_i2c_ex.c ****   *   This parameter can be one of the @ref I2CEx_FastModePlus values
 304:Drivers/STM32F0xx_HAL_Driver/Src/stm32f0xx_hal_i2c_ex.c ****   * @note  For I2C1, fast mode plus driving capability can be enabled on all selected
 305:Drivers/STM32F0xx_HAL_Driver/Src/stm32f0xx_hal_i2c_ex.c ****   *        I2C1 pins using I2C_FASTMODEPLUS_I2C1 parameter or independently
 306:Drivers/STM32F0xx_HAL_Driver/Src/stm32f0xx_hal_i2c_ex.c ****   *        on each one of the following pins PB6, PB7, PB8 and PB9.
 307:Drivers/STM32F0xx_HAL_Driver/Src/stm32f0xx_hal_i2c_ex.c ****   * @note  For remaining I2C1 pins (PA14, PA15...) fast mode plus driving capability
 308:Drivers/STM32F0xx_HAL_Driver/Src/stm32f0xx_hal_i2c_ex.c ****   *        can be enabled only by using I2C_FASTMODEPLUS_I2C1 parameter.
 309:Drivers/STM32F0xx_HAL_Driver/Src/stm32f0xx_hal_i2c_ex.c ****   * @note  For all I2C2 pins fast mode plus driving capability can be enabled
 310:Drivers/STM32F0xx_HAL_Driver/Src/stm32f0xx_hal_i2c_ex.c ****   *        only by using I2C_FASTMODEPLUS_I2C2 parameter.
 311:Drivers/STM32F0xx_HAL_Driver/Src/stm32f0xx_hal_i2c_ex.c ****   * @retval None
 312:Drivers/STM32F0xx_HAL_Driver/Src/stm32f0xx_hal_i2c_ex.c ****   */
 313:Drivers/STM32F0xx_HAL_Driver/Src/stm32f0xx_hal_i2c_ex.c **** void HAL_I2CEx_EnableFastModePlus(uint32_t ConfigFastModePlus)
 314:Drivers/STM32F0xx_HAL_Driver/Src/stm32f0xx_hal_i2c_ex.c **** {
 463              		.loc 1 314 1 is_stmt 1 view -0
 464              		.cfi_startproc
 465              		@ args = 0, pretend = 0, frame = 8
 466              		@ frame_needed = 0, uses_anonymous_args = 0
 467              		@ link register save eliminated.
 468              		.loc 1 314 1 is_stmt 0 view .LVU132
 469 0000 82B0     		sub	sp, sp, #8
 470              		.cfi_def_cfa_offset 8
 315:Drivers/STM32F0xx_HAL_Driver/Src/stm32f0xx_hal_i2c_ex.c ****   /* Check the parameter */
 316:Drivers/STM32F0xx_HAL_Driver/Src/stm32f0xx_hal_i2c_ex.c ****   assert_param(IS_I2C_FASTMODEPLUS(ConfigFastModePlus));
 471              		.loc 1 316 3 is_stmt 1 view .LVU133
 317:Drivers/STM32F0xx_HAL_Driver/Src/stm32f0xx_hal_i2c_ex.c **** 
 318:Drivers/STM32F0xx_HAL_Driver/Src/stm32f0xx_hal_i2c_ex.c ****   /* Enable SYSCFG clock */
 319:Drivers/STM32F0xx_HAL_Driver/Src/stm32f0xx_hal_i2c_ex.c ****   __HAL_RCC_SYSCFG_CLK_ENABLE();
 472              		.loc 1 319 3 view .LVU134
ARM GAS  /var/folders/b6/0xn3z77n589c481l0rsth7mc0000gn/T//cc9dZ7I0.s 			page 15


 473              	.LBB2:
 474              		.loc 1 319 3 view .LVU135
 475              		.loc 1 319 3 view .LVU136
 476 0002 074A     		ldr	r2, .L24
 477 0004 9169     		ldr	r1, [r2, #24]
 478 0006 0123     		movs	r3, #1
 479 0008 1943     		orrs	r1, r3
 480 000a 9161     		str	r1, [r2, #24]
 481              		.loc 1 319 3 view .LVU137
 482 000c 9269     		ldr	r2, [r2, #24]
 483 000e 1340     		ands	r3, r2
 484 0010 0193     		str	r3, [sp, #4]
 485              		.loc 1 319 3 view .LVU138
 486 0012 019B     		ldr	r3, [sp, #4]
 487              	.LBE2:
 488              		.loc 1 319 3 view .LVU139
 320:Drivers/STM32F0xx_HAL_Driver/Src/stm32f0xx_hal_i2c_ex.c **** 
 321:Drivers/STM32F0xx_HAL_Driver/Src/stm32f0xx_hal_i2c_ex.c ****   /* Enable fast mode plus driving capability for selected pin */
 322:Drivers/STM32F0xx_HAL_Driver/Src/stm32f0xx_hal_i2c_ex.c ****   SET_BIT(SYSCFG->CFGR1, (uint32_t)ConfigFastModePlus);
 489              		.loc 1 322 3 view .LVU140
 490 0014 034A     		ldr	r2, .L24+4
 491 0016 1368     		ldr	r3, [r2]
 492 0018 0343     		orrs	r3, r0
 493 001a 1360     		str	r3, [r2]
 323:Drivers/STM32F0xx_HAL_Driver/Src/stm32f0xx_hal_i2c_ex.c **** }
 494              		.loc 1 323 1 is_stmt 0 view .LVU141
 495 001c 02B0     		add	sp, sp, #8
 496              		@ sp needed
 497 001e 7047     		bx	lr
 498              	.L25:
 499              		.align	2
 500              	.L24:
 501 0020 00100240 		.word	1073876992
 502 0024 00000140 		.word	1073807360
 503              		.cfi_endproc
 504              	.LFE44:
 506              		.section	.text.HAL_I2CEx_DisableFastModePlus,"ax",%progbits
 507              		.align	1
 508              		.global	HAL_I2CEx_DisableFastModePlus
 509              		.syntax unified
 510              		.code	16
 511              		.thumb_func
 512              		.fpu softvfp
 514              	HAL_I2CEx_DisableFastModePlus:
 515              	.LVL32:
 516              	.LFB45:
 324:Drivers/STM32F0xx_HAL_Driver/Src/stm32f0xx_hal_i2c_ex.c **** 
 325:Drivers/STM32F0xx_HAL_Driver/Src/stm32f0xx_hal_i2c_ex.c **** /**
 326:Drivers/STM32F0xx_HAL_Driver/Src/stm32f0xx_hal_i2c_ex.c ****   * @brief Disable the I2C fast mode plus driving capability.
 327:Drivers/STM32F0xx_HAL_Driver/Src/stm32f0xx_hal_i2c_ex.c ****   * @param ConfigFastModePlus Selects the pin.
 328:Drivers/STM32F0xx_HAL_Driver/Src/stm32f0xx_hal_i2c_ex.c ****   *   This parameter can be one of the @ref I2CEx_FastModePlus values
 329:Drivers/STM32F0xx_HAL_Driver/Src/stm32f0xx_hal_i2c_ex.c ****   * @note  For I2C1, fast mode plus driving capability can be disabled on all selected
 330:Drivers/STM32F0xx_HAL_Driver/Src/stm32f0xx_hal_i2c_ex.c ****   *        I2C1 pins using I2C_FASTMODEPLUS_I2C1 parameter or independently
 331:Drivers/STM32F0xx_HAL_Driver/Src/stm32f0xx_hal_i2c_ex.c ****   *        on each one of the following pins PB6, PB7, PB8 and PB9.
 332:Drivers/STM32F0xx_HAL_Driver/Src/stm32f0xx_hal_i2c_ex.c ****   * @note  For remaining I2C1 pins (PA14, PA15...) fast mode plus driving capability
 333:Drivers/STM32F0xx_HAL_Driver/Src/stm32f0xx_hal_i2c_ex.c ****   *        can be disabled only by using I2C_FASTMODEPLUS_I2C1 parameter.
 334:Drivers/STM32F0xx_HAL_Driver/Src/stm32f0xx_hal_i2c_ex.c ****   * @note  For all I2C2 pins fast mode plus driving capability can be disabled
ARM GAS  /var/folders/b6/0xn3z77n589c481l0rsth7mc0000gn/T//cc9dZ7I0.s 			page 16


 335:Drivers/STM32F0xx_HAL_Driver/Src/stm32f0xx_hal_i2c_ex.c ****   *        only by using I2C_FASTMODEPLUS_I2C2 parameter.
 336:Drivers/STM32F0xx_HAL_Driver/Src/stm32f0xx_hal_i2c_ex.c ****   * @retval None
 337:Drivers/STM32F0xx_HAL_Driver/Src/stm32f0xx_hal_i2c_ex.c ****   */
 338:Drivers/STM32F0xx_HAL_Driver/Src/stm32f0xx_hal_i2c_ex.c **** void HAL_I2CEx_DisableFastModePlus(uint32_t ConfigFastModePlus)
 339:Drivers/STM32F0xx_HAL_Driver/Src/stm32f0xx_hal_i2c_ex.c **** {
 517              		.loc 1 339 1 is_stmt 1 view -0
 518              		.cfi_startproc
 519              		@ args = 0, pretend = 0, frame = 8
 520              		@ frame_needed = 0, uses_anonymous_args = 0
 521              		@ link register save eliminated.
 522              		.loc 1 339 1 is_stmt 0 view .LVU143
 523 0000 82B0     		sub	sp, sp, #8
 524              		.cfi_def_cfa_offset 8
 340:Drivers/STM32F0xx_HAL_Driver/Src/stm32f0xx_hal_i2c_ex.c ****   /* Check the parameter */
 341:Drivers/STM32F0xx_HAL_Driver/Src/stm32f0xx_hal_i2c_ex.c ****   assert_param(IS_I2C_FASTMODEPLUS(ConfigFastModePlus));
 525              		.loc 1 341 3 is_stmt 1 view .LVU144
 342:Drivers/STM32F0xx_HAL_Driver/Src/stm32f0xx_hal_i2c_ex.c **** 
 343:Drivers/STM32F0xx_HAL_Driver/Src/stm32f0xx_hal_i2c_ex.c ****   /* Enable SYSCFG clock */
 344:Drivers/STM32F0xx_HAL_Driver/Src/stm32f0xx_hal_i2c_ex.c ****   __HAL_RCC_SYSCFG_CLK_ENABLE();
 526              		.loc 1 344 3 view .LVU145
 527              	.LBB3:
 528              		.loc 1 344 3 view .LVU146
 529              		.loc 1 344 3 view .LVU147
 530 0002 074A     		ldr	r2, .L27
 531 0004 9169     		ldr	r1, [r2, #24]
 532 0006 0123     		movs	r3, #1
 533 0008 1943     		orrs	r1, r3
 534 000a 9161     		str	r1, [r2, #24]
 535              		.loc 1 344 3 view .LVU148
 536 000c 9269     		ldr	r2, [r2, #24]
 537 000e 1340     		ands	r3, r2
 538 0010 0193     		str	r3, [sp, #4]
 539              		.loc 1 344 3 view .LVU149
 540 0012 019B     		ldr	r3, [sp, #4]
 541              	.LBE3:
 542              		.loc 1 344 3 view .LVU150
 345:Drivers/STM32F0xx_HAL_Driver/Src/stm32f0xx_hal_i2c_ex.c **** 
 346:Drivers/STM32F0xx_HAL_Driver/Src/stm32f0xx_hal_i2c_ex.c ****   /* Disable fast mode plus driving capability for selected pin */
 347:Drivers/STM32F0xx_HAL_Driver/Src/stm32f0xx_hal_i2c_ex.c ****   CLEAR_BIT(SYSCFG->CFGR1, (uint32_t)ConfigFastModePlus);
 543              		.loc 1 347 3 view .LVU151
 544 0014 034A     		ldr	r2, .L27+4
 545 0016 1368     		ldr	r3, [r2]
 546 0018 8343     		bics	r3, r0
 547 001a 1360     		str	r3, [r2]
 348:Drivers/STM32F0xx_HAL_Driver/Src/stm32f0xx_hal_i2c_ex.c **** }
 548              		.loc 1 348 1 is_stmt 0 view .LVU152
 549 001c 02B0     		add	sp, sp, #8
 550              		@ sp needed
 551 001e 7047     		bx	lr
 552              	.L28:
 553              		.align	2
 554              	.L27:
 555 0020 00100240 		.word	1073876992
 556 0024 00000140 		.word	1073807360
 557              		.cfi_endproc
 558              	.LFE45:
 560              		.text
ARM GAS  /var/folders/b6/0xn3z77n589c481l0rsth7mc0000gn/T//cc9dZ7I0.s 			page 17


 561              	.Letext0:
 562              		.file 2 "/usr/local/Cellar/arm-gcc-bin@10/10-2020-q4-major/arm-none-eabi/include/machine/_default_
 563              		.file 3 "/usr/local/Cellar/arm-gcc-bin@10/10-2020-q4-major/arm-none-eabi/include/sys/_stdint.h"
 564              		.file 4 "Drivers/CMSIS/Device/ST/STM32F0xx/Include/stm32f051x8.h"
 565              		.file 5 "Drivers/STM32F0xx_HAL_Driver/Inc/stm32f0xx_hal_def.h"
 566              		.file 6 "Drivers/STM32F0xx_HAL_Driver/Inc/stm32f0xx_hal_dma.h"
 567              		.file 7 "Drivers/STM32F0xx_HAL_Driver/Inc/stm32f0xx_hal_i2c.h"
ARM GAS  /var/folders/b6/0xn3z77n589c481l0rsth7mc0000gn/T//cc9dZ7I0.s 			page 18


DEFINED SYMBOLS
                            *ABS*:0000000000000000 stm32f0xx_hal_i2c_ex.c
/var/folders/b6/0xn3z77n589c481l0rsth7mc0000gn/T//cc9dZ7I0.s:16     .text.HAL_I2CEx_ConfigAnalogFilter:0000000000000000 $t
/var/folders/b6/0xn3z77n589c481l0rsth7mc0000gn/T//cc9dZ7I0.s:24     .text.HAL_I2CEx_ConfigAnalogFilter:0000000000000000 HAL_I2CEx_ConfigAnalogFilter
/var/folders/b6/0xn3z77n589c481l0rsth7mc0000gn/T//cc9dZ7I0.s:126    .text.HAL_I2CEx_ConfigAnalogFilter:0000000000000054 $d
/var/folders/b6/0xn3z77n589c481l0rsth7mc0000gn/T//cc9dZ7I0.s:131    .text.HAL_I2CEx_ConfigDigitalFilter:0000000000000000 $t
/var/folders/b6/0xn3z77n589c481l0rsth7mc0000gn/T//cc9dZ7I0.s:138    .text.HAL_I2CEx_ConfigDigitalFilter:0000000000000000 HAL_I2CEx_ConfigDigitalFilter
/var/folders/b6/0xn3z77n589c481l0rsth7mc0000gn/T//cc9dZ7I0.s:247    .text.HAL_I2CEx_ConfigDigitalFilter:0000000000000050 $d
/var/folders/b6/0xn3z77n589c481l0rsth7mc0000gn/T//cc9dZ7I0.s:252    .text.HAL_I2CEx_EnableWakeUp:0000000000000000 $t
/var/folders/b6/0xn3z77n589c481l0rsth7mc0000gn/T//cc9dZ7I0.s:259    .text.HAL_I2CEx_EnableWakeUp:0000000000000000 HAL_I2CEx_EnableWakeUp
/var/folders/b6/0xn3z77n589c481l0rsth7mc0000gn/T//cc9dZ7I0.s:351    .text.HAL_I2CEx_DisableWakeUp:0000000000000000 $t
/var/folders/b6/0xn3z77n589c481l0rsth7mc0000gn/T//cc9dZ7I0.s:358    .text.HAL_I2CEx_DisableWakeUp:0000000000000000 HAL_I2CEx_DisableWakeUp
/var/folders/b6/0xn3z77n589c481l0rsth7mc0000gn/T//cc9dZ7I0.s:448    .text.HAL_I2CEx_DisableWakeUp:000000000000004c $d
/var/folders/b6/0xn3z77n589c481l0rsth7mc0000gn/T//cc9dZ7I0.s:453    .text.HAL_I2CEx_EnableFastModePlus:0000000000000000 $t
/var/folders/b6/0xn3z77n589c481l0rsth7mc0000gn/T//cc9dZ7I0.s:460    .text.HAL_I2CEx_EnableFastModePlus:0000000000000000 HAL_I2CEx_EnableFastModePlus
/var/folders/b6/0xn3z77n589c481l0rsth7mc0000gn/T//cc9dZ7I0.s:501    .text.HAL_I2CEx_EnableFastModePlus:0000000000000020 $d
/var/folders/b6/0xn3z77n589c481l0rsth7mc0000gn/T//cc9dZ7I0.s:507    .text.HAL_I2CEx_DisableFastModePlus:0000000000000000 $t
/var/folders/b6/0xn3z77n589c481l0rsth7mc0000gn/T//cc9dZ7I0.s:514    .text.HAL_I2CEx_DisableFastModePlus:0000000000000000 HAL_I2CEx_DisableFastModePlus
/var/folders/b6/0xn3z77n589c481l0rsth7mc0000gn/T//cc9dZ7I0.s:555    .text.HAL_I2CEx_DisableFastModePlus:0000000000000020 $d

NO UNDEFINED SYMBOLS
