ARM GAS  /var/folders/b6/0xn3z77n589c481l0rsth7mc0000gn/T//ccZntZy1.s 			page 1


   1              		.cpu cortex-m0
   2              		.eabi_attribute 20, 1
   3              		.eabi_attribute 21, 1
   4              		.eabi_attribute 23, 3
   5              		.eabi_attribute 24, 1
   6              		.eabi_attribute 25, 1
   7              		.eabi_attribute 26, 1
   8              		.eabi_attribute 30, 1
   9              		.eabi_attribute 34, 0
  10              		.eabi_attribute 18, 4
  11              		.file	"stm32f0xx_hal.c"
  12              		.text
  13              	.Ltext0:
  14              		.cfi_sections	.debug_frame
  15              		.section	.text.HAL_MspInit,"ax",%progbits
  16              		.align	1
  17              		.weak	HAL_MspInit
  18              		.arch armv6s-m
  19              		.syntax unified
  20              		.code	16
  21              		.thumb_func
  22              		.fpu softvfp
  24              	HAL_MspInit:
  25              	.LFB42:
  26              		.file 1 "Drivers/STM32F0xx_HAL_Driver/Src/stm32f0xx_hal.c"
   1:Drivers/STM32F0xx_HAL_Driver/Src/stm32f0xx_hal.c **** /**
   2:Drivers/STM32F0xx_HAL_Driver/Src/stm32f0xx_hal.c ****   ******************************************************************************
   3:Drivers/STM32F0xx_HAL_Driver/Src/stm32f0xx_hal.c ****   * @file    stm32f0xx_hal.c
   4:Drivers/STM32F0xx_HAL_Driver/Src/stm32f0xx_hal.c ****   * @author  MCD Application Team
   5:Drivers/STM32F0xx_HAL_Driver/Src/stm32f0xx_hal.c ****   * @brief   HAL module driver.
   6:Drivers/STM32F0xx_HAL_Driver/Src/stm32f0xx_hal.c ****   *          This is the common part of the HAL initialization
   7:Drivers/STM32F0xx_HAL_Driver/Src/stm32f0xx_hal.c ****   *
   8:Drivers/STM32F0xx_HAL_Driver/Src/stm32f0xx_hal.c ****   @verbatim
   9:Drivers/STM32F0xx_HAL_Driver/Src/stm32f0xx_hal.c ****   ==============================================================================
  10:Drivers/STM32F0xx_HAL_Driver/Src/stm32f0xx_hal.c ****                      ##### How to use this driver #####
  11:Drivers/STM32F0xx_HAL_Driver/Src/stm32f0xx_hal.c ****   ==============================================================================
  12:Drivers/STM32F0xx_HAL_Driver/Src/stm32f0xx_hal.c ****     [..]
  13:Drivers/STM32F0xx_HAL_Driver/Src/stm32f0xx_hal.c ****     The common HAL driver contains a set of generic and common APIs that can be
  14:Drivers/STM32F0xx_HAL_Driver/Src/stm32f0xx_hal.c ****     used by the PPP peripheral drivers and the user to start using the HAL. 
  15:Drivers/STM32F0xx_HAL_Driver/Src/stm32f0xx_hal.c ****     [..]
  16:Drivers/STM32F0xx_HAL_Driver/Src/stm32f0xx_hal.c ****     The HAL contains two APIs categories:
  17:Drivers/STM32F0xx_HAL_Driver/Src/stm32f0xx_hal.c ****          (+) HAL Initialization and de-initialization functions
  18:Drivers/STM32F0xx_HAL_Driver/Src/stm32f0xx_hal.c ****          (+) HAL Control functions
  19:Drivers/STM32F0xx_HAL_Driver/Src/stm32f0xx_hal.c **** 
  20:Drivers/STM32F0xx_HAL_Driver/Src/stm32f0xx_hal.c ****   @endverbatim
  21:Drivers/STM32F0xx_HAL_Driver/Src/stm32f0xx_hal.c ****   ******************************************************************************
  22:Drivers/STM32F0xx_HAL_Driver/Src/stm32f0xx_hal.c ****   * @attention
  23:Drivers/STM32F0xx_HAL_Driver/Src/stm32f0xx_hal.c ****   *
  24:Drivers/STM32F0xx_HAL_Driver/Src/stm32f0xx_hal.c ****   * <h2><center>&copy; Copyright (c) 2016 STMicroelectronics.
  25:Drivers/STM32F0xx_HAL_Driver/Src/stm32f0xx_hal.c ****   * All rights reserved.</center></h2>
  26:Drivers/STM32F0xx_HAL_Driver/Src/stm32f0xx_hal.c ****   *
  27:Drivers/STM32F0xx_HAL_Driver/Src/stm32f0xx_hal.c ****   * This software component is licensed by ST under BSD 3-Clause license,
  28:Drivers/STM32F0xx_HAL_Driver/Src/stm32f0xx_hal.c ****   * the "License"; You may not use this file except in compliance with the
  29:Drivers/STM32F0xx_HAL_Driver/Src/stm32f0xx_hal.c ****   * License. You may obtain a copy of the License at:
  30:Drivers/STM32F0xx_HAL_Driver/Src/stm32f0xx_hal.c ****   *                        opensource.org/licenses/BSD-3-Clause
  31:Drivers/STM32F0xx_HAL_Driver/Src/stm32f0xx_hal.c ****   *
  32:Drivers/STM32F0xx_HAL_Driver/Src/stm32f0xx_hal.c ****   ******************************************************************************
ARM GAS  /var/folders/b6/0xn3z77n589c481l0rsth7mc0000gn/T//ccZntZy1.s 			page 2


  33:Drivers/STM32F0xx_HAL_Driver/Src/stm32f0xx_hal.c ****   */
  34:Drivers/STM32F0xx_HAL_Driver/Src/stm32f0xx_hal.c **** 
  35:Drivers/STM32F0xx_HAL_Driver/Src/stm32f0xx_hal.c **** /* Includes ------------------------------------------------------------------*/
  36:Drivers/STM32F0xx_HAL_Driver/Src/stm32f0xx_hal.c **** #include "stm32f0xx_hal.h"
  37:Drivers/STM32F0xx_HAL_Driver/Src/stm32f0xx_hal.c **** 
  38:Drivers/STM32F0xx_HAL_Driver/Src/stm32f0xx_hal.c **** /** @addtogroup STM32F0xx_HAL_Driver
  39:Drivers/STM32F0xx_HAL_Driver/Src/stm32f0xx_hal.c ****   * @{
  40:Drivers/STM32F0xx_HAL_Driver/Src/stm32f0xx_hal.c ****   */
  41:Drivers/STM32F0xx_HAL_Driver/Src/stm32f0xx_hal.c **** 
  42:Drivers/STM32F0xx_HAL_Driver/Src/stm32f0xx_hal.c **** /** @defgroup HAL HAL
  43:Drivers/STM32F0xx_HAL_Driver/Src/stm32f0xx_hal.c ****   * @brief HAL module driver.
  44:Drivers/STM32F0xx_HAL_Driver/Src/stm32f0xx_hal.c ****   * @{
  45:Drivers/STM32F0xx_HAL_Driver/Src/stm32f0xx_hal.c ****   */
  46:Drivers/STM32F0xx_HAL_Driver/Src/stm32f0xx_hal.c **** 
  47:Drivers/STM32F0xx_HAL_Driver/Src/stm32f0xx_hal.c **** #ifdef HAL_MODULE_ENABLED
  48:Drivers/STM32F0xx_HAL_Driver/Src/stm32f0xx_hal.c **** 
  49:Drivers/STM32F0xx_HAL_Driver/Src/stm32f0xx_hal.c **** /* Private typedef -----------------------------------------------------------*/
  50:Drivers/STM32F0xx_HAL_Driver/Src/stm32f0xx_hal.c **** /* Private define ------------------------------------------------------------*/
  51:Drivers/STM32F0xx_HAL_Driver/Src/stm32f0xx_hal.c **** /** @defgroup HAL_Private_Constants HAL Private Constants
  52:Drivers/STM32F0xx_HAL_Driver/Src/stm32f0xx_hal.c ****   * @{
  53:Drivers/STM32F0xx_HAL_Driver/Src/stm32f0xx_hal.c ****   */
  54:Drivers/STM32F0xx_HAL_Driver/Src/stm32f0xx_hal.c **** /** 
  55:Drivers/STM32F0xx_HAL_Driver/Src/stm32f0xx_hal.c ****   * @brief STM32F0xx HAL Driver version number V1.7.6
  56:Drivers/STM32F0xx_HAL_Driver/Src/stm32f0xx_hal.c ****   */
  57:Drivers/STM32F0xx_HAL_Driver/Src/stm32f0xx_hal.c **** #define __STM32F0xx_HAL_VERSION_MAIN   (0x01U) /*!< [31:24] main version */
  58:Drivers/STM32F0xx_HAL_Driver/Src/stm32f0xx_hal.c **** #define __STM32F0xx_HAL_VERSION_SUB1   (0x07U) /*!< [23:16] sub1 version */
  59:Drivers/STM32F0xx_HAL_Driver/Src/stm32f0xx_hal.c **** #define __STM32F0xx_HAL_VERSION_SUB2   (0x06U) /*!< [15:8]  sub2 version */
  60:Drivers/STM32F0xx_HAL_Driver/Src/stm32f0xx_hal.c **** #define __STM32F0xx_HAL_VERSION_RC     (0x00U) /*!< [7:0]  release candidate */ 
  61:Drivers/STM32F0xx_HAL_Driver/Src/stm32f0xx_hal.c **** #define __STM32F0xx_HAL_VERSION         ((__STM32F0xx_HAL_VERSION_MAIN << 24U)\
  62:Drivers/STM32F0xx_HAL_Driver/Src/stm32f0xx_hal.c ****                                         |(__STM32F0xx_HAL_VERSION_SUB1 << 16U)\
  63:Drivers/STM32F0xx_HAL_Driver/Src/stm32f0xx_hal.c ****                                         |(__STM32F0xx_HAL_VERSION_SUB2 << 8U )\
  64:Drivers/STM32F0xx_HAL_Driver/Src/stm32f0xx_hal.c ****                                         |(__STM32F0xx_HAL_VERSION_RC))
  65:Drivers/STM32F0xx_HAL_Driver/Src/stm32f0xx_hal.c **** 
  66:Drivers/STM32F0xx_HAL_Driver/Src/stm32f0xx_hal.c **** #define IDCODE_DEVID_MASK    (0x00000FFFU)
  67:Drivers/STM32F0xx_HAL_Driver/Src/stm32f0xx_hal.c **** /**
  68:Drivers/STM32F0xx_HAL_Driver/Src/stm32f0xx_hal.c ****   * @}
  69:Drivers/STM32F0xx_HAL_Driver/Src/stm32f0xx_hal.c ****   */
  70:Drivers/STM32F0xx_HAL_Driver/Src/stm32f0xx_hal.c **** 
  71:Drivers/STM32F0xx_HAL_Driver/Src/stm32f0xx_hal.c **** /* Private macro -------------------------------------------------------------*/
  72:Drivers/STM32F0xx_HAL_Driver/Src/stm32f0xx_hal.c **** /** @defgroup HAL_Private_Macros HAL Private Macros
  73:Drivers/STM32F0xx_HAL_Driver/Src/stm32f0xx_hal.c ****   * @{
  74:Drivers/STM32F0xx_HAL_Driver/Src/stm32f0xx_hal.c ****   */
  75:Drivers/STM32F0xx_HAL_Driver/Src/stm32f0xx_hal.c **** /**
  76:Drivers/STM32F0xx_HAL_Driver/Src/stm32f0xx_hal.c ****   * @}
  77:Drivers/STM32F0xx_HAL_Driver/Src/stm32f0xx_hal.c ****   */
  78:Drivers/STM32F0xx_HAL_Driver/Src/stm32f0xx_hal.c **** 
  79:Drivers/STM32F0xx_HAL_Driver/Src/stm32f0xx_hal.c **** /* Exported variables ---------------------------------------------------------*/
  80:Drivers/STM32F0xx_HAL_Driver/Src/stm32f0xx_hal.c **** /** @defgroup HAL_Private_Variables HAL Exported Variables
  81:Drivers/STM32F0xx_HAL_Driver/Src/stm32f0xx_hal.c ****   * @{
  82:Drivers/STM32F0xx_HAL_Driver/Src/stm32f0xx_hal.c ****   */
  83:Drivers/STM32F0xx_HAL_Driver/Src/stm32f0xx_hal.c **** __IO uint32_t uwTick;
  84:Drivers/STM32F0xx_HAL_Driver/Src/stm32f0xx_hal.c **** uint32_t uwTickPrio   = (1UL << __NVIC_PRIO_BITS); /* Invalid PRIO */
  85:Drivers/STM32F0xx_HAL_Driver/Src/stm32f0xx_hal.c **** HAL_TickFreqTypeDef uwTickFreq = HAL_TICK_FREQ_DEFAULT;  /* 1KHz */
  86:Drivers/STM32F0xx_HAL_Driver/Src/stm32f0xx_hal.c **** /**
  87:Drivers/STM32F0xx_HAL_Driver/Src/stm32f0xx_hal.c ****   * @}
  88:Drivers/STM32F0xx_HAL_Driver/Src/stm32f0xx_hal.c ****   */
  89:Drivers/STM32F0xx_HAL_Driver/Src/stm32f0xx_hal.c **** /* Private function prototypes -----------------------------------------------*/
ARM GAS  /var/folders/b6/0xn3z77n589c481l0rsth7mc0000gn/T//ccZntZy1.s 			page 3


  90:Drivers/STM32F0xx_HAL_Driver/Src/stm32f0xx_hal.c **** /* Exported functions ---------------------------------------------------------*/
  91:Drivers/STM32F0xx_HAL_Driver/Src/stm32f0xx_hal.c **** 
  92:Drivers/STM32F0xx_HAL_Driver/Src/stm32f0xx_hal.c **** /** @defgroup HAL_Exported_Functions HAL Exported Functions
  93:Drivers/STM32F0xx_HAL_Driver/Src/stm32f0xx_hal.c ****   * @{
  94:Drivers/STM32F0xx_HAL_Driver/Src/stm32f0xx_hal.c ****   */
  95:Drivers/STM32F0xx_HAL_Driver/Src/stm32f0xx_hal.c **** 
  96:Drivers/STM32F0xx_HAL_Driver/Src/stm32f0xx_hal.c **** /** @defgroup HAL_Exported_Functions_Group1 Initialization and de-initialization Functions 
  97:Drivers/STM32F0xx_HAL_Driver/Src/stm32f0xx_hal.c ****   * @brief    Initialization and de-initialization functions
  98:Drivers/STM32F0xx_HAL_Driver/Src/stm32f0xx_hal.c ****   *
  99:Drivers/STM32F0xx_HAL_Driver/Src/stm32f0xx_hal.c **** @verbatim
 100:Drivers/STM32F0xx_HAL_Driver/Src/stm32f0xx_hal.c ****  ===============================================================================
 101:Drivers/STM32F0xx_HAL_Driver/Src/stm32f0xx_hal.c ****               ##### Initialization and de-initialization functions #####
 102:Drivers/STM32F0xx_HAL_Driver/Src/stm32f0xx_hal.c ****  ===============================================================================
 103:Drivers/STM32F0xx_HAL_Driver/Src/stm32f0xx_hal.c ****    [..]  This section provides functions allowing to:
 104:Drivers/STM32F0xx_HAL_Driver/Src/stm32f0xx_hal.c ****       (+) Initializes the Flash interface, the NVIC allocation and initial clock 
 105:Drivers/STM32F0xx_HAL_Driver/Src/stm32f0xx_hal.c ****           configuration. It initializes the systick also when timeout is needed
 106:Drivers/STM32F0xx_HAL_Driver/Src/stm32f0xx_hal.c ****           and the backup domain when enabled.
 107:Drivers/STM32F0xx_HAL_Driver/Src/stm32f0xx_hal.c ****       (+) de-Initializes common part of the HAL.
 108:Drivers/STM32F0xx_HAL_Driver/Src/stm32f0xx_hal.c ****       (+) Configure The time base source to have 1ms time base with a dedicated
 109:Drivers/STM32F0xx_HAL_Driver/Src/stm32f0xx_hal.c ****           Tick interrupt priority.
 110:Drivers/STM32F0xx_HAL_Driver/Src/stm32f0xx_hal.c ****         (++) SysTick timer is used by default as source of time base, but user
 111:Drivers/STM32F0xx_HAL_Driver/Src/stm32f0xx_hal.c ****              can eventually implement his proper time base source (a general purpose 
 112:Drivers/STM32F0xx_HAL_Driver/Src/stm32f0xx_hal.c ****              timer for example or other time source), keeping in mind that Time base 
 113:Drivers/STM32F0xx_HAL_Driver/Src/stm32f0xx_hal.c ****              duration should be kept 1ms since PPP_TIMEOUT_VALUEs are defined and 
 114:Drivers/STM32F0xx_HAL_Driver/Src/stm32f0xx_hal.c ****              handled in milliseconds basis.
 115:Drivers/STM32F0xx_HAL_Driver/Src/stm32f0xx_hal.c ****         (++) Time base configuration function (HAL_InitTick ()) is called automatically 
 116:Drivers/STM32F0xx_HAL_Driver/Src/stm32f0xx_hal.c ****              at the beginning of the program after reset by HAL_Init() or at any time 
 117:Drivers/STM32F0xx_HAL_Driver/Src/stm32f0xx_hal.c ****              when clock is configured, by HAL_RCC_ClockConfig(). 
 118:Drivers/STM32F0xx_HAL_Driver/Src/stm32f0xx_hal.c ****         (++) Source of time base is configured  to generate interrupts at regular 
 119:Drivers/STM32F0xx_HAL_Driver/Src/stm32f0xx_hal.c ****              time intervals. Care must be taken if HAL_Delay() is called from a 
 120:Drivers/STM32F0xx_HAL_Driver/Src/stm32f0xx_hal.c ****              peripheral ISR process, the Tick interrupt line must have higher priority 
 121:Drivers/STM32F0xx_HAL_Driver/Src/stm32f0xx_hal.c ****             (numerically lower) than the peripheral interrupt. Otherwise the caller 
 122:Drivers/STM32F0xx_HAL_Driver/Src/stm32f0xx_hal.c ****             ISR process will be blocked. 
 123:Drivers/STM32F0xx_HAL_Driver/Src/stm32f0xx_hal.c ****        (++) functions affecting time base configurations are declared as __Weak  
 124:Drivers/STM32F0xx_HAL_Driver/Src/stm32f0xx_hal.c ****              to make  override possible  in case of other  implementations in user file.
 125:Drivers/STM32F0xx_HAL_Driver/Src/stm32f0xx_hal.c ****  
 126:Drivers/STM32F0xx_HAL_Driver/Src/stm32f0xx_hal.c **** @endverbatim
 127:Drivers/STM32F0xx_HAL_Driver/Src/stm32f0xx_hal.c ****   * @{
 128:Drivers/STM32F0xx_HAL_Driver/Src/stm32f0xx_hal.c ****   */
 129:Drivers/STM32F0xx_HAL_Driver/Src/stm32f0xx_hal.c **** 
 130:Drivers/STM32F0xx_HAL_Driver/Src/stm32f0xx_hal.c **** /**
 131:Drivers/STM32F0xx_HAL_Driver/Src/stm32f0xx_hal.c ****   * @brief  This function configures the Flash prefetch,
 132:Drivers/STM32F0xx_HAL_Driver/Src/stm32f0xx_hal.c ****   *        Configures time base source, NVIC and Low level hardware
 133:Drivers/STM32F0xx_HAL_Driver/Src/stm32f0xx_hal.c ****   * @note This function is called at the beginning of program after reset and before 
 134:Drivers/STM32F0xx_HAL_Driver/Src/stm32f0xx_hal.c ****   *       the clock configuration
 135:Drivers/STM32F0xx_HAL_Driver/Src/stm32f0xx_hal.c ****   * @note The time base configuration is based on HSI clock when exiting from Reset.
 136:Drivers/STM32F0xx_HAL_Driver/Src/stm32f0xx_hal.c ****   *       Once done, time base tick start incrementing.
 137:Drivers/STM32F0xx_HAL_Driver/Src/stm32f0xx_hal.c ****   *       In the default implementation,Systick is used as source of time base.
 138:Drivers/STM32F0xx_HAL_Driver/Src/stm32f0xx_hal.c ****   *       The tick variable is incremented each 1ms in its ISR.
 139:Drivers/STM32F0xx_HAL_Driver/Src/stm32f0xx_hal.c ****   * @retval HAL status
 140:Drivers/STM32F0xx_HAL_Driver/Src/stm32f0xx_hal.c ****   */
 141:Drivers/STM32F0xx_HAL_Driver/Src/stm32f0xx_hal.c **** HAL_StatusTypeDef HAL_Init(void)
 142:Drivers/STM32F0xx_HAL_Driver/Src/stm32f0xx_hal.c **** {
 143:Drivers/STM32F0xx_HAL_Driver/Src/stm32f0xx_hal.c ****   /* Configure Flash prefetch */ 
 144:Drivers/STM32F0xx_HAL_Driver/Src/stm32f0xx_hal.c **** #if (PREFETCH_ENABLE != 0)
 145:Drivers/STM32F0xx_HAL_Driver/Src/stm32f0xx_hal.c ****   __HAL_FLASH_PREFETCH_BUFFER_ENABLE();
 146:Drivers/STM32F0xx_HAL_Driver/Src/stm32f0xx_hal.c **** #endif /* PREFETCH_ENABLE */
ARM GAS  /var/folders/b6/0xn3z77n589c481l0rsth7mc0000gn/T//ccZntZy1.s 			page 4


 147:Drivers/STM32F0xx_HAL_Driver/Src/stm32f0xx_hal.c **** 
 148:Drivers/STM32F0xx_HAL_Driver/Src/stm32f0xx_hal.c ****   /* Use systick as time base source and configure 1ms tick (default clock after Reset is HSI) */
 149:Drivers/STM32F0xx_HAL_Driver/Src/stm32f0xx_hal.c **** 
 150:Drivers/STM32F0xx_HAL_Driver/Src/stm32f0xx_hal.c ****   HAL_InitTick(TICK_INT_PRIORITY);
 151:Drivers/STM32F0xx_HAL_Driver/Src/stm32f0xx_hal.c **** 
 152:Drivers/STM32F0xx_HAL_Driver/Src/stm32f0xx_hal.c ****   /* Init the low level hardware */
 153:Drivers/STM32F0xx_HAL_Driver/Src/stm32f0xx_hal.c ****   HAL_MspInit();
 154:Drivers/STM32F0xx_HAL_Driver/Src/stm32f0xx_hal.c **** 
 155:Drivers/STM32F0xx_HAL_Driver/Src/stm32f0xx_hal.c ****   /* Return function status */
 156:Drivers/STM32F0xx_HAL_Driver/Src/stm32f0xx_hal.c ****   return HAL_OK;
 157:Drivers/STM32F0xx_HAL_Driver/Src/stm32f0xx_hal.c **** }
 158:Drivers/STM32F0xx_HAL_Driver/Src/stm32f0xx_hal.c **** 
 159:Drivers/STM32F0xx_HAL_Driver/Src/stm32f0xx_hal.c **** /**
 160:Drivers/STM32F0xx_HAL_Driver/Src/stm32f0xx_hal.c ****   * @brief This function de-Initialize common part of the HAL and stops the SysTick
 161:Drivers/STM32F0xx_HAL_Driver/Src/stm32f0xx_hal.c ****   *        of time base.
 162:Drivers/STM32F0xx_HAL_Driver/Src/stm32f0xx_hal.c ****   * @note This function is optional.
 163:Drivers/STM32F0xx_HAL_Driver/Src/stm32f0xx_hal.c ****   * @retval HAL status
 164:Drivers/STM32F0xx_HAL_Driver/Src/stm32f0xx_hal.c ****   */
 165:Drivers/STM32F0xx_HAL_Driver/Src/stm32f0xx_hal.c **** HAL_StatusTypeDef HAL_DeInit(void)
 166:Drivers/STM32F0xx_HAL_Driver/Src/stm32f0xx_hal.c **** {
 167:Drivers/STM32F0xx_HAL_Driver/Src/stm32f0xx_hal.c ****   /* Reset of all peripherals */
 168:Drivers/STM32F0xx_HAL_Driver/Src/stm32f0xx_hal.c ****   __HAL_RCC_APB1_FORCE_RESET();
 169:Drivers/STM32F0xx_HAL_Driver/Src/stm32f0xx_hal.c ****   __HAL_RCC_APB1_RELEASE_RESET();
 170:Drivers/STM32F0xx_HAL_Driver/Src/stm32f0xx_hal.c **** 
 171:Drivers/STM32F0xx_HAL_Driver/Src/stm32f0xx_hal.c ****   __HAL_RCC_APB2_FORCE_RESET();
 172:Drivers/STM32F0xx_HAL_Driver/Src/stm32f0xx_hal.c ****   __HAL_RCC_APB2_RELEASE_RESET();
 173:Drivers/STM32F0xx_HAL_Driver/Src/stm32f0xx_hal.c **** 
 174:Drivers/STM32F0xx_HAL_Driver/Src/stm32f0xx_hal.c ****   __HAL_RCC_AHB_FORCE_RESET();
 175:Drivers/STM32F0xx_HAL_Driver/Src/stm32f0xx_hal.c ****   __HAL_RCC_AHB_RELEASE_RESET();
 176:Drivers/STM32F0xx_HAL_Driver/Src/stm32f0xx_hal.c **** 
 177:Drivers/STM32F0xx_HAL_Driver/Src/stm32f0xx_hal.c ****   /* De-Init the low level hardware */
 178:Drivers/STM32F0xx_HAL_Driver/Src/stm32f0xx_hal.c ****   HAL_MspDeInit();
 179:Drivers/STM32F0xx_HAL_Driver/Src/stm32f0xx_hal.c ****     
 180:Drivers/STM32F0xx_HAL_Driver/Src/stm32f0xx_hal.c ****   /* Return function status */
 181:Drivers/STM32F0xx_HAL_Driver/Src/stm32f0xx_hal.c ****   return HAL_OK;
 182:Drivers/STM32F0xx_HAL_Driver/Src/stm32f0xx_hal.c **** }
 183:Drivers/STM32F0xx_HAL_Driver/Src/stm32f0xx_hal.c **** 
 184:Drivers/STM32F0xx_HAL_Driver/Src/stm32f0xx_hal.c **** /**
 185:Drivers/STM32F0xx_HAL_Driver/Src/stm32f0xx_hal.c ****   * @brief  Initialize the MSP.
 186:Drivers/STM32F0xx_HAL_Driver/Src/stm32f0xx_hal.c ****   * @retval None
 187:Drivers/STM32F0xx_HAL_Driver/Src/stm32f0xx_hal.c ****   */
 188:Drivers/STM32F0xx_HAL_Driver/Src/stm32f0xx_hal.c **** __weak void HAL_MspInit(void)
 189:Drivers/STM32F0xx_HAL_Driver/Src/stm32f0xx_hal.c **** {
  27              		.loc 1 189 1 view -0
  28              		.cfi_startproc
  29              		@ args = 0, pretend = 0, frame = 0
  30              		@ frame_needed = 0, uses_anonymous_args = 0
  31              		@ link register save eliminated.
 190:Drivers/STM32F0xx_HAL_Driver/Src/stm32f0xx_hal.c ****   /* NOTE : This function should not be modified, when the callback is needed,
 191:Drivers/STM32F0xx_HAL_Driver/Src/stm32f0xx_hal.c ****             the HAL_MspInit could be implemented in the user file
 192:Drivers/STM32F0xx_HAL_Driver/Src/stm32f0xx_hal.c ****    */
 193:Drivers/STM32F0xx_HAL_Driver/Src/stm32f0xx_hal.c **** }
  32              		.loc 1 193 1 view .LVU1
  33              		@ sp needed
  34 0000 7047     		bx	lr
  35              		.cfi_endproc
  36              	.LFE42:
ARM GAS  /var/folders/b6/0xn3z77n589c481l0rsth7mc0000gn/T//ccZntZy1.s 			page 5


  38              		.section	.text.HAL_MspDeInit,"ax",%progbits
  39              		.align	1
  40              		.weak	HAL_MspDeInit
  41              		.syntax unified
  42              		.code	16
  43              		.thumb_func
  44              		.fpu softvfp
  46              	HAL_MspDeInit:
  47              	.LFB43:
 194:Drivers/STM32F0xx_HAL_Driver/Src/stm32f0xx_hal.c **** 
 195:Drivers/STM32F0xx_HAL_Driver/Src/stm32f0xx_hal.c **** /**
 196:Drivers/STM32F0xx_HAL_Driver/Src/stm32f0xx_hal.c ****   * @brief  DeInitializes the MSP.
 197:Drivers/STM32F0xx_HAL_Driver/Src/stm32f0xx_hal.c ****   * @retval None
 198:Drivers/STM32F0xx_HAL_Driver/Src/stm32f0xx_hal.c ****   */
 199:Drivers/STM32F0xx_HAL_Driver/Src/stm32f0xx_hal.c **** __weak void HAL_MspDeInit(void)
 200:Drivers/STM32F0xx_HAL_Driver/Src/stm32f0xx_hal.c **** {
  48              		.loc 1 200 1 view -0
  49              		.cfi_startproc
  50              		@ args = 0, pretend = 0, frame = 0
  51              		@ frame_needed = 0, uses_anonymous_args = 0
  52              		@ link register save eliminated.
 201:Drivers/STM32F0xx_HAL_Driver/Src/stm32f0xx_hal.c ****   /* NOTE : This function should not be modified, when the callback is needed,
 202:Drivers/STM32F0xx_HAL_Driver/Src/stm32f0xx_hal.c ****             the HAL_MspDeInit could be implemented in the user file
 203:Drivers/STM32F0xx_HAL_Driver/Src/stm32f0xx_hal.c ****    */
 204:Drivers/STM32F0xx_HAL_Driver/Src/stm32f0xx_hal.c **** }
  53              		.loc 1 204 1 view .LVU3
  54              		@ sp needed
  55 0000 7047     		bx	lr
  56              		.cfi_endproc
  57              	.LFE43:
  59              		.section	.text.HAL_DeInit,"ax",%progbits
  60              		.align	1
  61              		.global	HAL_DeInit
  62              		.syntax unified
  63              		.code	16
  64              		.thumb_func
  65              		.fpu softvfp
  67              	HAL_DeInit:
  68              	.LFB41:
 166:Drivers/STM32F0xx_HAL_Driver/Src/stm32f0xx_hal.c ****   /* Reset of all peripherals */
  69              		.loc 1 166 1 view -0
  70              		.cfi_startproc
  71              		@ args = 0, pretend = 0, frame = 0
  72              		@ frame_needed = 0, uses_anonymous_args = 0
  73 0000 10B5     		push	{r4, lr}
  74              		.cfi_def_cfa_offset 8
  75              		.cfi_offset 4, -8
  76              		.cfi_offset 14, -4
 168:Drivers/STM32F0xx_HAL_Driver/Src/stm32f0xx_hal.c ****   __HAL_RCC_APB1_RELEASE_RESET();
  77              		.loc 1 168 3 view .LVU5
  78 0002 074B     		ldr	r3, .L4
  79 0004 0121     		movs	r1, #1
  80 0006 4942     		rsbs	r1, r1, #0
  81 0008 1961     		str	r1, [r3, #16]
 169:Drivers/STM32F0xx_HAL_Driver/Src/stm32f0xx_hal.c **** 
  82              		.loc 1 169 3 view .LVU6
  83 000a 0022     		movs	r2, #0
ARM GAS  /var/folders/b6/0xn3z77n589c481l0rsth7mc0000gn/T//ccZntZy1.s 			page 6


  84 000c 1A61     		str	r2, [r3, #16]
 171:Drivers/STM32F0xx_HAL_Driver/Src/stm32f0xx_hal.c ****   __HAL_RCC_APB2_RELEASE_RESET();
  85              		.loc 1 171 3 view .LVU7
  86 000e D960     		str	r1, [r3, #12]
 172:Drivers/STM32F0xx_HAL_Driver/Src/stm32f0xx_hal.c **** 
  87              		.loc 1 172 3 view .LVU8
  88 0010 DA60     		str	r2, [r3, #12]
 174:Drivers/STM32F0xx_HAL_Driver/Src/stm32f0xx_hal.c ****   __HAL_RCC_AHB_RELEASE_RESET();
  89              		.loc 1 174 3 view .LVU9
  90 0012 9962     		str	r1, [r3, #40]
 175:Drivers/STM32F0xx_HAL_Driver/Src/stm32f0xx_hal.c **** 
  91              		.loc 1 175 3 view .LVU10
  92 0014 9A62     		str	r2, [r3, #40]
 178:Drivers/STM32F0xx_HAL_Driver/Src/stm32f0xx_hal.c ****     
  93              		.loc 1 178 3 view .LVU11
  94 0016 FFF7FEFF 		bl	HAL_MspDeInit
  95              	.LVL0:
 181:Drivers/STM32F0xx_HAL_Driver/Src/stm32f0xx_hal.c **** }
  96              		.loc 1 181 3 view .LVU12
 182:Drivers/STM32F0xx_HAL_Driver/Src/stm32f0xx_hal.c **** 
  97              		.loc 1 182 1 is_stmt 0 view .LVU13
  98 001a 0020     		movs	r0, #0
  99              		@ sp needed
 100 001c 10BD     		pop	{r4, pc}
 101              	.L5:
 102 001e C046     		.align	2
 103              	.L4:
 104 0020 00100240 		.word	1073876992
 105              		.cfi_endproc
 106              	.LFE41:
 108              		.global	__aeabi_uidiv
 109              		.section	.text.HAL_InitTick,"ax",%progbits
 110              		.align	1
 111              		.weak	HAL_InitTick
 112              		.syntax unified
 113              		.code	16
 114              		.thumb_func
 115              		.fpu softvfp
 117              	HAL_InitTick:
 118              	.LVL1:
 119              	.LFB44:
 205:Drivers/STM32F0xx_HAL_Driver/Src/stm32f0xx_hal.c **** 
 206:Drivers/STM32F0xx_HAL_Driver/Src/stm32f0xx_hal.c **** /**
 207:Drivers/STM32F0xx_HAL_Driver/Src/stm32f0xx_hal.c ****   * @brief This function configures the source of the time base. 
 208:Drivers/STM32F0xx_HAL_Driver/Src/stm32f0xx_hal.c ****   *        The time source is configured  to have 1ms time base with a dedicated 
 209:Drivers/STM32F0xx_HAL_Driver/Src/stm32f0xx_hal.c ****   *        Tick interrupt priority.
 210:Drivers/STM32F0xx_HAL_Driver/Src/stm32f0xx_hal.c ****   * @note This function is called  automatically at the beginning of program after
 211:Drivers/STM32F0xx_HAL_Driver/Src/stm32f0xx_hal.c ****   *       reset by HAL_Init() or at any time when clock is reconfigured  by HAL_RCC_ClockConfig(). 
 212:Drivers/STM32F0xx_HAL_Driver/Src/stm32f0xx_hal.c ****   * @note In the default implementation, SysTick timer is the source of time base. 
 213:Drivers/STM32F0xx_HAL_Driver/Src/stm32f0xx_hal.c ****   *       It is used to generate interrupts at regular time intervals. 
 214:Drivers/STM32F0xx_HAL_Driver/Src/stm32f0xx_hal.c ****   *       Care must be taken if HAL_Delay() is called from a peripheral ISR process, 
 215:Drivers/STM32F0xx_HAL_Driver/Src/stm32f0xx_hal.c ****   *       The SysTick interrupt must have higher priority (numerically lower) 
 216:Drivers/STM32F0xx_HAL_Driver/Src/stm32f0xx_hal.c ****   *       than the peripheral interrupt. Otherwise the caller ISR process will be blocked.
 217:Drivers/STM32F0xx_HAL_Driver/Src/stm32f0xx_hal.c ****   *       The function is declared as __Weak  to be overwritten  in case of other
 218:Drivers/STM32F0xx_HAL_Driver/Src/stm32f0xx_hal.c ****   *       implementation  in user file.
 219:Drivers/STM32F0xx_HAL_Driver/Src/stm32f0xx_hal.c ****   * @param TickPriority Tick interrupt priority.
 220:Drivers/STM32F0xx_HAL_Driver/Src/stm32f0xx_hal.c ****   * @retval HAL status
ARM GAS  /var/folders/b6/0xn3z77n589c481l0rsth7mc0000gn/T//ccZntZy1.s 			page 7


 221:Drivers/STM32F0xx_HAL_Driver/Src/stm32f0xx_hal.c ****   */
 222:Drivers/STM32F0xx_HAL_Driver/Src/stm32f0xx_hal.c **** __weak HAL_StatusTypeDef HAL_InitTick(uint32_t TickPriority)
 223:Drivers/STM32F0xx_HAL_Driver/Src/stm32f0xx_hal.c **** {
 120              		.loc 1 223 1 is_stmt 1 view -0
 121              		.cfi_startproc
 122              		@ args = 0, pretend = 0, frame = 0
 123              		@ frame_needed = 0, uses_anonymous_args = 0
 124              		.loc 1 223 1 is_stmt 0 view .LVU15
 125 0000 10B5     		push	{r4, lr}
 126              		.cfi_def_cfa_offset 8
 127              		.cfi_offset 4, -8
 128              		.cfi_offset 14, -4
 129 0002 0400     		movs	r4, r0
 224:Drivers/STM32F0xx_HAL_Driver/Src/stm32f0xx_hal.c ****   /*Configure the SysTick to have interrupt in 1ms time basis*/
 225:Drivers/STM32F0xx_HAL_Driver/Src/stm32f0xx_hal.c ****   if (HAL_SYSTICK_Config(SystemCoreClock / (1000U / uwTickFreq)) > 0U)
 130              		.loc 1 225 3 is_stmt 1 view .LVU16
 131              		.loc 1 225 51 is_stmt 0 view .LVU17
 132 0004 0F4B     		ldr	r3, .L11
 133 0006 1978     		ldrb	r1, [r3]
 134 0008 FA20     		movs	r0, #250
 135              	.LVL2:
 136              		.loc 1 225 51 view .LVU18
 137 000a 8000     		lsls	r0, r0, #2
 138 000c FFF7FEFF 		bl	__aeabi_uidiv
 139              	.LVL3:
 140 0010 0100     		movs	r1, r0
 141              		.loc 1 225 7 view .LVU19
 142 0012 0D4B     		ldr	r3, .L11+4
 143 0014 1868     		ldr	r0, [r3]
 144 0016 FFF7FEFF 		bl	__aeabi_uidiv
 145              	.LVL4:
 146 001a FFF7FEFF 		bl	HAL_SYSTICK_Config
 147              	.LVL5:
 148              		.loc 1 225 6 view .LVU20
 149 001e 0028     		cmp	r0, #0
 150 0020 0DD1     		bne	.L8
 226:Drivers/STM32F0xx_HAL_Driver/Src/stm32f0xx_hal.c ****   {
 227:Drivers/STM32F0xx_HAL_Driver/Src/stm32f0xx_hal.c ****     return HAL_ERROR;
 228:Drivers/STM32F0xx_HAL_Driver/Src/stm32f0xx_hal.c ****   }
 229:Drivers/STM32F0xx_HAL_Driver/Src/stm32f0xx_hal.c **** 
 230:Drivers/STM32F0xx_HAL_Driver/Src/stm32f0xx_hal.c ****   /* Configure the SysTick IRQ priority */
 231:Drivers/STM32F0xx_HAL_Driver/Src/stm32f0xx_hal.c ****   if (TickPriority < (1UL << __NVIC_PRIO_BITS))
 151              		.loc 1 231 3 is_stmt 1 view .LVU21
 152              		.loc 1 231 6 is_stmt 0 view .LVU22
 153 0022 032C     		cmp	r4, #3
 154 0024 01D9     		bls	.L10
 232:Drivers/STM32F0xx_HAL_Driver/Src/stm32f0xx_hal.c ****   {
 233:Drivers/STM32F0xx_HAL_Driver/Src/stm32f0xx_hal.c ****     HAL_NVIC_SetPriority(SysTick_IRQn, TickPriority, 0U);
 234:Drivers/STM32F0xx_HAL_Driver/Src/stm32f0xx_hal.c ****     uwTickPrio = TickPriority;
 235:Drivers/STM32F0xx_HAL_Driver/Src/stm32f0xx_hal.c ****   }
 236:Drivers/STM32F0xx_HAL_Driver/Src/stm32f0xx_hal.c ****   else
 237:Drivers/STM32F0xx_HAL_Driver/Src/stm32f0xx_hal.c ****   {
 238:Drivers/STM32F0xx_HAL_Driver/Src/stm32f0xx_hal.c ****     return HAL_ERROR;
 155              		.loc 1 238 12 view .LVU23
 156 0026 0120     		movs	r0, #1
 157 0028 0AE0     		b	.L7
 158              	.L10:
ARM GAS  /var/folders/b6/0xn3z77n589c481l0rsth7mc0000gn/T//ccZntZy1.s 			page 8


 233:Drivers/STM32F0xx_HAL_Driver/Src/stm32f0xx_hal.c ****     uwTickPrio = TickPriority;
 159              		.loc 1 233 5 is_stmt 1 view .LVU24
 160 002a 0130     		adds	r0, r0, #1
 161 002c 0022     		movs	r2, #0
 162 002e 2100     		movs	r1, r4
 163 0030 4042     		rsbs	r0, r0, #0
 164 0032 FFF7FEFF 		bl	HAL_NVIC_SetPriority
 165              	.LVL6:
 234:Drivers/STM32F0xx_HAL_Driver/Src/stm32f0xx_hal.c ****   }
 166              		.loc 1 234 5 view .LVU25
 234:Drivers/STM32F0xx_HAL_Driver/Src/stm32f0xx_hal.c ****   }
 167              		.loc 1 234 16 is_stmt 0 view .LVU26
 168 0036 054B     		ldr	r3, .L11+8
 169 0038 1C60     		str	r4, [r3]
 239:Drivers/STM32F0xx_HAL_Driver/Src/stm32f0xx_hal.c ****   }
 240:Drivers/STM32F0xx_HAL_Driver/Src/stm32f0xx_hal.c **** 
 241:Drivers/STM32F0xx_HAL_Driver/Src/stm32f0xx_hal.c ****    /* Return function status */
 242:Drivers/STM32F0xx_HAL_Driver/Src/stm32f0xx_hal.c ****   return HAL_OK;
 170              		.loc 1 242 3 is_stmt 1 view .LVU27
 171              		.loc 1 242 10 is_stmt 0 view .LVU28
 172 003a 0020     		movs	r0, #0
 173 003c 00E0     		b	.L7
 174              	.L8:
 227:Drivers/STM32F0xx_HAL_Driver/Src/stm32f0xx_hal.c ****   }
 175              		.loc 1 227 12 view .LVU29
 176 003e 0120     		movs	r0, #1
 177              	.L7:
 243:Drivers/STM32F0xx_HAL_Driver/Src/stm32f0xx_hal.c **** }
 178              		.loc 1 243 1 view .LVU30
 179              		@ sp needed
 180              	.LVL7:
 181              		.loc 1 243 1 view .LVU31
 182 0040 10BD     		pop	{r4, pc}
 183              	.L12:
 184 0042 C046     		.align	2
 185              	.L11:
 186 0044 00000000 		.word	.LANCHOR0
 187 0048 00000000 		.word	SystemCoreClock
 188 004c 00000000 		.word	.LANCHOR1
 189              		.cfi_endproc
 190              	.LFE44:
 192              		.section	.text.HAL_Init,"ax",%progbits
 193              		.align	1
 194              		.global	HAL_Init
 195              		.syntax unified
 196              		.code	16
 197              		.thumb_func
 198              		.fpu softvfp
 200              	HAL_Init:
 201              	.LFB40:
 142:Drivers/STM32F0xx_HAL_Driver/Src/stm32f0xx_hal.c ****   /* Configure Flash prefetch */ 
 202              		.loc 1 142 1 is_stmt 1 view -0
 203              		.cfi_startproc
 204              		@ args = 0, pretend = 0, frame = 0
 205              		@ frame_needed = 0, uses_anonymous_args = 0
 206 0000 10B5     		push	{r4, lr}
 207              		.cfi_def_cfa_offset 8
ARM GAS  /var/folders/b6/0xn3z77n589c481l0rsth7mc0000gn/T//ccZntZy1.s 			page 9


 208              		.cfi_offset 4, -8
 209              		.cfi_offset 14, -4
 145:Drivers/STM32F0xx_HAL_Driver/Src/stm32f0xx_hal.c **** #endif /* PREFETCH_ENABLE */
 210              		.loc 1 145 3 view .LVU33
 211 0002 064A     		ldr	r2, .L14
 212 0004 1368     		ldr	r3, [r2]
 213 0006 1021     		movs	r1, #16
 214 0008 0B43     		orrs	r3, r1
 215 000a 1360     		str	r3, [r2]
 150:Drivers/STM32F0xx_HAL_Driver/Src/stm32f0xx_hal.c **** 
 216              		.loc 1 150 3 view .LVU34
 217 000c 0320     		movs	r0, #3
 218 000e FFF7FEFF 		bl	HAL_InitTick
 219              	.LVL8:
 153:Drivers/STM32F0xx_HAL_Driver/Src/stm32f0xx_hal.c **** 
 220              		.loc 1 153 3 view .LVU35
 221 0012 FFF7FEFF 		bl	HAL_MspInit
 222              	.LVL9:
 156:Drivers/STM32F0xx_HAL_Driver/Src/stm32f0xx_hal.c **** }
 223              		.loc 1 156 3 view .LVU36
 157:Drivers/STM32F0xx_HAL_Driver/Src/stm32f0xx_hal.c **** 
 224              		.loc 1 157 1 is_stmt 0 view .LVU37
 225 0016 0020     		movs	r0, #0
 226              		@ sp needed
 227 0018 10BD     		pop	{r4, pc}
 228              	.L15:
 229 001a C046     		.align	2
 230              	.L14:
 231 001c 00200240 		.word	1073881088
 232              		.cfi_endproc
 233              	.LFE40:
 235              		.section	.text.HAL_IncTick,"ax",%progbits
 236              		.align	1
 237              		.weak	HAL_IncTick
 238              		.syntax unified
 239              		.code	16
 240              		.thumb_func
 241              		.fpu softvfp
 243              	HAL_IncTick:
 244              	.LFB45:
 244:Drivers/STM32F0xx_HAL_Driver/Src/stm32f0xx_hal.c **** 
 245:Drivers/STM32F0xx_HAL_Driver/Src/stm32f0xx_hal.c **** /**
 246:Drivers/STM32F0xx_HAL_Driver/Src/stm32f0xx_hal.c ****   * @}
 247:Drivers/STM32F0xx_HAL_Driver/Src/stm32f0xx_hal.c ****   */
 248:Drivers/STM32F0xx_HAL_Driver/Src/stm32f0xx_hal.c **** 
 249:Drivers/STM32F0xx_HAL_Driver/Src/stm32f0xx_hal.c **** /** @defgroup HAL_Exported_Functions_Group2 HAL Control functions 
 250:Drivers/STM32F0xx_HAL_Driver/Src/stm32f0xx_hal.c ****   * @brief    HAL Control functions
 251:Drivers/STM32F0xx_HAL_Driver/Src/stm32f0xx_hal.c ****   *
 252:Drivers/STM32F0xx_HAL_Driver/Src/stm32f0xx_hal.c **** @verbatim
 253:Drivers/STM32F0xx_HAL_Driver/Src/stm32f0xx_hal.c ****  ===============================================================================
 254:Drivers/STM32F0xx_HAL_Driver/Src/stm32f0xx_hal.c ****                       ##### HAL Control functions #####
 255:Drivers/STM32F0xx_HAL_Driver/Src/stm32f0xx_hal.c ****  ===============================================================================
 256:Drivers/STM32F0xx_HAL_Driver/Src/stm32f0xx_hal.c ****     [..]  This section provides functions allowing to:
 257:Drivers/STM32F0xx_HAL_Driver/Src/stm32f0xx_hal.c ****       (+) Provide a tick value in millisecond
 258:Drivers/STM32F0xx_HAL_Driver/Src/stm32f0xx_hal.c ****       (+) Provide a blocking delay in millisecond
 259:Drivers/STM32F0xx_HAL_Driver/Src/stm32f0xx_hal.c ****       (+) Suspend the time base source interrupt
 260:Drivers/STM32F0xx_HAL_Driver/Src/stm32f0xx_hal.c ****       (+) Resume the time base source interrupt
ARM GAS  /var/folders/b6/0xn3z77n589c481l0rsth7mc0000gn/T//ccZntZy1.s 			page 10


 261:Drivers/STM32F0xx_HAL_Driver/Src/stm32f0xx_hal.c ****       (+) Get the HAL API driver version
 262:Drivers/STM32F0xx_HAL_Driver/Src/stm32f0xx_hal.c ****       (+) Get the device identifier
 263:Drivers/STM32F0xx_HAL_Driver/Src/stm32f0xx_hal.c ****       (+) Get the device revision identifier
 264:Drivers/STM32F0xx_HAL_Driver/Src/stm32f0xx_hal.c ****       (+) Enable/Disable Debug module during Sleep mode
 265:Drivers/STM32F0xx_HAL_Driver/Src/stm32f0xx_hal.c ****       (+) Enable/Disable Debug module during STOP mode
 266:Drivers/STM32F0xx_HAL_Driver/Src/stm32f0xx_hal.c ****       (+) Enable/Disable Debug module during STANDBY mode
 267:Drivers/STM32F0xx_HAL_Driver/Src/stm32f0xx_hal.c ****       
 268:Drivers/STM32F0xx_HAL_Driver/Src/stm32f0xx_hal.c **** @endverbatim
 269:Drivers/STM32F0xx_HAL_Driver/Src/stm32f0xx_hal.c ****   * @{
 270:Drivers/STM32F0xx_HAL_Driver/Src/stm32f0xx_hal.c ****   */
 271:Drivers/STM32F0xx_HAL_Driver/Src/stm32f0xx_hal.c **** 
 272:Drivers/STM32F0xx_HAL_Driver/Src/stm32f0xx_hal.c **** /**
 273:Drivers/STM32F0xx_HAL_Driver/Src/stm32f0xx_hal.c ****   * @brief This function is called to increment  a global variable "uwTick"
 274:Drivers/STM32F0xx_HAL_Driver/Src/stm32f0xx_hal.c ****   *        used as application time base.
 275:Drivers/STM32F0xx_HAL_Driver/Src/stm32f0xx_hal.c ****   * @note In the default implementation, this variable is incremented each 1ms
 276:Drivers/STM32F0xx_HAL_Driver/Src/stm32f0xx_hal.c ****   *       in SysTick ISR.
 277:Drivers/STM32F0xx_HAL_Driver/Src/stm32f0xx_hal.c ****   * @note This function is declared as __weak to be overwritten in case of other 
 278:Drivers/STM32F0xx_HAL_Driver/Src/stm32f0xx_hal.c ****   *       implementations in user file.
 279:Drivers/STM32F0xx_HAL_Driver/Src/stm32f0xx_hal.c ****   * @retval None
 280:Drivers/STM32F0xx_HAL_Driver/Src/stm32f0xx_hal.c ****   */
 281:Drivers/STM32F0xx_HAL_Driver/Src/stm32f0xx_hal.c **** __weak void HAL_IncTick(void)
 282:Drivers/STM32F0xx_HAL_Driver/Src/stm32f0xx_hal.c **** {
 245              		.loc 1 282 1 is_stmt 1 view -0
 246              		.cfi_startproc
 247              		@ args = 0, pretend = 0, frame = 0
 248              		@ frame_needed = 0, uses_anonymous_args = 0
 249              		@ link register save eliminated.
 283:Drivers/STM32F0xx_HAL_Driver/Src/stm32f0xx_hal.c ****   uwTick += uwTickFreq;
 250              		.loc 1 283 3 view .LVU39
 251              		.loc 1 283 10 is_stmt 0 view .LVU40
 252 0000 034A     		ldr	r2, .L17
 253 0002 1168     		ldr	r1, [r2]
 254 0004 034B     		ldr	r3, .L17+4
 255 0006 1B78     		ldrb	r3, [r3]
 256 0008 5B18     		adds	r3, r3, r1
 257 000a 1360     		str	r3, [r2]
 284:Drivers/STM32F0xx_HAL_Driver/Src/stm32f0xx_hal.c **** }
 258              		.loc 1 284 1 view .LVU41
 259              		@ sp needed
 260 000c 7047     		bx	lr
 261              	.L18:
 262 000e C046     		.align	2
 263              	.L17:
 264 0010 00000000 		.word	.LANCHOR2
 265 0014 00000000 		.word	.LANCHOR0
 266              		.cfi_endproc
 267              	.LFE45:
 269              		.section	.text.HAL_GetTick,"ax",%progbits
 270              		.align	1
 271              		.weak	HAL_GetTick
 272              		.syntax unified
 273              		.code	16
 274              		.thumb_func
 275              		.fpu softvfp
 277              	HAL_GetTick:
 278              	.LFB46:
 285:Drivers/STM32F0xx_HAL_Driver/Src/stm32f0xx_hal.c **** 
ARM GAS  /var/folders/b6/0xn3z77n589c481l0rsth7mc0000gn/T//ccZntZy1.s 			page 11


 286:Drivers/STM32F0xx_HAL_Driver/Src/stm32f0xx_hal.c **** /**
 287:Drivers/STM32F0xx_HAL_Driver/Src/stm32f0xx_hal.c ****   * @brief  Provides a tick value in millisecond.
 288:Drivers/STM32F0xx_HAL_Driver/Src/stm32f0xx_hal.c ****   * @note   This function is declared as __weak  to be overwritten  in case of other 
 289:Drivers/STM32F0xx_HAL_Driver/Src/stm32f0xx_hal.c ****   *       implementations in user file.
 290:Drivers/STM32F0xx_HAL_Driver/Src/stm32f0xx_hal.c ****   * @retval tick value
 291:Drivers/STM32F0xx_HAL_Driver/Src/stm32f0xx_hal.c ****   */
 292:Drivers/STM32F0xx_HAL_Driver/Src/stm32f0xx_hal.c **** __weak uint32_t HAL_GetTick(void)
 293:Drivers/STM32F0xx_HAL_Driver/Src/stm32f0xx_hal.c **** {
 279              		.loc 1 293 1 is_stmt 1 view -0
 280              		.cfi_startproc
 281              		@ args = 0, pretend = 0, frame = 0
 282              		@ frame_needed = 0, uses_anonymous_args = 0
 283              		@ link register save eliminated.
 294:Drivers/STM32F0xx_HAL_Driver/Src/stm32f0xx_hal.c ****   return uwTick;
 284              		.loc 1 294 3 view .LVU43
 285              		.loc 1 294 10 is_stmt 0 view .LVU44
 286 0000 014B     		ldr	r3, .L20
 287 0002 1868     		ldr	r0, [r3]
 295:Drivers/STM32F0xx_HAL_Driver/Src/stm32f0xx_hal.c **** }
 288              		.loc 1 295 1 view .LVU45
 289              		@ sp needed
 290 0004 7047     		bx	lr
 291              	.L21:
 292 0006 C046     		.align	2
 293              	.L20:
 294 0008 00000000 		.word	.LANCHOR2
 295              		.cfi_endproc
 296              	.LFE46:
 298              		.section	.text.HAL_GetTickPrio,"ax",%progbits
 299              		.align	1
 300              		.global	HAL_GetTickPrio
 301              		.syntax unified
 302              		.code	16
 303              		.thumb_func
 304              		.fpu softvfp
 306              	HAL_GetTickPrio:
 307              	.LFB47:
 296:Drivers/STM32F0xx_HAL_Driver/Src/stm32f0xx_hal.c **** 
 297:Drivers/STM32F0xx_HAL_Driver/Src/stm32f0xx_hal.c **** /**
 298:Drivers/STM32F0xx_HAL_Driver/Src/stm32f0xx_hal.c ****   * @brief This function returns a tick priority.
 299:Drivers/STM32F0xx_HAL_Driver/Src/stm32f0xx_hal.c ****   * @retval tick priority
 300:Drivers/STM32F0xx_HAL_Driver/Src/stm32f0xx_hal.c ****   */
 301:Drivers/STM32F0xx_HAL_Driver/Src/stm32f0xx_hal.c **** uint32_t HAL_GetTickPrio(void)
 302:Drivers/STM32F0xx_HAL_Driver/Src/stm32f0xx_hal.c **** {
 308              		.loc 1 302 1 is_stmt 1 view -0
 309              		.cfi_startproc
 310              		@ args = 0, pretend = 0, frame = 0
 311              		@ frame_needed = 0, uses_anonymous_args = 0
 312              		@ link register save eliminated.
 303:Drivers/STM32F0xx_HAL_Driver/Src/stm32f0xx_hal.c ****   return uwTickPrio;
 313              		.loc 1 303 3 view .LVU47
 314              		.loc 1 303 10 is_stmt 0 view .LVU48
 315 0000 014B     		ldr	r3, .L23
 316 0002 1868     		ldr	r0, [r3]
 304:Drivers/STM32F0xx_HAL_Driver/Src/stm32f0xx_hal.c **** }
 317              		.loc 1 304 1 view .LVU49
 318              		@ sp needed
ARM GAS  /var/folders/b6/0xn3z77n589c481l0rsth7mc0000gn/T//ccZntZy1.s 			page 12


 319 0004 7047     		bx	lr
 320              	.L24:
 321 0006 C046     		.align	2
 322              	.L23:
 323 0008 00000000 		.word	.LANCHOR1
 324              		.cfi_endproc
 325              	.LFE47:
 327              		.section	.text.HAL_SetTickFreq,"ax",%progbits
 328              		.align	1
 329              		.global	HAL_SetTickFreq
 330              		.syntax unified
 331              		.code	16
 332              		.thumb_func
 333              		.fpu softvfp
 335              	HAL_SetTickFreq:
 336              	.LVL10:
 337              	.LFB48:
 305:Drivers/STM32F0xx_HAL_Driver/Src/stm32f0xx_hal.c **** 
 306:Drivers/STM32F0xx_HAL_Driver/Src/stm32f0xx_hal.c **** /**
 307:Drivers/STM32F0xx_HAL_Driver/Src/stm32f0xx_hal.c ****   * @brief Set new tick Freq.
 308:Drivers/STM32F0xx_HAL_Driver/Src/stm32f0xx_hal.c ****   * @retval status
 309:Drivers/STM32F0xx_HAL_Driver/Src/stm32f0xx_hal.c ****   */
 310:Drivers/STM32F0xx_HAL_Driver/Src/stm32f0xx_hal.c **** HAL_StatusTypeDef HAL_SetTickFreq(HAL_TickFreqTypeDef Freq)
 311:Drivers/STM32F0xx_HAL_Driver/Src/stm32f0xx_hal.c **** {
 338              		.loc 1 311 1 is_stmt 1 view -0
 339              		.cfi_startproc
 340              		@ args = 0, pretend = 0, frame = 0
 341              		@ frame_needed = 0, uses_anonymous_args = 0
 342              		.loc 1 311 1 is_stmt 0 view .LVU51
 343 0000 10B5     		push	{r4, lr}
 344              		.cfi_def_cfa_offset 8
 345              		.cfi_offset 4, -8
 346              		.cfi_offset 14, -4
 312:Drivers/STM32F0xx_HAL_Driver/Src/stm32f0xx_hal.c ****   HAL_StatusTypeDef status  = HAL_OK;
 347              		.loc 1 312 3 is_stmt 1 view .LVU52
 348              	.LVL11:
 313:Drivers/STM32F0xx_HAL_Driver/Src/stm32f0xx_hal.c ****   HAL_TickFreqTypeDef prevTickFreq;
 349              		.loc 1 313 3 view .LVU53
 314:Drivers/STM32F0xx_HAL_Driver/Src/stm32f0xx_hal.c **** 
 315:Drivers/STM32F0xx_HAL_Driver/Src/stm32f0xx_hal.c ****   assert_param(IS_TICKFREQ(Freq));
 350              		.loc 1 315 3 view .LVU54
 316:Drivers/STM32F0xx_HAL_Driver/Src/stm32f0xx_hal.c **** 
 317:Drivers/STM32F0xx_HAL_Driver/Src/stm32f0xx_hal.c ****   if (uwTickFreq != Freq)
 351              		.loc 1 317 3 view .LVU55
 352              		.loc 1 317 18 is_stmt 0 view .LVU56
 353 0002 084B     		ldr	r3, .L29
 354 0004 1C78     		ldrb	r4, [r3]
 355              		.loc 1 317 6 view .LVU57
 356 0006 8442     		cmp	r4, r0
 357 0008 01D1     		bne	.L28
 312:Drivers/STM32F0xx_HAL_Driver/Src/stm32f0xx_hal.c ****   HAL_TickFreqTypeDef prevTickFreq;
 358              		.loc 1 312 21 view .LVU58
 359 000a 0020     		movs	r0, #0
 360              	.LVL12:
 361              	.L26:
 318:Drivers/STM32F0xx_HAL_Driver/Src/stm32f0xx_hal.c ****   {
 319:Drivers/STM32F0xx_HAL_Driver/Src/stm32f0xx_hal.c ****     /* Back up uwTickFreq frequency */
ARM GAS  /var/folders/b6/0xn3z77n589c481l0rsth7mc0000gn/T//ccZntZy1.s 			page 13


 320:Drivers/STM32F0xx_HAL_Driver/Src/stm32f0xx_hal.c ****     prevTickFreq = uwTickFreq;
 321:Drivers/STM32F0xx_HAL_Driver/Src/stm32f0xx_hal.c **** 
 322:Drivers/STM32F0xx_HAL_Driver/Src/stm32f0xx_hal.c ****     /* Update uwTickFreq global variable used by HAL_InitTick() */
 323:Drivers/STM32F0xx_HAL_Driver/Src/stm32f0xx_hal.c ****     uwTickFreq = Freq;
 324:Drivers/STM32F0xx_HAL_Driver/Src/stm32f0xx_hal.c **** 
 325:Drivers/STM32F0xx_HAL_Driver/Src/stm32f0xx_hal.c ****     /* Apply the new tick Freq */
 326:Drivers/STM32F0xx_HAL_Driver/Src/stm32f0xx_hal.c ****     status = HAL_InitTick(uwTickPrio);
 327:Drivers/STM32F0xx_HAL_Driver/Src/stm32f0xx_hal.c **** 
 328:Drivers/STM32F0xx_HAL_Driver/Src/stm32f0xx_hal.c ****     if (status != HAL_OK)
 329:Drivers/STM32F0xx_HAL_Driver/Src/stm32f0xx_hal.c ****     {
 330:Drivers/STM32F0xx_HAL_Driver/Src/stm32f0xx_hal.c ****       /* Restore previous tick frequency */
 331:Drivers/STM32F0xx_HAL_Driver/Src/stm32f0xx_hal.c ****       uwTickFreq = prevTickFreq;
 332:Drivers/STM32F0xx_HAL_Driver/Src/stm32f0xx_hal.c ****     }
 333:Drivers/STM32F0xx_HAL_Driver/Src/stm32f0xx_hal.c ****   }
 334:Drivers/STM32F0xx_HAL_Driver/Src/stm32f0xx_hal.c **** 
 335:Drivers/STM32F0xx_HAL_Driver/Src/stm32f0xx_hal.c ****   return status;
 362              		.loc 1 335 3 is_stmt 1 view .LVU59
 336:Drivers/STM32F0xx_HAL_Driver/Src/stm32f0xx_hal.c **** }
 363              		.loc 1 336 1 is_stmt 0 view .LVU60
 364              		@ sp needed
 365 000c 10BD     		pop	{r4, pc}
 366              	.LVL13:
 367              	.L28:
 320:Drivers/STM32F0xx_HAL_Driver/Src/stm32f0xx_hal.c **** 
 368              		.loc 1 320 5 is_stmt 1 view .LVU61
 323:Drivers/STM32F0xx_HAL_Driver/Src/stm32f0xx_hal.c **** 
 369              		.loc 1 323 5 view .LVU62
 323:Drivers/STM32F0xx_HAL_Driver/Src/stm32f0xx_hal.c **** 
 370              		.loc 1 323 16 is_stmt 0 view .LVU63
 371 000e 1870     		strb	r0, [r3]
 326:Drivers/STM32F0xx_HAL_Driver/Src/stm32f0xx_hal.c **** 
 372              		.loc 1 326 5 is_stmt 1 view .LVU64
 326:Drivers/STM32F0xx_HAL_Driver/Src/stm32f0xx_hal.c **** 
 373              		.loc 1 326 14 is_stmt 0 view .LVU65
 374 0010 054B     		ldr	r3, .L29+4
 375 0012 1868     		ldr	r0, [r3]
 376              	.LVL14:
 326:Drivers/STM32F0xx_HAL_Driver/Src/stm32f0xx_hal.c **** 
 377              		.loc 1 326 14 view .LVU66
 378 0014 FFF7FEFF 		bl	HAL_InitTick
 379              	.LVL15:
 328:Drivers/STM32F0xx_HAL_Driver/Src/stm32f0xx_hal.c ****     {
 380              		.loc 1 328 5 is_stmt 1 view .LVU67
 328:Drivers/STM32F0xx_HAL_Driver/Src/stm32f0xx_hal.c ****     {
 381              		.loc 1 328 8 is_stmt 0 view .LVU68
 382 0018 0028     		cmp	r0, #0
 383 001a F7D0     		beq	.L26
 331:Drivers/STM32F0xx_HAL_Driver/Src/stm32f0xx_hal.c ****     }
 384              		.loc 1 331 7 is_stmt 1 view .LVU69
 331:Drivers/STM32F0xx_HAL_Driver/Src/stm32f0xx_hal.c ****     }
 385              		.loc 1 331 18 is_stmt 0 view .LVU70
 386 001c 014B     		ldr	r3, .L29
 387 001e 1C70     		strb	r4, [r3]
 388 0020 F4E7     		b	.L26
 389              	.L30:
 390 0022 C046     		.align	2
 391              	.L29:
ARM GAS  /var/folders/b6/0xn3z77n589c481l0rsth7mc0000gn/T//ccZntZy1.s 			page 14


 392 0024 00000000 		.word	.LANCHOR0
 393 0028 00000000 		.word	.LANCHOR1
 394              		.cfi_endproc
 395              	.LFE48:
 397              		.section	.text.HAL_GetTickFreq,"ax",%progbits
 398              		.align	1
 399              		.global	HAL_GetTickFreq
 400              		.syntax unified
 401              		.code	16
 402              		.thumb_func
 403              		.fpu softvfp
 405              	HAL_GetTickFreq:
 406              	.LFB49:
 337:Drivers/STM32F0xx_HAL_Driver/Src/stm32f0xx_hal.c **** 
 338:Drivers/STM32F0xx_HAL_Driver/Src/stm32f0xx_hal.c **** /**
 339:Drivers/STM32F0xx_HAL_Driver/Src/stm32f0xx_hal.c ****   * @brief return tick frequency.
 340:Drivers/STM32F0xx_HAL_Driver/Src/stm32f0xx_hal.c ****   * @retval tick period in Hz
 341:Drivers/STM32F0xx_HAL_Driver/Src/stm32f0xx_hal.c ****   */
 342:Drivers/STM32F0xx_HAL_Driver/Src/stm32f0xx_hal.c **** HAL_TickFreqTypeDef HAL_GetTickFreq(void)
 343:Drivers/STM32F0xx_HAL_Driver/Src/stm32f0xx_hal.c **** {
 407              		.loc 1 343 1 is_stmt 1 view -0
 408              		.cfi_startproc
 409              		@ args = 0, pretend = 0, frame = 0
 410              		@ frame_needed = 0, uses_anonymous_args = 0
 411              		@ link register save eliminated.
 344:Drivers/STM32F0xx_HAL_Driver/Src/stm32f0xx_hal.c ****   return uwTickFreq;
 412              		.loc 1 344 3 view .LVU72
 413              		.loc 1 344 10 is_stmt 0 view .LVU73
 414 0000 014B     		ldr	r3, .L32
 415 0002 1878     		ldrb	r0, [r3]
 345:Drivers/STM32F0xx_HAL_Driver/Src/stm32f0xx_hal.c **** }
 416              		.loc 1 345 1 view .LVU74
 417              		@ sp needed
 418 0004 7047     		bx	lr
 419              	.L33:
 420 0006 C046     		.align	2
 421              	.L32:
 422 0008 00000000 		.word	.LANCHOR0
 423              		.cfi_endproc
 424              	.LFE49:
 426              		.section	.text.HAL_Delay,"ax",%progbits
 427              		.align	1
 428              		.weak	HAL_Delay
 429              		.syntax unified
 430              		.code	16
 431              		.thumb_func
 432              		.fpu softvfp
 434              	HAL_Delay:
 435              	.LVL16:
 436              	.LFB50:
 346:Drivers/STM32F0xx_HAL_Driver/Src/stm32f0xx_hal.c **** 
 347:Drivers/STM32F0xx_HAL_Driver/Src/stm32f0xx_hal.c **** /**
 348:Drivers/STM32F0xx_HAL_Driver/Src/stm32f0xx_hal.c ****   * @brief This function provides accurate delay (in milliseconds) based 
 349:Drivers/STM32F0xx_HAL_Driver/Src/stm32f0xx_hal.c ****   *        on variable incremented.
 350:Drivers/STM32F0xx_HAL_Driver/Src/stm32f0xx_hal.c ****   * @note In the default implementation , SysTick timer is the source of time base.
 351:Drivers/STM32F0xx_HAL_Driver/Src/stm32f0xx_hal.c ****   *       It is used to generate interrupts at regular time intervals where uwTick
 352:Drivers/STM32F0xx_HAL_Driver/Src/stm32f0xx_hal.c ****   *       is incremented.
ARM GAS  /var/folders/b6/0xn3z77n589c481l0rsth7mc0000gn/T//ccZntZy1.s 			page 15


 353:Drivers/STM32F0xx_HAL_Driver/Src/stm32f0xx_hal.c ****   * @note ThiS function is declared as __weak to be overwritten in case of other
 354:Drivers/STM32F0xx_HAL_Driver/Src/stm32f0xx_hal.c ****   *       implementations in user file.
 355:Drivers/STM32F0xx_HAL_Driver/Src/stm32f0xx_hal.c ****   * @param Delay specifies the delay time length, in milliseconds.
 356:Drivers/STM32F0xx_HAL_Driver/Src/stm32f0xx_hal.c ****   * @retval None
 357:Drivers/STM32F0xx_HAL_Driver/Src/stm32f0xx_hal.c ****   */
 358:Drivers/STM32F0xx_HAL_Driver/Src/stm32f0xx_hal.c **** __weak void HAL_Delay(uint32_t Delay)
 359:Drivers/STM32F0xx_HAL_Driver/Src/stm32f0xx_hal.c **** {
 437              		.loc 1 359 1 is_stmt 1 view -0
 438              		.cfi_startproc
 439              		@ args = 0, pretend = 0, frame = 0
 440              		@ frame_needed = 0, uses_anonymous_args = 0
 441              		.loc 1 359 1 is_stmt 0 view .LVU76
 442 0000 70B5     		push	{r4, r5, r6, lr}
 443              		.cfi_def_cfa_offset 16
 444              		.cfi_offset 4, -16
 445              		.cfi_offset 5, -12
 446              		.cfi_offset 6, -8
 447              		.cfi_offset 14, -4
 448 0002 0400     		movs	r4, r0
 360:Drivers/STM32F0xx_HAL_Driver/Src/stm32f0xx_hal.c ****   uint32_t tickstart = HAL_GetTick();
 449              		.loc 1 360 3 is_stmt 1 view .LVU77
 450              		.loc 1 360 24 is_stmt 0 view .LVU78
 451 0004 FFF7FEFF 		bl	HAL_GetTick
 452              	.LVL17:
 453              		.loc 1 360 24 view .LVU79
 454 0008 0500     		movs	r5, r0
 455              	.LVL18:
 361:Drivers/STM32F0xx_HAL_Driver/Src/stm32f0xx_hal.c ****   uint32_t wait = Delay;
 456              		.loc 1 361 3 is_stmt 1 view .LVU80
 362:Drivers/STM32F0xx_HAL_Driver/Src/stm32f0xx_hal.c ****   
 363:Drivers/STM32F0xx_HAL_Driver/Src/stm32f0xx_hal.c ****   /* Add a freq to guarantee minimum wait */
 364:Drivers/STM32F0xx_HAL_Driver/Src/stm32f0xx_hal.c ****   if (wait < HAL_MAX_DELAY)
 457              		.loc 1 364 3 view .LVU81
 458              		.loc 1 364 6 is_stmt 0 view .LVU82
 459 000a 631C     		adds	r3, r4, #1
 460 000c 02D0     		beq	.L36
 365:Drivers/STM32F0xx_HAL_Driver/Src/stm32f0xx_hal.c ****   {
 366:Drivers/STM32F0xx_HAL_Driver/Src/stm32f0xx_hal.c ****     wait += (uint32_t)(uwTickFreq);
 461              		.loc 1 366 5 is_stmt 1 view .LVU83
 462              		.loc 1 366 13 is_stmt 0 view .LVU84
 463 000e 044B     		ldr	r3, .L37
 464 0010 1B78     		ldrb	r3, [r3]
 465              		.loc 1 366 10 view .LVU85
 466 0012 E418     		adds	r4, r4, r3
 467              	.LVL19:
 468              	.L36:
 367:Drivers/STM32F0xx_HAL_Driver/Src/stm32f0xx_hal.c ****   }
 368:Drivers/STM32F0xx_HAL_Driver/Src/stm32f0xx_hal.c ****   
 369:Drivers/STM32F0xx_HAL_Driver/Src/stm32f0xx_hal.c ****   while((HAL_GetTick() - tickstart) < wait)
 370:Drivers/STM32F0xx_HAL_Driver/Src/stm32f0xx_hal.c ****   {
 371:Drivers/STM32F0xx_HAL_Driver/Src/stm32f0xx_hal.c ****   }
 469              		.loc 1 371 3 is_stmt 1 discriminator 1 view .LVU86
 369:Drivers/STM32F0xx_HAL_Driver/Src/stm32f0xx_hal.c ****   {
 470              		.loc 1 369 8 discriminator 1 view .LVU87
 369:Drivers/STM32F0xx_HAL_Driver/Src/stm32f0xx_hal.c ****   {
 471              		.loc 1 369 10 is_stmt 0 discriminator 1 view .LVU88
 472 0014 FFF7FEFF 		bl	HAL_GetTick
ARM GAS  /var/folders/b6/0xn3z77n589c481l0rsth7mc0000gn/T//ccZntZy1.s 			page 16


 473              	.LVL20:
 369:Drivers/STM32F0xx_HAL_Driver/Src/stm32f0xx_hal.c ****   {
 474              		.loc 1 369 24 discriminator 1 view .LVU89
 475 0018 401B     		subs	r0, r0, r5
 369:Drivers/STM32F0xx_HAL_Driver/Src/stm32f0xx_hal.c ****   {
 476              		.loc 1 369 8 discriminator 1 view .LVU90
 477 001a A042     		cmp	r0, r4
 478 001c FAD3     		bcc	.L36
 372:Drivers/STM32F0xx_HAL_Driver/Src/stm32f0xx_hal.c **** }
 479              		.loc 1 372 1 view .LVU91
 480              		@ sp needed
 481              	.LVL21:
 482              	.LVL22:
 483              		.loc 1 372 1 view .LVU92
 484 001e 70BD     		pop	{r4, r5, r6, pc}
 485              	.L38:
 486              		.align	2
 487              	.L37:
 488 0020 00000000 		.word	.LANCHOR0
 489              		.cfi_endproc
 490              	.LFE50:
 492              		.section	.text.HAL_SuspendTick,"ax",%progbits
 493              		.align	1
 494              		.weak	HAL_SuspendTick
 495              		.syntax unified
 496              		.code	16
 497              		.thumb_func
 498              		.fpu softvfp
 500              	HAL_SuspendTick:
 501              	.LFB51:
 373:Drivers/STM32F0xx_HAL_Driver/Src/stm32f0xx_hal.c **** 
 374:Drivers/STM32F0xx_HAL_Driver/Src/stm32f0xx_hal.c **** /**
 375:Drivers/STM32F0xx_HAL_Driver/Src/stm32f0xx_hal.c ****   * @brief Suspend Tick increment.
 376:Drivers/STM32F0xx_HAL_Driver/Src/stm32f0xx_hal.c ****   * @note In the default implementation , SysTick timer is the source of time base. It is
 377:Drivers/STM32F0xx_HAL_Driver/Src/stm32f0xx_hal.c ****   *       used to generate interrupts at regular time intervals. Once HAL_SuspendTick()
 378:Drivers/STM32F0xx_HAL_Driver/Src/stm32f0xx_hal.c ****   *       is called, the the SysTick interrupt will be disabled and so Tick increment 
 379:Drivers/STM32F0xx_HAL_Driver/Src/stm32f0xx_hal.c ****   *       is suspended.
 380:Drivers/STM32F0xx_HAL_Driver/Src/stm32f0xx_hal.c ****   * @note This function is declared as __weak to be overwritten in case of other
 381:Drivers/STM32F0xx_HAL_Driver/Src/stm32f0xx_hal.c ****   *       implementations in user file.
 382:Drivers/STM32F0xx_HAL_Driver/Src/stm32f0xx_hal.c ****   * @retval None
 383:Drivers/STM32F0xx_HAL_Driver/Src/stm32f0xx_hal.c ****   */
 384:Drivers/STM32F0xx_HAL_Driver/Src/stm32f0xx_hal.c **** __weak void HAL_SuspendTick(void)
 385:Drivers/STM32F0xx_HAL_Driver/Src/stm32f0xx_hal.c **** 
 386:Drivers/STM32F0xx_HAL_Driver/Src/stm32f0xx_hal.c **** {
 502              		.loc 1 386 1 is_stmt 1 view -0
 503              		.cfi_startproc
 504              		@ args = 0, pretend = 0, frame = 0
 505              		@ frame_needed = 0, uses_anonymous_args = 0
 506              		@ link register save eliminated.
 387:Drivers/STM32F0xx_HAL_Driver/Src/stm32f0xx_hal.c ****   /* Disable SysTick Interrupt */
 388:Drivers/STM32F0xx_HAL_Driver/Src/stm32f0xx_hal.c ****   CLEAR_BIT(SysTick->CTRL,SysTick_CTRL_TICKINT_Msk);
 507              		.loc 1 388 3 view .LVU94
 508 0000 024A     		ldr	r2, .L40
 509 0002 1368     		ldr	r3, [r2]
 510 0004 0221     		movs	r1, #2
 511 0006 8B43     		bics	r3, r1
 512 0008 1360     		str	r3, [r2]
ARM GAS  /var/folders/b6/0xn3z77n589c481l0rsth7mc0000gn/T//ccZntZy1.s 			page 17


 389:Drivers/STM32F0xx_HAL_Driver/Src/stm32f0xx_hal.c **** }
 513              		.loc 1 389 1 is_stmt 0 view .LVU95
 514              		@ sp needed
 515 000a 7047     		bx	lr
 516              	.L41:
 517              		.align	2
 518              	.L40:
 519 000c 10E000E0 		.word	-536813552
 520              		.cfi_endproc
 521              	.LFE51:
 523              		.section	.text.HAL_ResumeTick,"ax",%progbits
 524              		.align	1
 525              		.weak	HAL_ResumeTick
 526              		.syntax unified
 527              		.code	16
 528              		.thumb_func
 529              		.fpu softvfp
 531              	HAL_ResumeTick:
 532              	.LFB52:
 390:Drivers/STM32F0xx_HAL_Driver/Src/stm32f0xx_hal.c **** 
 391:Drivers/STM32F0xx_HAL_Driver/Src/stm32f0xx_hal.c **** /**
 392:Drivers/STM32F0xx_HAL_Driver/Src/stm32f0xx_hal.c ****   * @brief Resume Tick increment.
 393:Drivers/STM32F0xx_HAL_Driver/Src/stm32f0xx_hal.c ****   * @note In the default implementation , SysTick timer is the source of time base. It is
 394:Drivers/STM32F0xx_HAL_Driver/Src/stm32f0xx_hal.c ****   *       used to generate interrupts at regular time intervals. Once HAL_ResumeTick()
 395:Drivers/STM32F0xx_HAL_Driver/Src/stm32f0xx_hal.c ****   *       is called, the the SysTick interrupt will be enabled and so Tick increment 
 396:Drivers/STM32F0xx_HAL_Driver/Src/stm32f0xx_hal.c ****   *       is resumed.
 397:Drivers/STM32F0xx_HAL_Driver/Src/stm32f0xx_hal.c ****   * @note This function is declared as __weak  to be overwritten  in case of other
 398:Drivers/STM32F0xx_HAL_Driver/Src/stm32f0xx_hal.c ****   *       implementations in user file.
 399:Drivers/STM32F0xx_HAL_Driver/Src/stm32f0xx_hal.c ****   * @retval None
 400:Drivers/STM32F0xx_HAL_Driver/Src/stm32f0xx_hal.c ****   */
 401:Drivers/STM32F0xx_HAL_Driver/Src/stm32f0xx_hal.c **** __weak void HAL_ResumeTick(void)
 402:Drivers/STM32F0xx_HAL_Driver/Src/stm32f0xx_hal.c **** {
 533              		.loc 1 402 1 is_stmt 1 view -0
 534              		.cfi_startproc
 535              		@ args = 0, pretend = 0, frame = 0
 536              		@ frame_needed = 0, uses_anonymous_args = 0
 537              		@ link register save eliminated.
 403:Drivers/STM32F0xx_HAL_Driver/Src/stm32f0xx_hal.c ****   /* Enable SysTick Interrupt */
 404:Drivers/STM32F0xx_HAL_Driver/Src/stm32f0xx_hal.c ****   SET_BIT(SysTick->CTRL,SysTick_CTRL_TICKINT_Msk);
 538              		.loc 1 404 3 view .LVU97
 539 0000 024A     		ldr	r2, .L43
 540 0002 1368     		ldr	r3, [r2]
 541 0004 0221     		movs	r1, #2
 542 0006 0B43     		orrs	r3, r1
 543 0008 1360     		str	r3, [r2]
 405:Drivers/STM32F0xx_HAL_Driver/Src/stm32f0xx_hal.c **** }
 544              		.loc 1 405 1 is_stmt 0 view .LVU98
 545              		@ sp needed
 546 000a 7047     		bx	lr
 547              	.L44:
 548              		.align	2
 549              	.L43:
 550 000c 10E000E0 		.word	-536813552
 551              		.cfi_endproc
 552              	.LFE52:
 554              		.section	.text.HAL_GetHalVersion,"ax",%progbits
 555              		.align	1
ARM GAS  /var/folders/b6/0xn3z77n589c481l0rsth7mc0000gn/T//ccZntZy1.s 			page 18


 556              		.global	HAL_GetHalVersion
 557              		.syntax unified
 558              		.code	16
 559              		.thumb_func
 560              		.fpu softvfp
 562              	HAL_GetHalVersion:
 563              	.LFB53:
 406:Drivers/STM32F0xx_HAL_Driver/Src/stm32f0xx_hal.c **** 
 407:Drivers/STM32F0xx_HAL_Driver/Src/stm32f0xx_hal.c **** /**
 408:Drivers/STM32F0xx_HAL_Driver/Src/stm32f0xx_hal.c ****   * @brief  This method returns the HAL revision
 409:Drivers/STM32F0xx_HAL_Driver/Src/stm32f0xx_hal.c ****   * @retval version 0xXYZR (8bits for each decimal, R for RC)
 410:Drivers/STM32F0xx_HAL_Driver/Src/stm32f0xx_hal.c ****   */
 411:Drivers/STM32F0xx_HAL_Driver/Src/stm32f0xx_hal.c **** uint32_t HAL_GetHalVersion(void)
 412:Drivers/STM32F0xx_HAL_Driver/Src/stm32f0xx_hal.c **** {
 564              		.loc 1 412 1 is_stmt 1 view -0
 565              		.cfi_startproc
 566              		@ args = 0, pretend = 0, frame = 0
 567              		@ frame_needed = 0, uses_anonymous_args = 0
 568              		@ link register save eliminated.
 413:Drivers/STM32F0xx_HAL_Driver/Src/stm32f0xx_hal.c ****  return __STM32F0xx_HAL_VERSION;
 569              		.loc 1 413 2 view .LVU100
 414:Drivers/STM32F0xx_HAL_Driver/Src/stm32f0xx_hal.c **** }
 570              		.loc 1 414 1 is_stmt 0 view .LVU101
 571 0000 0048     		ldr	r0, .L46
 572              		@ sp needed
 573 0002 7047     		bx	lr
 574              	.L47:
 575              		.align	2
 576              	.L46:
 577 0004 00060701 		.word	17237504
 578              		.cfi_endproc
 579              	.LFE53:
 581              		.section	.text.HAL_GetREVID,"ax",%progbits
 582              		.align	1
 583              		.global	HAL_GetREVID
 584              		.syntax unified
 585              		.code	16
 586              		.thumb_func
 587              		.fpu softvfp
 589              	HAL_GetREVID:
 590              	.LFB54:
 415:Drivers/STM32F0xx_HAL_Driver/Src/stm32f0xx_hal.c **** 
 416:Drivers/STM32F0xx_HAL_Driver/Src/stm32f0xx_hal.c **** /**
 417:Drivers/STM32F0xx_HAL_Driver/Src/stm32f0xx_hal.c ****   * @brief  Returns the device revision identifier.
 418:Drivers/STM32F0xx_HAL_Driver/Src/stm32f0xx_hal.c ****   * @retval Device revision identifier
 419:Drivers/STM32F0xx_HAL_Driver/Src/stm32f0xx_hal.c ****   */
 420:Drivers/STM32F0xx_HAL_Driver/Src/stm32f0xx_hal.c **** uint32_t HAL_GetREVID(void)
 421:Drivers/STM32F0xx_HAL_Driver/Src/stm32f0xx_hal.c **** {
 591              		.loc 1 421 1 is_stmt 1 view -0
 592              		.cfi_startproc
 593              		@ args = 0, pretend = 0, frame = 0
 594              		@ frame_needed = 0, uses_anonymous_args = 0
 595              		@ link register save eliminated.
 422:Drivers/STM32F0xx_HAL_Driver/Src/stm32f0xx_hal.c ****    return((DBGMCU->IDCODE) >> 16U);
 596              		.loc 1 422 4 view .LVU103
 597              		.loc 1 422 18 is_stmt 0 view .LVU104
 598 0000 014B     		ldr	r3, .L49
ARM GAS  /var/folders/b6/0xn3z77n589c481l0rsth7mc0000gn/T//ccZntZy1.s 			page 19


 599 0002 1868     		ldr	r0, [r3]
 600              		.loc 1 422 28 view .LVU105
 601 0004 000C     		lsrs	r0, r0, #16
 423:Drivers/STM32F0xx_HAL_Driver/Src/stm32f0xx_hal.c **** }
 602              		.loc 1 423 1 view .LVU106
 603              		@ sp needed
 604 0006 7047     		bx	lr
 605              	.L50:
 606              		.align	2
 607              	.L49:
 608 0008 00580140 		.word	1073829888
 609              		.cfi_endproc
 610              	.LFE54:
 612              		.section	.text.HAL_GetDEVID,"ax",%progbits
 613              		.align	1
 614              		.global	HAL_GetDEVID
 615              		.syntax unified
 616              		.code	16
 617              		.thumb_func
 618              		.fpu softvfp
 620              	HAL_GetDEVID:
 621              	.LFB55:
 424:Drivers/STM32F0xx_HAL_Driver/Src/stm32f0xx_hal.c **** 
 425:Drivers/STM32F0xx_HAL_Driver/Src/stm32f0xx_hal.c **** /**
 426:Drivers/STM32F0xx_HAL_Driver/Src/stm32f0xx_hal.c ****   * @brief  Returns the device identifier.
 427:Drivers/STM32F0xx_HAL_Driver/Src/stm32f0xx_hal.c ****   * @retval Device identifier
 428:Drivers/STM32F0xx_HAL_Driver/Src/stm32f0xx_hal.c ****   */
 429:Drivers/STM32F0xx_HAL_Driver/Src/stm32f0xx_hal.c **** uint32_t HAL_GetDEVID(void)
 430:Drivers/STM32F0xx_HAL_Driver/Src/stm32f0xx_hal.c **** {
 622              		.loc 1 430 1 is_stmt 1 view -0
 623              		.cfi_startproc
 624              		@ args = 0, pretend = 0, frame = 0
 625              		@ frame_needed = 0, uses_anonymous_args = 0
 626              		@ link register save eliminated.
 431:Drivers/STM32F0xx_HAL_Driver/Src/stm32f0xx_hal.c ****    return((DBGMCU->IDCODE) & IDCODE_DEVID_MASK);
 627              		.loc 1 431 4 view .LVU108
 628              		.loc 1 431 18 is_stmt 0 view .LVU109
 629 0000 024B     		ldr	r3, .L52
 630 0002 1868     		ldr	r0, [r3]
 631              		.loc 1 431 28 view .LVU110
 632 0004 0005     		lsls	r0, r0, #20
 633 0006 000D     		lsrs	r0, r0, #20
 432:Drivers/STM32F0xx_HAL_Driver/Src/stm32f0xx_hal.c **** }
 634              		.loc 1 432 1 view .LVU111
 635              		@ sp needed
 636 0008 7047     		bx	lr
 637              	.L53:
 638 000a C046     		.align	2
 639              	.L52:
 640 000c 00580140 		.word	1073829888
 641              		.cfi_endproc
 642              	.LFE55:
 644              		.section	.text.HAL_GetUIDw0,"ax",%progbits
 645              		.align	1
 646              		.global	HAL_GetUIDw0
 647              		.syntax unified
 648              		.code	16
ARM GAS  /var/folders/b6/0xn3z77n589c481l0rsth7mc0000gn/T//ccZntZy1.s 			page 20


 649              		.thumb_func
 650              		.fpu softvfp
 652              	HAL_GetUIDw0:
 653              	.LFB56:
 433:Drivers/STM32F0xx_HAL_Driver/Src/stm32f0xx_hal.c **** 
 434:Drivers/STM32F0xx_HAL_Driver/Src/stm32f0xx_hal.c **** /**
 435:Drivers/STM32F0xx_HAL_Driver/Src/stm32f0xx_hal.c ****   * @brief  Returns first word of the unique device identifier (UID based on 96 bits)
 436:Drivers/STM32F0xx_HAL_Driver/Src/stm32f0xx_hal.c ****   * @retval Device identifier
 437:Drivers/STM32F0xx_HAL_Driver/Src/stm32f0xx_hal.c ****   */
 438:Drivers/STM32F0xx_HAL_Driver/Src/stm32f0xx_hal.c **** uint32_t HAL_GetUIDw0(void)
 439:Drivers/STM32F0xx_HAL_Driver/Src/stm32f0xx_hal.c **** {
 654              		.loc 1 439 1 is_stmt 1 view -0
 655              		.cfi_startproc
 656              		@ args = 0, pretend = 0, frame = 0
 657              		@ frame_needed = 0, uses_anonymous_args = 0
 658              		@ link register save eliminated.
 440:Drivers/STM32F0xx_HAL_Driver/Src/stm32f0xx_hal.c ****    return(READ_REG(*((uint32_t *)UID_BASE)));
 659              		.loc 1 440 4 view .LVU113
 660              		.loc 1 440 11 is_stmt 0 view .LVU114
 661 0000 014B     		ldr	r3, .L55
 662 0002 1868     		ldr	r0, [r3]
 441:Drivers/STM32F0xx_HAL_Driver/Src/stm32f0xx_hal.c **** }
 663              		.loc 1 441 1 view .LVU115
 664              		@ sp needed
 665 0004 7047     		bx	lr
 666              	.L56:
 667 0006 C046     		.align	2
 668              	.L55:
 669 0008 ACF7FF1F 		.word	536868780
 670              		.cfi_endproc
 671              	.LFE56:
 673              		.section	.text.HAL_GetUIDw1,"ax",%progbits
 674              		.align	1
 675              		.global	HAL_GetUIDw1
 676              		.syntax unified
 677              		.code	16
 678              		.thumb_func
 679              		.fpu softvfp
 681              	HAL_GetUIDw1:
 682              	.LFB57:
 442:Drivers/STM32F0xx_HAL_Driver/Src/stm32f0xx_hal.c **** 
 443:Drivers/STM32F0xx_HAL_Driver/Src/stm32f0xx_hal.c **** /**
 444:Drivers/STM32F0xx_HAL_Driver/Src/stm32f0xx_hal.c ****   * @brief  Returns second word of the unique device identifier (UID based on 96 bits)
 445:Drivers/STM32F0xx_HAL_Driver/Src/stm32f0xx_hal.c ****   * @retval Device identifier
 446:Drivers/STM32F0xx_HAL_Driver/Src/stm32f0xx_hal.c ****   */
 447:Drivers/STM32F0xx_HAL_Driver/Src/stm32f0xx_hal.c **** uint32_t HAL_GetUIDw1(void)
 448:Drivers/STM32F0xx_HAL_Driver/Src/stm32f0xx_hal.c **** {
 683              		.loc 1 448 1 is_stmt 1 view -0
 684              		.cfi_startproc
 685              		@ args = 0, pretend = 0, frame = 0
 686              		@ frame_needed = 0, uses_anonymous_args = 0
 687              		@ link register save eliminated.
 449:Drivers/STM32F0xx_HAL_Driver/Src/stm32f0xx_hal.c ****    return(READ_REG(*((uint32_t *)(UID_BASE + 4U))));
 688              		.loc 1 449 4 view .LVU117
 689              		.loc 1 449 11 is_stmt 0 view .LVU118
 690 0000 014B     		ldr	r3, .L58
 691 0002 1868     		ldr	r0, [r3]
ARM GAS  /var/folders/b6/0xn3z77n589c481l0rsth7mc0000gn/T//ccZntZy1.s 			page 21


 450:Drivers/STM32F0xx_HAL_Driver/Src/stm32f0xx_hal.c **** }
 692              		.loc 1 450 1 view .LVU119
 693              		@ sp needed
 694 0004 7047     		bx	lr
 695              	.L59:
 696 0006 C046     		.align	2
 697              	.L58:
 698 0008 B0F7FF1F 		.word	536868784
 699              		.cfi_endproc
 700              	.LFE57:
 702              		.section	.text.HAL_GetUIDw2,"ax",%progbits
 703              		.align	1
 704              		.global	HAL_GetUIDw2
 705              		.syntax unified
 706              		.code	16
 707              		.thumb_func
 708              		.fpu softvfp
 710              	HAL_GetUIDw2:
 711              	.LFB58:
 451:Drivers/STM32F0xx_HAL_Driver/Src/stm32f0xx_hal.c **** 
 452:Drivers/STM32F0xx_HAL_Driver/Src/stm32f0xx_hal.c **** /**
 453:Drivers/STM32F0xx_HAL_Driver/Src/stm32f0xx_hal.c ****   * @brief  Returns third word of the unique device identifier (UID based on 96 bits)
 454:Drivers/STM32F0xx_HAL_Driver/Src/stm32f0xx_hal.c ****   * @retval Device identifier
 455:Drivers/STM32F0xx_HAL_Driver/Src/stm32f0xx_hal.c ****   */
 456:Drivers/STM32F0xx_HAL_Driver/Src/stm32f0xx_hal.c **** uint32_t HAL_GetUIDw2(void)
 457:Drivers/STM32F0xx_HAL_Driver/Src/stm32f0xx_hal.c **** {
 712              		.loc 1 457 1 is_stmt 1 view -0
 713              		.cfi_startproc
 714              		@ args = 0, pretend = 0, frame = 0
 715              		@ frame_needed = 0, uses_anonymous_args = 0
 716              		@ link register save eliminated.
 458:Drivers/STM32F0xx_HAL_Driver/Src/stm32f0xx_hal.c ****    return(READ_REG(*((uint32_t *)(UID_BASE + 8U))));
 717              		.loc 1 458 4 view .LVU121
 718              		.loc 1 458 11 is_stmt 0 view .LVU122
 719 0000 014B     		ldr	r3, .L61
 720 0002 1868     		ldr	r0, [r3]
 459:Drivers/STM32F0xx_HAL_Driver/Src/stm32f0xx_hal.c **** }
 721              		.loc 1 459 1 view .LVU123
 722              		@ sp needed
 723 0004 7047     		bx	lr
 724              	.L62:
 725 0006 C046     		.align	2
 726              	.L61:
 727 0008 B4F7FF1F 		.word	536868788
 728              		.cfi_endproc
 729              	.LFE58:
 731              		.section	.text.HAL_DBGMCU_EnableDBGStopMode,"ax",%progbits
 732              		.align	1
 733              		.global	HAL_DBGMCU_EnableDBGStopMode
 734              		.syntax unified
 735              		.code	16
 736              		.thumb_func
 737              		.fpu softvfp
 739              	HAL_DBGMCU_EnableDBGStopMode:
 740              	.LFB59:
 460:Drivers/STM32F0xx_HAL_Driver/Src/stm32f0xx_hal.c **** 
 461:Drivers/STM32F0xx_HAL_Driver/Src/stm32f0xx_hal.c **** /**
ARM GAS  /var/folders/b6/0xn3z77n589c481l0rsth7mc0000gn/T//ccZntZy1.s 			page 22


 462:Drivers/STM32F0xx_HAL_Driver/Src/stm32f0xx_hal.c ****   * @brief  Enable the Debug Module during STOP mode
 463:Drivers/STM32F0xx_HAL_Driver/Src/stm32f0xx_hal.c ****   * @retval None
 464:Drivers/STM32F0xx_HAL_Driver/Src/stm32f0xx_hal.c ****   */
 465:Drivers/STM32F0xx_HAL_Driver/Src/stm32f0xx_hal.c **** void HAL_DBGMCU_EnableDBGStopMode(void)
 466:Drivers/STM32F0xx_HAL_Driver/Src/stm32f0xx_hal.c **** {
 741              		.loc 1 466 1 is_stmt 1 view -0
 742              		.cfi_startproc
 743              		@ args = 0, pretend = 0, frame = 0
 744              		@ frame_needed = 0, uses_anonymous_args = 0
 745              		@ link register save eliminated.
 467:Drivers/STM32F0xx_HAL_Driver/Src/stm32f0xx_hal.c ****   SET_BIT(DBGMCU->CR, DBGMCU_CR_DBG_STOP);
 746              		.loc 1 467 3 view .LVU125
 747 0000 024A     		ldr	r2, .L64
 748 0002 5368     		ldr	r3, [r2, #4]
 749 0004 0221     		movs	r1, #2
 750 0006 0B43     		orrs	r3, r1
 751 0008 5360     		str	r3, [r2, #4]
 468:Drivers/STM32F0xx_HAL_Driver/Src/stm32f0xx_hal.c **** }
 752              		.loc 1 468 1 is_stmt 0 view .LVU126
 753              		@ sp needed
 754 000a 7047     		bx	lr
 755              	.L65:
 756              		.align	2
 757              	.L64:
 758 000c 00580140 		.word	1073829888
 759              		.cfi_endproc
 760              	.LFE59:
 762              		.section	.text.HAL_DBGMCU_DisableDBGStopMode,"ax",%progbits
 763              		.align	1
 764              		.global	HAL_DBGMCU_DisableDBGStopMode
 765              		.syntax unified
 766              		.code	16
 767              		.thumb_func
 768              		.fpu softvfp
 770              	HAL_DBGMCU_DisableDBGStopMode:
 771              	.LFB60:
 469:Drivers/STM32F0xx_HAL_Driver/Src/stm32f0xx_hal.c **** 
 470:Drivers/STM32F0xx_HAL_Driver/Src/stm32f0xx_hal.c **** /**
 471:Drivers/STM32F0xx_HAL_Driver/Src/stm32f0xx_hal.c ****   * @brief  Disable the Debug Module during STOP mode
 472:Drivers/STM32F0xx_HAL_Driver/Src/stm32f0xx_hal.c ****   * @retval None
 473:Drivers/STM32F0xx_HAL_Driver/Src/stm32f0xx_hal.c ****   */
 474:Drivers/STM32F0xx_HAL_Driver/Src/stm32f0xx_hal.c **** void HAL_DBGMCU_DisableDBGStopMode(void)
 475:Drivers/STM32F0xx_HAL_Driver/Src/stm32f0xx_hal.c **** {
 772              		.loc 1 475 1 is_stmt 1 view -0
 773              		.cfi_startproc
 774              		@ args = 0, pretend = 0, frame = 0
 775              		@ frame_needed = 0, uses_anonymous_args = 0
 776              		@ link register save eliminated.
 476:Drivers/STM32F0xx_HAL_Driver/Src/stm32f0xx_hal.c ****   CLEAR_BIT(DBGMCU->CR, DBGMCU_CR_DBG_STOP);
 777              		.loc 1 476 3 view .LVU128
 778 0000 024A     		ldr	r2, .L67
 779 0002 5368     		ldr	r3, [r2, #4]
 780 0004 0221     		movs	r1, #2
 781 0006 8B43     		bics	r3, r1
 782 0008 5360     		str	r3, [r2, #4]
 477:Drivers/STM32F0xx_HAL_Driver/Src/stm32f0xx_hal.c **** }
 783              		.loc 1 477 1 is_stmt 0 view .LVU129
ARM GAS  /var/folders/b6/0xn3z77n589c481l0rsth7mc0000gn/T//ccZntZy1.s 			page 23


 784              		@ sp needed
 785 000a 7047     		bx	lr
 786              	.L68:
 787              		.align	2
 788              	.L67:
 789 000c 00580140 		.word	1073829888
 790              		.cfi_endproc
 791              	.LFE60:
 793              		.section	.text.HAL_DBGMCU_EnableDBGStandbyMode,"ax",%progbits
 794              		.align	1
 795              		.global	HAL_DBGMCU_EnableDBGStandbyMode
 796              		.syntax unified
 797              		.code	16
 798              		.thumb_func
 799              		.fpu softvfp
 801              	HAL_DBGMCU_EnableDBGStandbyMode:
 802              	.LFB61:
 478:Drivers/STM32F0xx_HAL_Driver/Src/stm32f0xx_hal.c **** 
 479:Drivers/STM32F0xx_HAL_Driver/Src/stm32f0xx_hal.c **** /**
 480:Drivers/STM32F0xx_HAL_Driver/Src/stm32f0xx_hal.c ****   * @brief  Enable the Debug Module during STANDBY mode
 481:Drivers/STM32F0xx_HAL_Driver/Src/stm32f0xx_hal.c ****   * @retval None
 482:Drivers/STM32F0xx_HAL_Driver/Src/stm32f0xx_hal.c ****   */
 483:Drivers/STM32F0xx_HAL_Driver/Src/stm32f0xx_hal.c **** void HAL_DBGMCU_EnableDBGStandbyMode(void)
 484:Drivers/STM32F0xx_HAL_Driver/Src/stm32f0xx_hal.c **** {
 803              		.loc 1 484 1 is_stmt 1 view -0
 804              		.cfi_startproc
 805              		@ args = 0, pretend = 0, frame = 0
 806              		@ frame_needed = 0, uses_anonymous_args = 0
 807              		@ link register save eliminated.
 485:Drivers/STM32F0xx_HAL_Driver/Src/stm32f0xx_hal.c ****   SET_BIT(DBGMCU->CR, DBGMCU_CR_DBG_STANDBY);
 808              		.loc 1 485 3 view .LVU131
 809 0000 024A     		ldr	r2, .L70
 810 0002 5368     		ldr	r3, [r2, #4]
 811 0004 0421     		movs	r1, #4
 812 0006 0B43     		orrs	r3, r1
 813 0008 5360     		str	r3, [r2, #4]
 486:Drivers/STM32F0xx_HAL_Driver/Src/stm32f0xx_hal.c **** }
 814              		.loc 1 486 1 is_stmt 0 view .LVU132
 815              		@ sp needed
 816 000a 7047     		bx	lr
 817              	.L71:
 818              		.align	2
 819              	.L70:
 820 000c 00580140 		.word	1073829888
 821              		.cfi_endproc
 822              	.LFE61:
 824              		.section	.text.HAL_DBGMCU_DisableDBGStandbyMode,"ax",%progbits
 825              		.align	1
 826              		.global	HAL_DBGMCU_DisableDBGStandbyMode
 827              		.syntax unified
 828              		.code	16
 829              		.thumb_func
 830              		.fpu softvfp
 832              	HAL_DBGMCU_DisableDBGStandbyMode:
 833              	.LFB62:
 487:Drivers/STM32F0xx_HAL_Driver/Src/stm32f0xx_hal.c **** 
 488:Drivers/STM32F0xx_HAL_Driver/Src/stm32f0xx_hal.c **** /**
ARM GAS  /var/folders/b6/0xn3z77n589c481l0rsth7mc0000gn/T//ccZntZy1.s 			page 24


 489:Drivers/STM32F0xx_HAL_Driver/Src/stm32f0xx_hal.c ****   * @brief  Disable the Debug Module during STANDBY mode
 490:Drivers/STM32F0xx_HAL_Driver/Src/stm32f0xx_hal.c ****   * @retval None
 491:Drivers/STM32F0xx_HAL_Driver/Src/stm32f0xx_hal.c ****   */
 492:Drivers/STM32F0xx_HAL_Driver/Src/stm32f0xx_hal.c **** void HAL_DBGMCU_DisableDBGStandbyMode(void)
 493:Drivers/STM32F0xx_HAL_Driver/Src/stm32f0xx_hal.c **** {
 834              		.loc 1 493 1 is_stmt 1 view -0
 835              		.cfi_startproc
 836              		@ args = 0, pretend = 0, frame = 0
 837              		@ frame_needed = 0, uses_anonymous_args = 0
 838              		@ link register save eliminated.
 494:Drivers/STM32F0xx_HAL_Driver/Src/stm32f0xx_hal.c ****   CLEAR_BIT(DBGMCU->CR, DBGMCU_CR_DBG_STANDBY);
 839              		.loc 1 494 3 view .LVU134
 840 0000 024A     		ldr	r2, .L73
 841 0002 5368     		ldr	r3, [r2, #4]
 842 0004 0421     		movs	r1, #4
 843 0006 8B43     		bics	r3, r1
 844 0008 5360     		str	r3, [r2, #4]
 495:Drivers/STM32F0xx_HAL_Driver/Src/stm32f0xx_hal.c **** }
 845              		.loc 1 495 1 is_stmt 0 view .LVU135
 846              		@ sp needed
 847 000a 7047     		bx	lr
 848              	.L74:
 849              		.align	2
 850              	.L73:
 851 000c 00580140 		.word	1073829888
 852              		.cfi_endproc
 853              	.LFE62:
 855              		.global	uwTickFreq
 856              		.global	uwTickPrio
 857              		.global	uwTick
 858              		.section	.bss.uwTick,"aw",%nobits
 859              		.align	2
 860              		.set	.LANCHOR2,. + 0
 863              	uwTick:
 864 0000 00000000 		.space	4
 865              		.section	.data.uwTickFreq,"aw"
 866              		.set	.LANCHOR0,. + 0
 869              	uwTickFreq:
 870 0000 01       		.byte	1
 871              		.section	.data.uwTickPrio,"aw"
 872              		.align	2
 873              		.set	.LANCHOR1,. + 0
 876              	uwTickPrio:
 877 0000 04000000 		.word	4
 878              		.text
 879              	.Letext0:
 880              		.file 2 "/usr/local/Cellar/arm-gcc-bin@10/10-2020-q4-major/arm-none-eabi/include/machine/_default_
 881              		.file 3 "/usr/local/Cellar/arm-gcc-bin@10/10-2020-q4-major/arm-none-eabi/include/sys/_stdint.h"
 882              		.file 4 "Drivers/CMSIS/Include/core_cm0.h"
 883              		.file 5 "Drivers/CMSIS/Device/ST/STM32F0xx/Include/stm32f051x8.h"
 884              		.file 6 "Drivers/STM32F0xx_HAL_Driver/Inc/stm32f0xx_hal_def.h"
 885              		.file 7 "Drivers/STM32F0xx_HAL_Driver/Inc/stm32f0xx_hal.h"
 886              		.file 8 "Drivers/CMSIS/Device/ST/STM32F0xx/Include/system_stm32f0xx.h"
 887              		.file 9 "Drivers/STM32F0xx_HAL_Driver/Inc/stm32f0xx_hal_cortex.h"
ARM GAS  /var/folders/b6/0xn3z77n589c481l0rsth7mc0000gn/T//ccZntZy1.s 			page 25


DEFINED SYMBOLS
                            *ABS*:0000000000000000 stm32f0xx_hal.c
/var/folders/b6/0xn3z77n589c481l0rsth7mc0000gn/T//ccZntZy1.s:16     .text.HAL_MspInit:0000000000000000 $t
/var/folders/b6/0xn3z77n589c481l0rsth7mc0000gn/T//ccZntZy1.s:24     .text.HAL_MspInit:0000000000000000 HAL_MspInit
/var/folders/b6/0xn3z77n589c481l0rsth7mc0000gn/T//ccZntZy1.s:39     .text.HAL_MspDeInit:0000000000000000 $t
/var/folders/b6/0xn3z77n589c481l0rsth7mc0000gn/T//ccZntZy1.s:46     .text.HAL_MspDeInit:0000000000000000 HAL_MspDeInit
/var/folders/b6/0xn3z77n589c481l0rsth7mc0000gn/T//ccZntZy1.s:60     .text.HAL_DeInit:0000000000000000 $t
/var/folders/b6/0xn3z77n589c481l0rsth7mc0000gn/T//ccZntZy1.s:67     .text.HAL_DeInit:0000000000000000 HAL_DeInit
/var/folders/b6/0xn3z77n589c481l0rsth7mc0000gn/T//ccZntZy1.s:104    .text.HAL_DeInit:0000000000000020 $d
/var/folders/b6/0xn3z77n589c481l0rsth7mc0000gn/T//ccZntZy1.s:110    .text.HAL_InitTick:0000000000000000 $t
/var/folders/b6/0xn3z77n589c481l0rsth7mc0000gn/T//ccZntZy1.s:117    .text.HAL_InitTick:0000000000000000 HAL_InitTick
/var/folders/b6/0xn3z77n589c481l0rsth7mc0000gn/T//ccZntZy1.s:186    .text.HAL_InitTick:0000000000000044 $d
/var/folders/b6/0xn3z77n589c481l0rsth7mc0000gn/T//ccZntZy1.s:193    .text.HAL_Init:0000000000000000 $t
/var/folders/b6/0xn3z77n589c481l0rsth7mc0000gn/T//ccZntZy1.s:200    .text.HAL_Init:0000000000000000 HAL_Init
/var/folders/b6/0xn3z77n589c481l0rsth7mc0000gn/T//ccZntZy1.s:231    .text.HAL_Init:000000000000001c $d
/var/folders/b6/0xn3z77n589c481l0rsth7mc0000gn/T//ccZntZy1.s:236    .text.HAL_IncTick:0000000000000000 $t
/var/folders/b6/0xn3z77n589c481l0rsth7mc0000gn/T//ccZntZy1.s:243    .text.HAL_IncTick:0000000000000000 HAL_IncTick
/var/folders/b6/0xn3z77n589c481l0rsth7mc0000gn/T//ccZntZy1.s:264    .text.HAL_IncTick:0000000000000010 $d
/var/folders/b6/0xn3z77n589c481l0rsth7mc0000gn/T//ccZntZy1.s:270    .text.HAL_GetTick:0000000000000000 $t
/var/folders/b6/0xn3z77n589c481l0rsth7mc0000gn/T//ccZntZy1.s:277    .text.HAL_GetTick:0000000000000000 HAL_GetTick
/var/folders/b6/0xn3z77n589c481l0rsth7mc0000gn/T//ccZntZy1.s:294    .text.HAL_GetTick:0000000000000008 $d
/var/folders/b6/0xn3z77n589c481l0rsth7mc0000gn/T//ccZntZy1.s:299    .text.HAL_GetTickPrio:0000000000000000 $t
/var/folders/b6/0xn3z77n589c481l0rsth7mc0000gn/T//ccZntZy1.s:306    .text.HAL_GetTickPrio:0000000000000000 HAL_GetTickPrio
/var/folders/b6/0xn3z77n589c481l0rsth7mc0000gn/T//ccZntZy1.s:323    .text.HAL_GetTickPrio:0000000000000008 $d
/var/folders/b6/0xn3z77n589c481l0rsth7mc0000gn/T//ccZntZy1.s:328    .text.HAL_SetTickFreq:0000000000000000 $t
/var/folders/b6/0xn3z77n589c481l0rsth7mc0000gn/T//ccZntZy1.s:335    .text.HAL_SetTickFreq:0000000000000000 HAL_SetTickFreq
/var/folders/b6/0xn3z77n589c481l0rsth7mc0000gn/T//ccZntZy1.s:392    .text.HAL_SetTickFreq:0000000000000024 $d
/var/folders/b6/0xn3z77n589c481l0rsth7mc0000gn/T//ccZntZy1.s:398    .text.HAL_GetTickFreq:0000000000000000 $t
/var/folders/b6/0xn3z77n589c481l0rsth7mc0000gn/T//ccZntZy1.s:405    .text.HAL_GetTickFreq:0000000000000000 HAL_GetTickFreq
/var/folders/b6/0xn3z77n589c481l0rsth7mc0000gn/T//ccZntZy1.s:422    .text.HAL_GetTickFreq:0000000000000008 $d
/var/folders/b6/0xn3z77n589c481l0rsth7mc0000gn/T//ccZntZy1.s:427    .text.HAL_Delay:0000000000000000 $t
/var/folders/b6/0xn3z77n589c481l0rsth7mc0000gn/T//ccZntZy1.s:434    .text.HAL_Delay:0000000000000000 HAL_Delay
/var/folders/b6/0xn3z77n589c481l0rsth7mc0000gn/T//ccZntZy1.s:488    .text.HAL_Delay:0000000000000020 $d
/var/folders/b6/0xn3z77n589c481l0rsth7mc0000gn/T//ccZntZy1.s:493    .text.HAL_SuspendTick:0000000000000000 $t
/var/folders/b6/0xn3z77n589c481l0rsth7mc0000gn/T//ccZntZy1.s:500    .text.HAL_SuspendTick:0000000000000000 HAL_SuspendTick
/var/folders/b6/0xn3z77n589c481l0rsth7mc0000gn/T//ccZntZy1.s:519    .text.HAL_SuspendTick:000000000000000c $d
/var/folders/b6/0xn3z77n589c481l0rsth7mc0000gn/T//ccZntZy1.s:524    .text.HAL_ResumeTick:0000000000000000 $t
/var/folders/b6/0xn3z77n589c481l0rsth7mc0000gn/T//ccZntZy1.s:531    .text.HAL_ResumeTick:0000000000000000 HAL_ResumeTick
/var/folders/b6/0xn3z77n589c481l0rsth7mc0000gn/T//ccZntZy1.s:550    .text.HAL_ResumeTick:000000000000000c $d
/var/folders/b6/0xn3z77n589c481l0rsth7mc0000gn/T//ccZntZy1.s:555    .text.HAL_GetHalVersion:0000000000000000 $t
/var/folders/b6/0xn3z77n589c481l0rsth7mc0000gn/T//ccZntZy1.s:562    .text.HAL_GetHalVersion:0000000000000000 HAL_GetHalVersion
/var/folders/b6/0xn3z77n589c481l0rsth7mc0000gn/T//ccZntZy1.s:577    .text.HAL_GetHalVersion:0000000000000004 $d
/var/folders/b6/0xn3z77n589c481l0rsth7mc0000gn/T//ccZntZy1.s:582    .text.HAL_GetREVID:0000000000000000 $t
/var/folders/b6/0xn3z77n589c481l0rsth7mc0000gn/T//ccZntZy1.s:589    .text.HAL_GetREVID:0000000000000000 HAL_GetREVID
/var/folders/b6/0xn3z77n589c481l0rsth7mc0000gn/T//ccZntZy1.s:608    .text.HAL_GetREVID:0000000000000008 $d
/var/folders/b6/0xn3z77n589c481l0rsth7mc0000gn/T//ccZntZy1.s:613    .text.HAL_GetDEVID:0000000000000000 $t
/var/folders/b6/0xn3z77n589c481l0rsth7mc0000gn/T//ccZntZy1.s:620    .text.HAL_GetDEVID:0000000000000000 HAL_GetDEVID
/var/folders/b6/0xn3z77n589c481l0rsth7mc0000gn/T//ccZntZy1.s:640    .text.HAL_GetDEVID:000000000000000c $d
/var/folders/b6/0xn3z77n589c481l0rsth7mc0000gn/T//ccZntZy1.s:645    .text.HAL_GetUIDw0:0000000000000000 $t
/var/folders/b6/0xn3z77n589c481l0rsth7mc0000gn/T//ccZntZy1.s:652    .text.HAL_GetUIDw0:0000000000000000 HAL_GetUIDw0
/var/folders/b6/0xn3z77n589c481l0rsth7mc0000gn/T//ccZntZy1.s:669    .text.HAL_GetUIDw0:0000000000000008 $d
/var/folders/b6/0xn3z77n589c481l0rsth7mc0000gn/T//ccZntZy1.s:674    .text.HAL_GetUIDw1:0000000000000000 $t
/var/folders/b6/0xn3z77n589c481l0rsth7mc0000gn/T//ccZntZy1.s:681    .text.HAL_GetUIDw1:0000000000000000 HAL_GetUIDw1
/var/folders/b6/0xn3z77n589c481l0rsth7mc0000gn/T//ccZntZy1.s:698    .text.HAL_GetUIDw1:0000000000000008 $d
/var/folders/b6/0xn3z77n589c481l0rsth7mc0000gn/T//ccZntZy1.s:703    .text.HAL_GetUIDw2:0000000000000000 $t
/var/folders/b6/0xn3z77n589c481l0rsth7mc0000gn/T//ccZntZy1.s:710    .text.HAL_GetUIDw2:0000000000000000 HAL_GetUIDw2
/var/folders/b6/0xn3z77n589c481l0rsth7mc0000gn/T//ccZntZy1.s:727    .text.HAL_GetUIDw2:0000000000000008 $d
ARM GAS  /var/folders/b6/0xn3z77n589c481l0rsth7mc0000gn/T//ccZntZy1.s 			page 26


/var/folders/b6/0xn3z77n589c481l0rsth7mc0000gn/T//ccZntZy1.s:732    .text.HAL_DBGMCU_EnableDBGStopMode:0000000000000000 $t
/var/folders/b6/0xn3z77n589c481l0rsth7mc0000gn/T//ccZntZy1.s:739    .text.HAL_DBGMCU_EnableDBGStopMode:0000000000000000 HAL_DBGMCU_EnableDBGStopMode
/var/folders/b6/0xn3z77n589c481l0rsth7mc0000gn/T//ccZntZy1.s:758    .text.HAL_DBGMCU_EnableDBGStopMode:000000000000000c $d
/var/folders/b6/0xn3z77n589c481l0rsth7mc0000gn/T//ccZntZy1.s:763    .text.HAL_DBGMCU_DisableDBGStopMode:0000000000000000 $t
/var/folders/b6/0xn3z77n589c481l0rsth7mc0000gn/T//ccZntZy1.s:770    .text.HAL_DBGMCU_DisableDBGStopMode:0000000000000000 HAL_DBGMCU_DisableDBGStopMode
/var/folders/b6/0xn3z77n589c481l0rsth7mc0000gn/T//ccZntZy1.s:789    .text.HAL_DBGMCU_DisableDBGStopMode:000000000000000c $d
/var/folders/b6/0xn3z77n589c481l0rsth7mc0000gn/T//ccZntZy1.s:794    .text.HAL_DBGMCU_EnableDBGStandbyMode:0000000000000000 $t
/var/folders/b6/0xn3z77n589c481l0rsth7mc0000gn/T//ccZntZy1.s:801    .text.HAL_DBGMCU_EnableDBGStandbyMode:0000000000000000 HAL_DBGMCU_EnableDBGStandbyMode
/var/folders/b6/0xn3z77n589c481l0rsth7mc0000gn/T//ccZntZy1.s:820    .text.HAL_DBGMCU_EnableDBGStandbyMode:000000000000000c $d
/var/folders/b6/0xn3z77n589c481l0rsth7mc0000gn/T//ccZntZy1.s:825    .text.HAL_DBGMCU_DisableDBGStandbyMode:0000000000000000 $t
/var/folders/b6/0xn3z77n589c481l0rsth7mc0000gn/T//ccZntZy1.s:832    .text.HAL_DBGMCU_DisableDBGStandbyMode:0000000000000000 HAL_DBGMCU_DisableDBGStandbyMode
/var/folders/b6/0xn3z77n589c481l0rsth7mc0000gn/T//ccZntZy1.s:851    .text.HAL_DBGMCU_DisableDBGStandbyMode:000000000000000c $d
/var/folders/b6/0xn3z77n589c481l0rsth7mc0000gn/T//ccZntZy1.s:869    .data.uwTickFreq:0000000000000000 uwTickFreq
/var/folders/b6/0xn3z77n589c481l0rsth7mc0000gn/T//ccZntZy1.s:876    .data.uwTickPrio:0000000000000000 uwTickPrio
/var/folders/b6/0xn3z77n589c481l0rsth7mc0000gn/T//ccZntZy1.s:863    .bss.uwTick:0000000000000000 uwTick
/var/folders/b6/0xn3z77n589c481l0rsth7mc0000gn/T//ccZntZy1.s:859    .bss.uwTick:0000000000000000 $d
/var/folders/b6/0xn3z77n589c481l0rsth7mc0000gn/T//ccZntZy1.s:872    .data.uwTickPrio:0000000000000000 $d

UNDEFINED SYMBOLS
__aeabi_uidiv
HAL_SYSTICK_Config
HAL_NVIC_SetPriority
SystemCoreClock
