ARM GAS  /var/folders/b6/0xn3z77n589c481l0rsth7mc0000gn/T//cckGvk7q.s 			page 1


   1              		.cpu cortex-m0
   2              		.eabi_attribute 20, 1
   3              		.eabi_attribute 21, 1
   4              		.eabi_attribute 23, 3
   5              		.eabi_attribute 24, 1
   6              		.eabi_attribute 25, 1
   7              		.eabi_attribute 26, 1
   8              		.eabi_attribute 30, 1
   9              		.eabi_attribute 34, 0
  10              		.eabi_attribute 18, 4
  11              		.file	"stm32f0xx_hal_exti.c"
  12              		.text
  13              	.Ltext0:
  14              		.cfi_sections	.debug_frame
  15              		.section	.text.HAL_EXTI_SetConfigLine,"ax",%progbits
  16              		.align	1
  17              		.global	HAL_EXTI_SetConfigLine
  18              		.arch armv6s-m
  19              		.syntax unified
  20              		.code	16
  21              		.thumb_func
  22              		.fpu softvfp
  24              	HAL_EXTI_SetConfigLine:
  25              	.LVL0:
  26              	.LFB40:
  27              		.file 1 "Drivers/STM32F0xx_HAL_Driver/Src/stm32f0xx_hal_exti.c"
   1:Drivers/STM32F0xx_HAL_Driver/Src/stm32f0xx_hal_exti.c **** /**
   2:Drivers/STM32F0xx_HAL_Driver/Src/stm32f0xx_hal_exti.c ****   ******************************************************************************
   3:Drivers/STM32F0xx_HAL_Driver/Src/stm32f0xx_hal_exti.c ****   * @file    stm32f0xx_hal_exti.c
   4:Drivers/STM32F0xx_HAL_Driver/Src/stm32f0xx_hal_exti.c ****   * @author  MCD Application Team
   5:Drivers/STM32F0xx_HAL_Driver/Src/stm32f0xx_hal_exti.c ****   * @brief   EXTI HAL module driver.
   6:Drivers/STM32F0xx_HAL_Driver/Src/stm32f0xx_hal_exti.c ****   *          This file provides firmware functions to manage the following
   7:Drivers/STM32F0xx_HAL_Driver/Src/stm32f0xx_hal_exti.c ****   *          functionalities of the Extended Interrupts and events controller (EXTI) peripheral:
   8:Drivers/STM32F0xx_HAL_Driver/Src/stm32f0xx_hal_exti.c ****   *           + Initialization and de-initialization functions
   9:Drivers/STM32F0xx_HAL_Driver/Src/stm32f0xx_hal_exti.c ****   *           + IO operation functions
  10:Drivers/STM32F0xx_HAL_Driver/Src/stm32f0xx_hal_exti.c ****   *
  11:Drivers/STM32F0xx_HAL_Driver/Src/stm32f0xx_hal_exti.c ****   @verbatim
  12:Drivers/STM32F0xx_HAL_Driver/Src/stm32f0xx_hal_exti.c ****   ==============================================================================
  13:Drivers/STM32F0xx_HAL_Driver/Src/stm32f0xx_hal_exti.c ****                     ##### EXTI Peripheral features #####
  14:Drivers/STM32F0xx_HAL_Driver/Src/stm32f0xx_hal_exti.c ****   ==============================================================================
  15:Drivers/STM32F0xx_HAL_Driver/Src/stm32f0xx_hal_exti.c ****   [..]
  16:Drivers/STM32F0xx_HAL_Driver/Src/stm32f0xx_hal_exti.c ****     (+) Each Exti line can be configured within this driver.
  17:Drivers/STM32F0xx_HAL_Driver/Src/stm32f0xx_hal_exti.c **** 
  18:Drivers/STM32F0xx_HAL_Driver/Src/stm32f0xx_hal_exti.c ****     (+) Exti line can be configured in 3 different modes
  19:Drivers/STM32F0xx_HAL_Driver/Src/stm32f0xx_hal_exti.c ****         (++) Interrupt
  20:Drivers/STM32F0xx_HAL_Driver/Src/stm32f0xx_hal_exti.c ****         (++) Event
  21:Drivers/STM32F0xx_HAL_Driver/Src/stm32f0xx_hal_exti.c ****         (++) Both of them
  22:Drivers/STM32F0xx_HAL_Driver/Src/stm32f0xx_hal_exti.c **** 
  23:Drivers/STM32F0xx_HAL_Driver/Src/stm32f0xx_hal_exti.c ****     (+) Configurable Exti lines can be configured with 3 different triggers
  24:Drivers/STM32F0xx_HAL_Driver/Src/stm32f0xx_hal_exti.c ****         (++) Rising
  25:Drivers/STM32F0xx_HAL_Driver/Src/stm32f0xx_hal_exti.c ****         (++) Falling
  26:Drivers/STM32F0xx_HAL_Driver/Src/stm32f0xx_hal_exti.c ****         (++) Both of them
  27:Drivers/STM32F0xx_HAL_Driver/Src/stm32f0xx_hal_exti.c **** 
  28:Drivers/STM32F0xx_HAL_Driver/Src/stm32f0xx_hal_exti.c ****     (+) When set in interrupt mode, configurable Exti lines have two different
  29:Drivers/STM32F0xx_HAL_Driver/Src/stm32f0xx_hal_exti.c ****         interrupts pending registers which allow to distinguish which transition
  30:Drivers/STM32F0xx_HAL_Driver/Src/stm32f0xx_hal_exti.c ****         occurs:
  31:Drivers/STM32F0xx_HAL_Driver/Src/stm32f0xx_hal_exti.c ****         (++) Rising edge pending interrupt
ARM GAS  /var/folders/b6/0xn3z77n589c481l0rsth7mc0000gn/T//cckGvk7q.s 			page 2


  32:Drivers/STM32F0xx_HAL_Driver/Src/stm32f0xx_hal_exti.c ****         (++) Falling
  33:Drivers/STM32F0xx_HAL_Driver/Src/stm32f0xx_hal_exti.c **** 
  34:Drivers/STM32F0xx_HAL_Driver/Src/stm32f0xx_hal_exti.c ****     (+) Exti lines 0 to 15 are linked to gpio pin number 0 to 15. Gpio port can
  35:Drivers/STM32F0xx_HAL_Driver/Src/stm32f0xx_hal_exti.c ****         be selected through multiplexer.
  36:Drivers/STM32F0xx_HAL_Driver/Src/stm32f0xx_hal_exti.c **** 
  37:Drivers/STM32F0xx_HAL_Driver/Src/stm32f0xx_hal_exti.c ****                      ##### How to use this driver #####
  38:Drivers/STM32F0xx_HAL_Driver/Src/stm32f0xx_hal_exti.c ****   ==============================================================================
  39:Drivers/STM32F0xx_HAL_Driver/Src/stm32f0xx_hal_exti.c ****   [..]
  40:Drivers/STM32F0xx_HAL_Driver/Src/stm32f0xx_hal_exti.c **** 
  41:Drivers/STM32F0xx_HAL_Driver/Src/stm32f0xx_hal_exti.c ****     (#) Configure the EXTI line using HAL_EXTI_SetConfigLine().
  42:Drivers/STM32F0xx_HAL_Driver/Src/stm32f0xx_hal_exti.c ****         (++) Choose the interrupt line number by setting "Line" member from
  43:Drivers/STM32F0xx_HAL_Driver/Src/stm32f0xx_hal_exti.c ****              EXTI_ConfigTypeDef structure.
  44:Drivers/STM32F0xx_HAL_Driver/Src/stm32f0xx_hal_exti.c ****         (++) Configure the interrupt and/or event mode using "Mode" member from
  45:Drivers/STM32F0xx_HAL_Driver/Src/stm32f0xx_hal_exti.c ****              EXTI_ConfigTypeDef structure.
  46:Drivers/STM32F0xx_HAL_Driver/Src/stm32f0xx_hal_exti.c ****         (++) For configurable lines, configure rising and/or falling trigger
  47:Drivers/STM32F0xx_HAL_Driver/Src/stm32f0xx_hal_exti.c ****              "Trigger" member from EXTI_ConfigTypeDef structure.
  48:Drivers/STM32F0xx_HAL_Driver/Src/stm32f0xx_hal_exti.c ****         (++) For Exti lines linked to gpio, choose gpio port using "GPIOSel"
  49:Drivers/STM32F0xx_HAL_Driver/Src/stm32f0xx_hal_exti.c ****              member from GPIO_InitTypeDef structure.
  50:Drivers/STM32F0xx_HAL_Driver/Src/stm32f0xx_hal_exti.c **** 
  51:Drivers/STM32F0xx_HAL_Driver/Src/stm32f0xx_hal_exti.c ****     (#) Get current Exti configuration of a dedicated line using
  52:Drivers/STM32F0xx_HAL_Driver/Src/stm32f0xx_hal_exti.c ****         HAL_EXTI_GetConfigLine().
  53:Drivers/STM32F0xx_HAL_Driver/Src/stm32f0xx_hal_exti.c ****         (++) Provide exiting handle as parameter.
  54:Drivers/STM32F0xx_HAL_Driver/Src/stm32f0xx_hal_exti.c ****         (++) Provide pointer on EXTI_ConfigTypeDef structure as second parameter.
  55:Drivers/STM32F0xx_HAL_Driver/Src/stm32f0xx_hal_exti.c **** 
  56:Drivers/STM32F0xx_HAL_Driver/Src/stm32f0xx_hal_exti.c ****     (#) Clear Exti configuration of a dedicated line using HAL_EXTI_GetConfigLine().
  57:Drivers/STM32F0xx_HAL_Driver/Src/stm32f0xx_hal_exti.c ****         (++) Provide exiting handle as parameter.
  58:Drivers/STM32F0xx_HAL_Driver/Src/stm32f0xx_hal_exti.c **** 
  59:Drivers/STM32F0xx_HAL_Driver/Src/stm32f0xx_hal_exti.c ****     (#) Register callback to treat Exti interrupts using HAL_EXTI_RegisterCallback().
  60:Drivers/STM32F0xx_HAL_Driver/Src/stm32f0xx_hal_exti.c ****         (++) Provide exiting handle as first parameter.
  61:Drivers/STM32F0xx_HAL_Driver/Src/stm32f0xx_hal_exti.c ****         (++) Provide which callback will be registered using one value from
  62:Drivers/STM32F0xx_HAL_Driver/Src/stm32f0xx_hal_exti.c ****              EXTI_CallbackIDTypeDef.
  63:Drivers/STM32F0xx_HAL_Driver/Src/stm32f0xx_hal_exti.c ****         (++) Provide callback function pointer.
  64:Drivers/STM32F0xx_HAL_Driver/Src/stm32f0xx_hal_exti.c **** 
  65:Drivers/STM32F0xx_HAL_Driver/Src/stm32f0xx_hal_exti.c ****     (#) Get interrupt pending bit using HAL_EXTI_GetPending().
  66:Drivers/STM32F0xx_HAL_Driver/Src/stm32f0xx_hal_exti.c **** 
  67:Drivers/STM32F0xx_HAL_Driver/Src/stm32f0xx_hal_exti.c ****     (#) Clear interrupt pending bit using HAL_EXTI_GetPending().
  68:Drivers/STM32F0xx_HAL_Driver/Src/stm32f0xx_hal_exti.c **** 
  69:Drivers/STM32F0xx_HAL_Driver/Src/stm32f0xx_hal_exti.c ****     (#) Generate software interrupt using HAL_EXTI_GenerateSWI().
  70:Drivers/STM32F0xx_HAL_Driver/Src/stm32f0xx_hal_exti.c **** 
  71:Drivers/STM32F0xx_HAL_Driver/Src/stm32f0xx_hal_exti.c ****   @endverbatim
  72:Drivers/STM32F0xx_HAL_Driver/Src/stm32f0xx_hal_exti.c ****   ******************************************************************************
  73:Drivers/STM32F0xx_HAL_Driver/Src/stm32f0xx_hal_exti.c ****   * @attention
  74:Drivers/STM32F0xx_HAL_Driver/Src/stm32f0xx_hal_exti.c ****   *
  75:Drivers/STM32F0xx_HAL_Driver/Src/stm32f0xx_hal_exti.c ****   * <h2><center>&copy; Copyright (c) 2019 STMicroelectronics.
  76:Drivers/STM32F0xx_HAL_Driver/Src/stm32f0xx_hal_exti.c ****   * All rights reserved.</center></h2>
  77:Drivers/STM32F0xx_HAL_Driver/Src/stm32f0xx_hal_exti.c ****   *
  78:Drivers/STM32F0xx_HAL_Driver/Src/stm32f0xx_hal_exti.c ****   * This software component is licensed by ST under BSD 3-Clause license,
  79:Drivers/STM32F0xx_HAL_Driver/Src/stm32f0xx_hal_exti.c ****   * the "License"; You may not use this file except in compliance with the
  80:Drivers/STM32F0xx_HAL_Driver/Src/stm32f0xx_hal_exti.c ****   * License. You may obtain a copy of the License at:
  81:Drivers/STM32F0xx_HAL_Driver/Src/stm32f0xx_hal_exti.c ****   *                        opensource.org/licenses/BSD-3-Clause
  82:Drivers/STM32F0xx_HAL_Driver/Src/stm32f0xx_hal_exti.c ****   *
  83:Drivers/STM32F0xx_HAL_Driver/Src/stm32f0xx_hal_exti.c ****   ******************************************************************************
  84:Drivers/STM32F0xx_HAL_Driver/Src/stm32f0xx_hal_exti.c ****   */
  85:Drivers/STM32F0xx_HAL_Driver/Src/stm32f0xx_hal_exti.c **** 
  86:Drivers/STM32F0xx_HAL_Driver/Src/stm32f0xx_hal_exti.c **** /* Includes ------------------------------------------------------------------*/
  87:Drivers/STM32F0xx_HAL_Driver/Src/stm32f0xx_hal_exti.c **** #include "stm32f0xx_hal.h"
  88:Drivers/STM32F0xx_HAL_Driver/Src/stm32f0xx_hal_exti.c **** 
ARM GAS  /var/folders/b6/0xn3z77n589c481l0rsth7mc0000gn/T//cckGvk7q.s 			page 3


  89:Drivers/STM32F0xx_HAL_Driver/Src/stm32f0xx_hal_exti.c **** /** @addtogroup STM32F0xx_HAL_Driver
  90:Drivers/STM32F0xx_HAL_Driver/Src/stm32f0xx_hal_exti.c ****   * @{
  91:Drivers/STM32F0xx_HAL_Driver/Src/stm32f0xx_hal_exti.c ****   */
  92:Drivers/STM32F0xx_HAL_Driver/Src/stm32f0xx_hal_exti.c **** 
  93:Drivers/STM32F0xx_HAL_Driver/Src/stm32f0xx_hal_exti.c **** /** @addtogroup EXTI
  94:Drivers/STM32F0xx_HAL_Driver/Src/stm32f0xx_hal_exti.c ****   * @{
  95:Drivers/STM32F0xx_HAL_Driver/Src/stm32f0xx_hal_exti.c ****   */
  96:Drivers/STM32F0xx_HAL_Driver/Src/stm32f0xx_hal_exti.c **** /** MISRA C:2012 deviation rule has been granted for following rule:
  97:Drivers/STM32F0xx_HAL_Driver/Src/stm32f0xx_hal_exti.c ****   * Rule-18.1_b - Medium: Array `EXTICR' 1st subscript interval [0,7] may be out
  98:Drivers/STM32F0xx_HAL_Driver/Src/stm32f0xx_hal_exti.c ****   * of bounds [0,3] in following API :
  99:Drivers/STM32F0xx_HAL_Driver/Src/stm32f0xx_hal_exti.c ****   * HAL_EXTI_SetConfigLine
 100:Drivers/STM32F0xx_HAL_Driver/Src/stm32f0xx_hal_exti.c ****   * HAL_EXTI_GetConfigLine
 101:Drivers/STM32F0xx_HAL_Driver/Src/stm32f0xx_hal_exti.c ****   * HAL_EXTI_ClearConfigLine
 102:Drivers/STM32F0xx_HAL_Driver/Src/stm32f0xx_hal_exti.c ****   */
 103:Drivers/STM32F0xx_HAL_Driver/Src/stm32f0xx_hal_exti.c **** 
 104:Drivers/STM32F0xx_HAL_Driver/Src/stm32f0xx_hal_exti.c **** #ifdef HAL_EXTI_MODULE_ENABLED
 105:Drivers/STM32F0xx_HAL_Driver/Src/stm32f0xx_hal_exti.c **** 
 106:Drivers/STM32F0xx_HAL_Driver/Src/stm32f0xx_hal_exti.c **** /* Private typedef -----------------------------------------------------------*/
 107:Drivers/STM32F0xx_HAL_Driver/Src/stm32f0xx_hal_exti.c **** /* Private defines -----------------------------------------------------------*/
 108:Drivers/STM32F0xx_HAL_Driver/Src/stm32f0xx_hal_exti.c **** /** @defgroup EXTI_Private_Constants EXTI Private Constants
 109:Drivers/STM32F0xx_HAL_Driver/Src/stm32f0xx_hal_exti.c ****   * @{
 110:Drivers/STM32F0xx_HAL_Driver/Src/stm32f0xx_hal_exti.c ****   */
 111:Drivers/STM32F0xx_HAL_Driver/Src/stm32f0xx_hal_exti.c **** 
 112:Drivers/STM32F0xx_HAL_Driver/Src/stm32f0xx_hal_exti.c **** /**
 113:Drivers/STM32F0xx_HAL_Driver/Src/stm32f0xx_hal_exti.c ****   * @}
 114:Drivers/STM32F0xx_HAL_Driver/Src/stm32f0xx_hal_exti.c ****   */
 115:Drivers/STM32F0xx_HAL_Driver/Src/stm32f0xx_hal_exti.c **** 
 116:Drivers/STM32F0xx_HAL_Driver/Src/stm32f0xx_hal_exti.c **** /* Private macros ------------------------------------------------------------*/
 117:Drivers/STM32F0xx_HAL_Driver/Src/stm32f0xx_hal_exti.c **** /* Private variables ---------------------------------------------------------*/
 118:Drivers/STM32F0xx_HAL_Driver/Src/stm32f0xx_hal_exti.c **** /* Private function prototypes -----------------------------------------------*/
 119:Drivers/STM32F0xx_HAL_Driver/Src/stm32f0xx_hal_exti.c **** /* Exported functions --------------------------------------------------------*/
 120:Drivers/STM32F0xx_HAL_Driver/Src/stm32f0xx_hal_exti.c **** 
 121:Drivers/STM32F0xx_HAL_Driver/Src/stm32f0xx_hal_exti.c **** /** @addtogroup EXTI_Exported_Functions
 122:Drivers/STM32F0xx_HAL_Driver/Src/stm32f0xx_hal_exti.c ****   * @{
 123:Drivers/STM32F0xx_HAL_Driver/Src/stm32f0xx_hal_exti.c ****   */
 124:Drivers/STM32F0xx_HAL_Driver/Src/stm32f0xx_hal_exti.c **** 
 125:Drivers/STM32F0xx_HAL_Driver/Src/stm32f0xx_hal_exti.c **** /** @addtogroup EXTI_Exported_Functions_Group1
 126:Drivers/STM32F0xx_HAL_Driver/Src/stm32f0xx_hal_exti.c ****   *  @brief    Configuration functions
 127:Drivers/STM32F0xx_HAL_Driver/Src/stm32f0xx_hal_exti.c ****   *
 128:Drivers/STM32F0xx_HAL_Driver/Src/stm32f0xx_hal_exti.c **** @verbatim
 129:Drivers/STM32F0xx_HAL_Driver/Src/stm32f0xx_hal_exti.c ****  ===============================================================================
 130:Drivers/STM32F0xx_HAL_Driver/Src/stm32f0xx_hal_exti.c ****               ##### Configuration functions #####
 131:Drivers/STM32F0xx_HAL_Driver/Src/stm32f0xx_hal_exti.c ****  ===============================================================================
 132:Drivers/STM32F0xx_HAL_Driver/Src/stm32f0xx_hal_exti.c **** 
 133:Drivers/STM32F0xx_HAL_Driver/Src/stm32f0xx_hal_exti.c **** @endverbatim
 134:Drivers/STM32F0xx_HAL_Driver/Src/stm32f0xx_hal_exti.c ****   * @{
 135:Drivers/STM32F0xx_HAL_Driver/Src/stm32f0xx_hal_exti.c ****   */
 136:Drivers/STM32F0xx_HAL_Driver/Src/stm32f0xx_hal_exti.c **** 
 137:Drivers/STM32F0xx_HAL_Driver/Src/stm32f0xx_hal_exti.c **** /**
 138:Drivers/STM32F0xx_HAL_Driver/Src/stm32f0xx_hal_exti.c ****   * @brief  Set configuration of a dedicated Exti line.
 139:Drivers/STM32F0xx_HAL_Driver/Src/stm32f0xx_hal_exti.c ****   * @param  hexti Exti handle.
 140:Drivers/STM32F0xx_HAL_Driver/Src/stm32f0xx_hal_exti.c ****   * @param  pExtiConfig Pointer on EXTI configuration to be set.
 141:Drivers/STM32F0xx_HAL_Driver/Src/stm32f0xx_hal_exti.c ****   * @retval HAL Status.
 142:Drivers/STM32F0xx_HAL_Driver/Src/stm32f0xx_hal_exti.c ****   */
 143:Drivers/STM32F0xx_HAL_Driver/Src/stm32f0xx_hal_exti.c **** HAL_StatusTypeDef HAL_EXTI_SetConfigLine(EXTI_HandleTypeDef *hexti, EXTI_ConfigTypeDef *pExtiConfig
 144:Drivers/STM32F0xx_HAL_Driver/Src/stm32f0xx_hal_exti.c **** {
  28              		.loc 1 144 1 view -0
ARM GAS  /var/folders/b6/0xn3z77n589c481l0rsth7mc0000gn/T//cckGvk7q.s 			page 4


  29              		.cfi_startproc
  30              		@ args = 0, pretend = 0, frame = 0
  31              		@ frame_needed = 0, uses_anonymous_args = 0
  32              		.loc 1 144 1 is_stmt 0 view .LVU1
  33 0000 70B5     		push	{r4, r5, r6, lr}
  34              		.cfi_def_cfa_offset 16
  35              		.cfi_offset 4, -16
  36              		.cfi_offset 5, -12
  37              		.cfi_offset 6, -8
  38              		.cfi_offset 14, -4
 145:Drivers/STM32F0xx_HAL_Driver/Src/stm32f0xx_hal_exti.c ****   uint32_t regval;
  39              		.loc 1 145 3 is_stmt 1 view .LVU2
 146:Drivers/STM32F0xx_HAL_Driver/Src/stm32f0xx_hal_exti.c ****   uint32_t linepos;
  40              		.loc 1 146 3 view .LVU3
 147:Drivers/STM32F0xx_HAL_Driver/Src/stm32f0xx_hal_exti.c ****   uint32_t maskline;
  41              		.loc 1 147 3 view .LVU4
 148:Drivers/STM32F0xx_HAL_Driver/Src/stm32f0xx_hal_exti.c **** 
 149:Drivers/STM32F0xx_HAL_Driver/Src/stm32f0xx_hal_exti.c ****   /* Check null pointer */
 150:Drivers/STM32F0xx_HAL_Driver/Src/stm32f0xx_hal_exti.c ****   if ((hexti == NULL) || (pExtiConfig == NULL))
  42              		.loc 1 150 3 view .LVU5
  43              		.loc 1 150 6 is_stmt 0 view .LVU6
  44 0002 0028     		cmp	r0, #0
  45 0004 52D0     		beq	.L11
  46              		.loc 1 150 23 discriminator 1 view .LVU7
  47 0006 0029     		cmp	r1, #0
  48 0008 52D0     		beq	.L12
 151:Drivers/STM32F0xx_HAL_Driver/Src/stm32f0xx_hal_exti.c ****   {
 152:Drivers/STM32F0xx_HAL_Driver/Src/stm32f0xx_hal_exti.c ****     return HAL_ERROR;
 153:Drivers/STM32F0xx_HAL_Driver/Src/stm32f0xx_hal_exti.c ****   }
 154:Drivers/STM32F0xx_HAL_Driver/Src/stm32f0xx_hal_exti.c **** 
 155:Drivers/STM32F0xx_HAL_Driver/Src/stm32f0xx_hal_exti.c ****   /* Check parameters */
 156:Drivers/STM32F0xx_HAL_Driver/Src/stm32f0xx_hal_exti.c ****   assert_param(IS_EXTI_LINE(pExtiConfig->Line));
  49              		.loc 1 156 3 is_stmt 1 view .LVU8
 157:Drivers/STM32F0xx_HAL_Driver/Src/stm32f0xx_hal_exti.c ****   assert_param(IS_EXTI_MODE(pExtiConfig->Mode));
  50              		.loc 1 157 3 view .LVU9
 158:Drivers/STM32F0xx_HAL_Driver/Src/stm32f0xx_hal_exti.c **** 
 159:Drivers/STM32F0xx_HAL_Driver/Src/stm32f0xx_hal_exti.c ****   /* Assign line number to handle */
 160:Drivers/STM32F0xx_HAL_Driver/Src/stm32f0xx_hal_exti.c ****   hexti->Line = pExtiConfig->Line;
  51              		.loc 1 160 3 view .LVU10
  52              		.loc 1 160 28 is_stmt 0 view .LVU11
  53 000a 0C68     		ldr	r4, [r1]
  54              		.loc 1 160 15 view .LVU12
  55 000c 0460     		str	r4, [r0]
 161:Drivers/STM32F0xx_HAL_Driver/Src/stm32f0xx_hal_exti.c **** 
 162:Drivers/STM32F0xx_HAL_Driver/Src/stm32f0xx_hal_exti.c ****   /* Compute line mask */
 163:Drivers/STM32F0xx_HAL_Driver/Src/stm32f0xx_hal_exti.c ****   linepos = (pExtiConfig->Line & EXTI_PIN_MASK);
  56              		.loc 1 163 3 is_stmt 1 view .LVU13
  57              		.loc 1 163 11 is_stmt 0 view .LVU14
  58 000e 1F23     		movs	r3, #31
  59 0010 2340     		ands	r3, r4
  60              	.LVL1:
 164:Drivers/STM32F0xx_HAL_Driver/Src/stm32f0xx_hal_exti.c ****   maskline = (1uL << linepos);
  61              		.loc 1 164 3 is_stmt 1 view .LVU15
  62              		.loc 1 164 12 is_stmt 0 view .LVU16
  63 0012 0122     		movs	r2, #1
  64 0014 9A40     		lsls	r2, r2, r3
  65              	.LVL2:
ARM GAS  /var/folders/b6/0xn3z77n589c481l0rsth7mc0000gn/T//cckGvk7q.s 			page 5


 165:Drivers/STM32F0xx_HAL_Driver/Src/stm32f0xx_hal_exti.c **** 
 166:Drivers/STM32F0xx_HAL_Driver/Src/stm32f0xx_hal_exti.c ****   /* Configure triggers for configurable lines */
 167:Drivers/STM32F0xx_HAL_Driver/Src/stm32f0xx_hal_exti.c ****   if ((pExtiConfig->Line & EXTI_CONFIG) != 0x00u)
  66              		.loc 1 167 3 is_stmt 1 view .LVU17
  67              		.loc 1 167 6 is_stmt 0 view .LVU18
  68 0016 A001     		lsls	r0, r4, #6
  69 0018 13D5     		bpl	.L3
  70              	.LVL3:
 168:Drivers/STM32F0xx_HAL_Driver/Src/stm32f0xx_hal_exti.c ****   {
 169:Drivers/STM32F0xx_HAL_Driver/Src/stm32f0xx_hal_exti.c ****     assert_param(IS_EXTI_TRIGGER(pExtiConfig->Trigger));
  71              		.loc 1 169 5 is_stmt 1 view .LVU19
 170:Drivers/STM32F0xx_HAL_Driver/Src/stm32f0xx_hal_exti.c **** 
 171:Drivers/STM32F0xx_HAL_Driver/Src/stm32f0xx_hal_exti.c ****     /* Configure rising trigger */
 172:Drivers/STM32F0xx_HAL_Driver/Src/stm32f0xx_hal_exti.c ****     /* Mask or set line */
 173:Drivers/STM32F0xx_HAL_Driver/Src/stm32f0xx_hal_exti.c ****     if ((pExtiConfig->Trigger & EXTI_TRIGGER_RISING) != 0x00u)
  72              		.loc 1 173 5 view .LVU20
  73              		.loc 1 173 8 is_stmt 0 view .LVU21
  74 001a 8868     		ldr	r0, [r1, #8]
  75 001c C007     		lsls	r0, r0, #31
  76 001e 20D5     		bpl	.L4
 174:Drivers/STM32F0xx_HAL_Driver/Src/stm32f0xx_hal_exti.c ****     {
 175:Drivers/STM32F0xx_HAL_Driver/Src/stm32f0xx_hal_exti.c ****       EXTI->RTSR |= maskline;
  77              		.loc 1 175 7 is_stmt 1 view .LVU22
  78              		.loc 1 175 18 is_stmt 0 view .LVU23
  79 0020 244D     		ldr	r5, .L14
  80 0022 A868     		ldr	r0, [r5, #8]
  81 0024 1043     		orrs	r0, r2
  82 0026 A860     		str	r0, [r5, #8]
  83              	.L5:
 176:Drivers/STM32F0xx_HAL_Driver/Src/stm32f0xx_hal_exti.c ****     }
 177:Drivers/STM32F0xx_HAL_Driver/Src/stm32f0xx_hal_exti.c ****     else
 178:Drivers/STM32F0xx_HAL_Driver/Src/stm32f0xx_hal_exti.c ****     {
 179:Drivers/STM32F0xx_HAL_Driver/Src/stm32f0xx_hal_exti.c ****       EXTI->RTSR &= ~maskline;
 180:Drivers/STM32F0xx_HAL_Driver/Src/stm32f0xx_hal_exti.c ****     }
 181:Drivers/STM32F0xx_HAL_Driver/Src/stm32f0xx_hal_exti.c **** 
 182:Drivers/STM32F0xx_HAL_Driver/Src/stm32f0xx_hal_exti.c ****     /* Configure falling trigger */
 183:Drivers/STM32F0xx_HAL_Driver/Src/stm32f0xx_hal_exti.c ****     /* Mask or set line */
 184:Drivers/STM32F0xx_HAL_Driver/Src/stm32f0xx_hal_exti.c ****     if ((pExtiConfig->Trigger & EXTI_TRIGGER_FALLING) != 0x00u)
  84              		.loc 1 184 5 is_stmt 1 view .LVU24
  85              		.loc 1 184 8 is_stmt 0 view .LVU25
  86 0028 8868     		ldr	r0, [r1, #8]
  87 002a 8007     		lsls	r0, r0, #30
  88 002c 1ED5     		bpl	.L6
 185:Drivers/STM32F0xx_HAL_Driver/Src/stm32f0xx_hal_exti.c ****     {
 186:Drivers/STM32F0xx_HAL_Driver/Src/stm32f0xx_hal_exti.c ****       EXTI->FTSR |= maskline;
  89              		.loc 1 186 7 is_stmt 1 view .LVU26
  90              		.loc 1 186 18 is_stmt 0 view .LVU27
  91 002e 214D     		ldr	r5, .L14
  92 0030 E868     		ldr	r0, [r5, #12]
  93 0032 1043     		orrs	r0, r2
  94 0034 E860     		str	r0, [r5, #12]
  95              	.L7:
 187:Drivers/STM32F0xx_HAL_Driver/Src/stm32f0xx_hal_exti.c ****     }
 188:Drivers/STM32F0xx_HAL_Driver/Src/stm32f0xx_hal_exti.c ****     else
 189:Drivers/STM32F0xx_HAL_Driver/Src/stm32f0xx_hal_exti.c ****     {
 190:Drivers/STM32F0xx_HAL_Driver/Src/stm32f0xx_hal_exti.c ****       EXTI->FTSR &= ~maskline;
 191:Drivers/STM32F0xx_HAL_Driver/Src/stm32f0xx_hal_exti.c ****     }
ARM GAS  /var/folders/b6/0xn3z77n589c481l0rsth7mc0000gn/T//cckGvk7q.s 			page 6


 192:Drivers/STM32F0xx_HAL_Driver/Src/stm32f0xx_hal_exti.c **** 
 193:Drivers/STM32F0xx_HAL_Driver/Src/stm32f0xx_hal_exti.c **** 
 194:Drivers/STM32F0xx_HAL_Driver/Src/stm32f0xx_hal_exti.c ****     /* Configure gpio port selection in case of gpio exti line */
 195:Drivers/STM32F0xx_HAL_Driver/Src/stm32f0xx_hal_exti.c ****     if ((pExtiConfig->Line & EXTI_GPIO) == EXTI_GPIO)
  96              		.loc 1 195 5 is_stmt 1 view .LVU28
  97              		.loc 1 195 28 is_stmt 0 view .LVU29
  98 0036 C025     		movs	r5, #192
  99 0038 ED04     		lsls	r5, r5, #19
 100 003a 0868     		ldr	r0, [r1]
 101 003c 2840     		ands	r0, r5
 102              		.loc 1 195 8 view .LVU30
 103 003e A842     		cmp	r0, r5
 104 0040 19D0     		beq	.L13
 105              	.LVL4:
 106              	.L3:
 196:Drivers/STM32F0xx_HAL_Driver/Src/stm32f0xx_hal_exti.c ****     {
 197:Drivers/STM32F0xx_HAL_Driver/Src/stm32f0xx_hal_exti.c ****       assert_param(IS_EXTI_GPIO_PORT(pExtiConfig->GPIOSel));
 198:Drivers/STM32F0xx_HAL_Driver/Src/stm32f0xx_hal_exti.c ****       assert_param(IS_EXTI_GPIO_PIN(linepos));
 199:Drivers/STM32F0xx_HAL_Driver/Src/stm32f0xx_hal_exti.c **** 
 200:Drivers/STM32F0xx_HAL_Driver/Src/stm32f0xx_hal_exti.c ****       regval = SYSCFG->EXTICR[linepos >> 2u];
 201:Drivers/STM32F0xx_HAL_Driver/Src/stm32f0xx_hal_exti.c ****       regval &= ~(SYSCFG_EXTICR1_EXTI0 << (SYSCFG_EXTICR1_EXTI1_Pos * (linepos & 0x03u)));
 202:Drivers/STM32F0xx_HAL_Driver/Src/stm32f0xx_hal_exti.c ****       regval |= (pExtiConfig->GPIOSel << (SYSCFG_EXTICR1_EXTI1_Pos * (linepos & 0x03u)));
 203:Drivers/STM32F0xx_HAL_Driver/Src/stm32f0xx_hal_exti.c ****       SYSCFG->EXTICR[linepos >> 2u] = regval;
 204:Drivers/STM32F0xx_HAL_Driver/Src/stm32f0xx_hal_exti.c ****     }
 205:Drivers/STM32F0xx_HAL_Driver/Src/stm32f0xx_hal_exti.c ****   }
 206:Drivers/STM32F0xx_HAL_Driver/Src/stm32f0xx_hal_exti.c **** 
 207:Drivers/STM32F0xx_HAL_Driver/Src/stm32f0xx_hal_exti.c ****   /* Configure interrupt mode : read current mode */
 208:Drivers/STM32F0xx_HAL_Driver/Src/stm32f0xx_hal_exti.c ****   /* Mask or set line */
 209:Drivers/STM32F0xx_HAL_Driver/Src/stm32f0xx_hal_exti.c ****   if ((pExtiConfig->Mode & EXTI_MODE_INTERRUPT) != 0x00u)
 107              		.loc 1 209 3 is_stmt 1 view .LVU31
 108              		.loc 1 209 6 is_stmt 0 view .LVU32
 109 0042 4B68     		ldr	r3, [r1, #4]
 110 0044 DB07     		lsls	r3, r3, #31
 111 0046 26D5     		bpl	.L8
 210:Drivers/STM32F0xx_HAL_Driver/Src/stm32f0xx_hal_exti.c ****   {
 211:Drivers/STM32F0xx_HAL_Driver/Src/stm32f0xx_hal_exti.c ****     EXTI->IMR |= maskline;
 112              		.loc 1 211 5 is_stmt 1 view .LVU33
 113              		.loc 1 211 15 is_stmt 0 view .LVU34
 114 0048 1A48     		ldr	r0, .L14
 115 004a 0368     		ldr	r3, [r0]
 116 004c 1343     		orrs	r3, r2
 117 004e 0360     		str	r3, [r0]
 118              	.L9:
 212:Drivers/STM32F0xx_HAL_Driver/Src/stm32f0xx_hal_exti.c ****   }
 213:Drivers/STM32F0xx_HAL_Driver/Src/stm32f0xx_hal_exti.c ****   else
 214:Drivers/STM32F0xx_HAL_Driver/Src/stm32f0xx_hal_exti.c ****   {
 215:Drivers/STM32F0xx_HAL_Driver/Src/stm32f0xx_hal_exti.c ****     EXTI->IMR &= ~maskline;
 216:Drivers/STM32F0xx_HAL_Driver/Src/stm32f0xx_hal_exti.c ****   }
 217:Drivers/STM32F0xx_HAL_Driver/Src/stm32f0xx_hal_exti.c **** 
 218:Drivers/STM32F0xx_HAL_Driver/Src/stm32f0xx_hal_exti.c ****   /* Configure event mode : read current mode */
 219:Drivers/STM32F0xx_HAL_Driver/Src/stm32f0xx_hal_exti.c ****   /* Mask or set line */
 220:Drivers/STM32F0xx_HAL_Driver/Src/stm32f0xx_hal_exti.c ****   if ((pExtiConfig->Mode & EXTI_MODE_EVENT) != 0x00u)
 119              		.loc 1 220 3 is_stmt 1 view .LVU35
 120              		.loc 1 220 19 is_stmt 0 view .LVU36
 121 0050 4B68     		ldr	r3, [r1, #4]
 122              		.loc 1 220 6 view .LVU37
 123 0052 9B07     		lsls	r3, r3, #30
ARM GAS  /var/folders/b6/0xn3z77n589c481l0rsth7mc0000gn/T//cckGvk7q.s 			page 7


 124 0054 24D5     		bpl	.L10
 221:Drivers/STM32F0xx_HAL_Driver/Src/stm32f0xx_hal_exti.c ****   {
 222:Drivers/STM32F0xx_HAL_Driver/Src/stm32f0xx_hal_exti.c ****     EXTI->EMR |= maskline;
 125              		.loc 1 222 5 is_stmt 1 view .LVU38
 126              		.loc 1 222 15 is_stmt 0 view .LVU39
 127 0056 1749     		ldr	r1, .L14
 128              	.LVL5:
 129              		.loc 1 222 15 view .LVU40
 130 0058 4B68     		ldr	r3, [r1, #4]
 131 005a 1A43     		orrs	r2, r3
 132              	.LVL6:
 133              		.loc 1 222 15 view .LVU41
 134 005c 4A60     		str	r2, [r1, #4]
 223:Drivers/STM32F0xx_HAL_Driver/Src/stm32f0xx_hal_exti.c ****   }
 224:Drivers/STM32F0xx_HAL_Driver/Src/stm32f0xx_hal_exti.c ****   else
 225:Drivers/STM32F0xx_HAL_Driver/Src/stm32f0xx_hal_exti.c ****   {
 226:Drivers/STM32F0xx_HAL_Driver/Src/stm32f0xx_hal_exti.c ****     EXTI->EMR &= ~maskline;
 227:Drivers/STM32F0xx_HAL_Driver/Src/stm32f0xx_hal_exti.c ****   }
 228:Drivers/STM32F0xx_HAL_Driver/Src/stm32f0xx_hal_exti.c **** 
 229:Drivers/STM32F0xx_HAL_Driver/Src/stm32f0xx_hal_exti.c ****   return HAL_OK;
 135              		.loc 1 229 10 view .LVU42
 136 005e 0020     		movs	r0, #0
 137              	.L2:
 230:Drivers/STM32F0xx_HAL_Driver/Src/stm32f0xx_hal_exti.c **** }
 138              		.loc 1 230 1 view .LVU43
 139              		@ sp needed
 140 0060 70BD     		pop	{r4, r5, r6, pc}
 141              	.LVL7:
 142              	.L4:
 179:Drivers/STM32F0xx_HAL_Driver/Src/stm32f0xx_hal_exti.c ****     }
 143              		.loc 1 179 7 is_stmt 1 view .LVU44
 179:Drivers/STM32F0xx_HAL_Driver/Src/stm32f0xx_hal_exti.c ****     }
 144              		.loc 1 179 18 is_stmt 0 view .LVU45
 145 0062 144D     		ldr	r5, .L14
 146 0064 A868     		ldr	r0, [r5, #8]
 147 0066 9043     		bics	r0, r2
 148 0068 A860     		str	r0, [r5, #8]
 149 006a DDE7     		b	.L5
 150              	.L6:
 190:Drivers/STM32F0xx_HAL_Driver/Src/stm32f0xx_hal_exti.c ****     }
 151              		.loc 1 190 7 is_stmt 1 view .LVU46
 190:Drivers/STM32F0xx_HAL_Driver/Src/stm32f0xx_hal_exti.c ****     }
 152              		.loc 1 190 18 is_stmt 0 view .LVU47
 153 006c 114D     		ldr	r5, .L14
 154 006e E868     		ldr	r0, [r5, #12]
 155 0070 9043     		bics	r0, r2
 156 0072 E860     		str	r0, [r5, #12]
 157 0074 DFE7     		b	.L7
 158              	.L13:
 197:Drivers/STM32F0xx_HAL_Driver/Src/stm32f0xx_hal_exti.c ****       assert_param(IS_EXTI_GPIO_PIN(linepos));
 159              		.loc 1 197 7 is_stmt 1 view .LVU48
 198:Drivers/STM32F0xx_HAL_Driver/Src/stm32f0xx_hal_exti.c **** 
 160              		.loc 1 198 7 view .LVU49
 200:Drivers/STM32F0xx_HAL_Driver/Src/stm32f0xx_hal_exti.c ****       regval &= ~(SYSCFG_EXTICR1_EXTI0 << (SYSCFG_EXTICR1_EXTI1_Pos * (linepos & 0x03u)));
 161              		.loc 1 200 7 view .LVU50
 200:Drivers/STM32F0xx_HAL_Driver/Src/stm32f0xx_hal_exti.c ****       regval &= ~(SYSCFG_EXTICR1_EXTI0 << (SYSCFG_EXTICR1_EXTI1_Pos * (linepos & 0x03u)));
 162              		.loc 1 200 39 is_stmt 0 view .LVU51
ARM GAS  /var/folders/b6/0xn3z77n589c481l0rsth7mc0000gn/T//cckGvk7q.s 			page 8


 163 0076 9B08     		lsrs	r3, r3, #2
 164              	.LVL8:
 200:Drivers/STM32F0xx_HAL_Driver/Src/stm32f0xx_hal_exti.c ****       regval &= ~(SYSCFG_EXTICR1_EXTI0 << (SYSCFG_EXTICR1_EXTI1_Pos * (linepos & 0x03u)));
 165              		.loc 1 200 14 view .LVU52
 166 0078 0F4E     		ldr	r6, .L14+4
 167 007a 0233     		adds	r3, r3, #2
 168 007c 9B00     		lsls	r3, r3, #2
 169 007e 9D59     		ldr	r5, [r3, r6]
 170              	.LVL9:
 201:Drivers/STM32F0xx_HAL_Driver/Src/stm32f0xx_hal_exti.c ****       regval |= (pExtiConfig->GPIOSel << (SYSCFG_EXTICR1_EXTI1_Pos * (linepos & 0x03u)));
 171              		.loc 1 201 7 is_stmt 1 view .LVU53
 201:Drivers/STM32F0xx_HAL_Driver/Src/stm32f0xx_hal_exti.c ****       regval |= (pExtiConfig->GPIOSel << (SYSCFG_EXTICR1_EXTI1_Pos * (linepos & 0x03u)));
 172              		.loc 1 201 80 is_stmt 0 view .LVU54
 173 0080 0320     		movs	r0, #3
 174 0082 0440     		ands	r4, r0
 175              	.LVL10:
 201:Drivers/STM32F0xx_HAL_Driver/Src/stm32f0xx_hal_exti.c ****       regval |= (pExtiConfig->GPIOSel << (SYSCFG_EXTICR1_EXTI1_Pos * (linepos & 0x03u)));
 176              		.loc 1 201 69 view .LVU55
 177 0084 A400     		lsls	r4, r4, #2
 201:Drivers/STM32F0xx_HAL_Driver/Src/stm32f0xx_hal_exti.c ****       regval |= (pExtiConfig->GPIOSel << (SYSCFG_EXTICR1_EXTI1_Pos * (linepos & 0x03u)));
 178              		.loc 1 201 40 view .LVU56
 179 0086 0C30     		adds	r0, r0, #12
 180 0088 A040     		lsls	r0, r0, r4
 201:Drivers/STM32F0xx_HAL_Driver/Src/stm32f0xx_hal_exti.c ****       regval |= (pExtiConfig->GPIOSel << (SYSCFG_EXTICR1_EXTI1_Pos * (linepos & 0x03u)));
 181              		.loc 1 201 14 view .LVU57
 182 008a 8543     		bics	r5, r0
 183              	.LVL11:
 202:Drivers/STM32F0xx_HAL_Driver/Src/stm32f0xx_hal_exti.c ****       SYSCFG->EXTICR[linepos >> 2u] = regval;
 184              		.loc 1 202 7 is_stmt 1 view .LVU58
 202:Drivers/STM32F0xx_HAL_Driver/Src/stm32f0xx_hal_exti.c ****       SYSCFG->EXTICR[linepos >> 2u] = regval;
 185              		.loc 1 202 39 is_stmt 0 view .LVU59
 186 008c C868     		ldr	r0, [r1, #12]
 187 008e A040     		lsls	r0, r0, r4
 202:Drivers/STM32F0xx_HAL_Driver/Src/stm32f0xx_hal_exti.c ****       SYSCFG->EXTICR[linepos >> 2u] = regval;
 188              		.loc 1 202 14 view .LVU60
 189 0090 2843     		orrs	r0, r5
 190              	.LVL12:
 203:Drivers/STM32F0xx_HAL_Driver/Src/stm32f0xx_hal_exti.c ****     }
 191              		.loc 1 203 7 is_stmt 1 view .LVU61
 203:Drivers/STM32F0xx_HAL_Driver/Src/stm32f0xx_hal_exti.c ****     }
 192              		.loc 1 203 37 is_stmt 0 view .LVU62
 193 0092 9851     		str	r0, [r3, r6]
 194 0094 D5E7     		b	.L3
 195              	.LVL13:
 196              	.L8:
 215:Drivers/STM32F0xx_HAL_Driver/Src/stm32f0xx_hal_exti.c ****   }
 197              		.loc 1 215 5 is_stmt 1 view .LVU63
 215:Drivers/STM32F0xx_HAL_Driver/Src/stm32f0xx_hal_exti.c ****   }
 198              		.loc 1 215 15 is_stmt 0 view .LVU64
 199 0096 0748     		ldr	r0, .L14
 200 0098 0368     		ldr	r3, [r0]
 201 009a 9343     		bics	r3, r2
 202 009c 0360     		str	r3, [r0]
 203 009e D7E7     		b	.L9
 204              	.L10:
 226:Drivers/STM32F0xx_HAL_Driver/Src/stm32f0xx_hal_exti.c ****   }
 205              		.loc 1 226 5 is_stmt 1 view .LVU65
ARM GAS  /var/folders/b6/0xn3z77n589c481l0rsth7mc0000gn/T//cckGvk7q.s 			page 9


 226:Drivers/STM32F0xx_HAL_Driver/Src/stm32f0xx_hal_exti.c ****   }
 206              		.loc 1 226 15 is_stmt 0 view .LVU66
 207 00a0 0449     		ldr	r1, .L14
 208              	.LVL14:
 226:Drivers/STM32F0xx_HAL_Driver/Src/stm32f0xx_hal_exti.c ****   }
 209              		.loc 1 226 15 view .LVU67
 210 00a2 4B68     		ldr	r3, [r1, #4]
 211 00a4 9343     		bics	r3, r2
 212 00a6 4B60     		str	r3, [r1, #4]
 229:Drivers/STM32F0xx_HAL_Driver/Src/stm32f0xx_hal_exti.c **** }
 213              		.loc 1 229 10 view .LVU68
 214 00a8 0020     		movs	r0, #0
 215 00aa D9E7     		b	.L2
 216              	.LVL15:
 217              	.L11:
 152:Drivers/STM32F0xx_HAL_Driver/Src/stm32f0xx_hal_exti.c ****   }
 218              		.loc 1 152 12 view .LVU69
 219 00ac 0120     		movs	r0, #1
 220              	.LVL16:
 152:Drivers/STM32F0xx_HAL_Driver/Src/stm32f0xx_hal_exti.c ****   }
 221              		.loc 1 152 12 view .LVU70
 222 00ae D7E7     		b	.L2
 223              	.LVL17:
 224              	.L12:
 152:Drivers/STM32F0xx_HAL_Driver/Src/stm32f0xx_hal_exti.c ****   }
 225              		.loc 1 152 12 view .LVU71
 226 00b0 0120     		movs	r0, #1
 227              	.LVL18:
 152:Drivers/STM32F0xx_HAL_Driver/Src/stm32f0xx_hal_exti.c ****   }
 228              		.loc 1 152 12 view .LVU72
 229 00b2 D5E7     		b	.L2
 230              	.L15:
 231              		.align	2
 232              	.L14:
 233 00b4 00040140 		.word	1073808384
 234 00b8 00000140 		.word	1073807360
 235              		.cfi_endproc
 236              	.LFE40:
 238              		.section	.text.HAL_EXTI_GetConfigLine,"ax",%progbits
 239              		.align	1
 240              		.global	HAL_EXTI_GetConfigLine
 241              		.syntax unified
 242              		.code	16
 243              		.thumb_func
 244              		.fpu softvfp
 246              	HAL_EXTI_GetConfigLine:
 247              	.LVL19:
 248              	.LFB41:
 231:Drivers/STM32F0xx_HAL_Driver/Src/stm32f0xx_hal_exti.c **** 
 232:Drivers/STM32F0xx_HAL_Driver/Src/stm32f0xx_hal_exti.c **** /**
 233:Drivers/STM32F0xx_HAL_Driver/Src/stm32f0xx_hal_exti.c ****   * @brief  Get configuration of a dedicated Exti line.
 234:Drivers/STM32F0xx_HAL_Driver/Src/stm32f0xx_hal_exti.c ****   * @param  hexti Exti handle.
 235:Drivers/STM32F0xx_HAL_Driver/Src/stm32f0xx_hal_exti.c ****   * @param  pExtiConfig Pointer on structure to store Exti configuration.
 236:Drivers/STM32F0xx_HAL_Driver/Src/stm32f0xx_hal_exti.c ****   * @retval HAL Status.
 237:Drivers/STM32F0xx_HAL_Driver/Src/stm32f0xx_hal_exti.c ****   */
 238:Drivers/STM32F0xx_HAL_Driver/Src/stm32f0xx_hal_exti.c **** HAL_StatusTypeDef HAL_EXTI_GetConfigLine(EXTI_HandleTypeDef *hexti, EXTI_ConfigTypeDef *pExtiConfig
 239:Drivers/STM32F0xx_HAL_Driver/Src/stm32f0xx_hal_exti.c **** {
ARM GAS  /var/folders/b6/0xn3z77n589c481l0rsth7mc0000gn/T//cckGvk7q.s 			page 10


 249              		.loc 1 239 1 is_stmt 1 view -0
 250              		.cfi_startproc
 251              		@ args = 0, pretend = 0, frame = 0
 252              		@ frame_needed = 0, uses_anonymous_args = 0
 253              		.loc 1 239 1 is_stmt 0 view .LVU74
 254 0000 30B5     		push	{r4, r5, lr}
 255              		.cfi_def_cfa_offset 12
 256              		.cfi_offset 4, -12
 257              		.cfi_offset 5, -8
 258              		.cfi_offset 14, -4
 240:Drivers/STM32F0xx_HAL_Driver/Src/stm32f0xx_hal_exti.c ****   uint32_t regval;
 259              		.loc 1 240 3 is_stmt 1 view .LVU75
 241:Drivers/STM32F0xx_HAL_Driver/Src/stm32f0xx_hal_exti.c ****   uint32_t linepos;
 260              		.loc 1 241 3 view .LVU76
 242:Drivers/STM32F0xx_HAL_Driver/Src/stm32f0xx_hal_exti.c ****   uint32_t maskline;
 261              		.loc 1 242 3 view .LVU77
 243:Drivers/STM32F0xx_HAL_Driver/Src/stm32f0xx_hal_exti.c **** 
 244:Drivers/STM32F0xx_HAL_Driver/Src/stm32f0xx_hal_exti.c ****   /* Check null pointer */
 245:Drivers/STM32F0xx_HAL_Driver/Src/stm32f0xx_hal_exti.c ****   if ((hexti == NULL) || (pExtiConfig == NULL))
 262              		.loc 1 245 3 view .LVU78
 263              		.loc 1 245 6 is_stmt 0 view .LVU79
 264 0002 0028     		cmp	r0, #0
 265 0004 3FD0     		beq	.L23
 266              		.loc 1 245 23 discriminator 1 view .LVU80
 267 0006 0029     		cmp	r1, #0
 268 0008 3FD0     		beq	.L24
 246:Drivers/STM32F0xx_HAL_Driver/Src/stm32f0xx_hal_exti.c ****   {
 247:Drivers/STM32F0xx_HAL_Driver/Src/stm32f0xx_hal_exti.c ****     return HAL_ERROR;
 248:Drivers/STM32F0xx_HAL_Driver/Src/stm32f0xx_hal_exti.c ****   }
 249:Drivers/STM32F0xx_HAL_Driver/Src/stm32f0xx_hal_exti.c **** 
 250:Drivers/STM32F0xx_HAL_Driver/Src/stm32f0xx_hal_exti.c ****   /* Check the parameter */
 251:Drivers/STM32F0xx_HAL_Driver/Src/stm32f0xx_hal_exti.c ****   assert_param(IS_EXTI_LINE(hexti->Line));
 269              		.loc 1 251 3 is_stmt 1 view .LVU81
 252:Drivers/STM32F0xx_HAL_Driver/Src/stm32f0xx_hal_exti.c **** 
 253:Drivers/STM32F0xx_HAL_Driver/Src/stm32f0xx_hal_exti.c ****   /* Store handle line number to configuration structure */
 254:Drivers/STM32F0xx_HAL_Driver/Src/stm32f0xx_hal_exti.c ****   pExtiConfig->Line = hexti->Line;
 270              		.loc 1 254 3 view .LVU82
 271              		.loc 1 254 28 is_stmt 0 view .LVU83
 272 000a 0068     		ldr	r0, [r0]
 273              	.LVL20:
 274              		.loc 1 254 21 view .LVU84
 275 000c 0860     		str	r0, [r1]
 255:Drivers/STM32F0xx_HAL_Driver/Src/stm32f0xx_hal_exti.c **** 
 256:Drivers/STM32F0xx_HAL_Driver/Src/stm32f0xx_hal_exti.c ****   /* Compute line mask */
 257:Drivers/STM32F0xx_HAL_Driver/Src/stm32f0xx_hal_exti.c ****   linepos = (pExtiConfig->Line & EXTI_PIN_MASK);
 276              		.loc 1 257 3 is_stmt 1 view .LVU85
 277              		.loc 1 257 11 is_stmt 0 view .LVU86
 278 000e 1F24     		movs	r4, #31
 279 0010 0440     		ands	r4, r0
 280              	.LVL21:
 258:Drivers/STM32F0xx_HAL_Driver/Src/stm32f0xx_hal_exti.c ****   maskline = (1uL << linepos);
 281              		.loc 1 258 3 is_stmt 1 view .LVU87
 282              		.loc 1 258 12 is_stmt 0 view .LVU88
 283 0012 0123     		movs	r3, #1
 284 0014 A340     		lsls	r3, r3, r4
 285              	.LVL22:
 259:Drivers/STM32F0xx_HAL_Driver/Src/stm32f0xx_hal_exti.c **** 
ARM GAS  /var/folders/b6/0xn3z77n589c481l0rsth7mc0000gn/T//cckGvk7q.s 			page 11


 260:Drivers/STM32F0xx_HAL_Driver/Src/stm32f0xx_hal_exti.c ****   /* 1] Get core mode : interrupt */
 261:Drivers/STM32F0xx_HAL_Driver/Src/stm32f0xx_hal_exti.c **** 
 262:Drivers/STM32F0xx_HAL_Driver/Src/stm32f0xx_hal_exti.c ****   /* Check if selected line is enable */
 263:Drivers/STM32F0xx_HAL_Driver/Src/stm32f0xx_hal_exti.c ****   if ((EXTI->IMR & maskline) != 0x00u)
 286              		.loc 1 263 3 is_stmt 1 view .LVU89
 287              		.loc 1 263 12 is_stmt 0 view .LVU90
 288 0016 1F4A     		ldr	r2, .L28
 289 0018 1268     		ldr	r2, [r2]
 290              		.loc 1 263 6 view .LVU91
 291 001a 1342     		tst	r3, r2
 292 001c 23D0     		beq	.L18
 264:Drivers/STM32F0xx_HAL_Driver/Src/stm32f0xx_hal_exti.c ****   {
 265:Drivers/STM32F0xx_HAL_Driver/Src/stm32f0xx_hal_exti.c ****     pExtiConfig->Mode = EXTI_MODE_INTERRUPT;
 293              		.loc 1 265 5 is_stmt 1 view .LVU92
 294              		.loc 1 265 23 is_stmt 0 view .LVU93
 295 001e 0122     		movs	r2, #1
 296 0020 4A60     		str	r2, [r1, #4]
 297              	.L19:
 266:Drivers/STM32F0xx_HAL_Driver/Src/stm32f0xx_hal_exti.c ****   }
 267:Drivers/STM32F0xx_HAL_Driver/Src/stm32f0xx_hal_exti.c ****   else
 268:Drivers/STM32F0xx_HAL_Driver/Src/stm32f0xx_hal_exti.c ****   {
 269:Drivers/STM32F0xx_HAL_Driver/Src/stm32f0xx_hal_exti.c ****     pExtiConfig->Mode = EXTI_MODE_NONE;
 270:Drivers/STM32F0xx_HAL_Driver/Src/stm32f0xx_hal_exti.c ****   }
 271:Drivers/STM32F0xx_HAL_Driver/Src/stm32f0xx_hal_exti.c **** 
 272:Drivers/STM32F0xx_HAL_Driver/Src/stm32f0xx_hal_exti.c ****   /* Get event mode */
 273:Drivers/STM32F0xx_HAL_Driver/Src/stm32f0xx_hal_exti.c ****   /* Check if selected line is enable */
 274:Drivers/STM32F0xx_HAL_Driver/Src/stm32f0xx_hal_exti.c ****   if ((EXTI->EMR & maskline) != 0x00u)
 298              		.loc 1 274 3 is_stmt 1 view .LVU94
 299              		.loc 1 274 12 is_stmt 0 view .LVU95
 300 0022 1C4A     		ldr	r2, .L28
 301 0024 5268     		ldr	r2, [r2, #4]
 302              		.loc 1 274 6 view .LVU96
 303 0026 1342     		tst	r3, r2
 304 0028 03D0     		beq	.L20
 275:Drivers/STM32F0xx_HAL_Driver/Src/stm32f0xx_hal_exti.c ****   {
 276:Drivers/STM32F0xx_HAL_Driver/Src/stm32f0xx_hal_exti.c ****     pExtiConfig->Mode |= EXTI_MODE_EVENT;
 305              		.loc 1 276 5 is_stmt 1 view .LVU97
 306              		.loc 1 276 23 is_stmt 0 view .LVU98
 307 002a 0222     		movs	r2, #2
 308 002c 4D68     		ldr	r5, [r1, #4]
 309 002e 2A43     		orrs	r2, r5
 310 0030 4A60     		str	r2, [r1, #4]
 311              	.L20:
 277:Drivers/STM32F0xx_HAL_Driver/Src/stm32f0xx_hal_exti.c ****   }
 278:Drivers/STM32F0xx_HAL_Driver/Src/stm32f0xx_hal_exti.c **** 
 279:Drivers/STM32F0xx_HAL_Driver/Src/stm32f0xx_hal_exti.c ****   /* Get default Trigger and GPIOSel configuration */
 280:Drivers/STM32F0xx_HAL_Driver/Src/stm32f0xx_hal_exti.c ****   pExtiConfig->Trigger = EXTI_TRIGGER_NONE;
 312              		.loc 1 280 3 is_stmt 1 view .LVU99
 313              		.loc 1 280 24 is_stmt 0 view .LVU100
 314 0032 0022     		movs	r2, #0
 315 0034 8A60     		str	r2, [r1, #8]
 281:Drivers/STM32F0xx_HAL_Driver/Src/stm32f0xx_hal_exti.c ****   pExtiConfig->GPIOSel = 0x00u;
 316              		.loc 1 281 3 is_stmt 1 view .LVU101
 317              		.loc 1 281 24 is_stmt 0 view .LVU102
 318 0036 CA60     		str	r2, [r1, #12]
 282:Drivers/STM32F0xx_HAL_Driver/Src/stm32f0xx_hal_exti.c **** 
 283:Drivers/STM32F0xx_HAL_Driver/Src/stm32f0xx_hal_exti.c ****   /* 2] Get trigger for configurable lines : rising */
ARM GAS  /var/folders/b6/0xn3z77n589c481l0rsth7mc0000gn/T//cckGvk7q.s 			page 12


 284:Drivers/STM32F0xx_HAL_Driver/Src/stm32f0xx_hal_exti.c ****   if ((pExtiConfig->Line & EXTI_CONFIG) != 0x00u)
 319              		.loc 1 284 3 is_stmt 1 view .LVU103
 320              		.loc 1 284 6 is_stmt 0 view .LVU104
 321 0038 8201     		lsls	r2, r0, #6
 322 003a 28D5     		bpl	.L25
 285:Drivers/STM32F0xx_HAL_Driver/Src/stm32f0xx_hal_exti.c ****   {
 286:Drivers/STM32F0xx_HAL_Driver/Src/stm32f0xx_hal_exti.c ****     /* Check if configuration of selected line is enable */
 287:Drivers/STM32F0xx_HAL_Driver/Src/stm32f0xx_hal_exti.c ****     if ((EXTI->RTSR & maskline) != 0x00u)
 323              		.loc 1 287 5 is_stmt 1 view .LVU105
 324              		.loc 1 287 14 is_stmt 0 view .LVU106
 325 003c 154A     		ldr	r2, .L28
 326 003e 9268     		ldr	r2, [r2, #8]
 327              		.loc 1 287 8 view .LVU107
 328 0040 1342     		tst	r3, r2
 329 0042 01D0     		beq	.L21
 288:Drivers/STM32F0xx_HAL_Driver/Src/stm32f0xx_hal_exti.c ****     {
 289:Drivers/STM32F0xx_HAL_Driver/Src/stm32f0xx_hal_exti.c ****       pExtiConfig->Trigger = EXTI_TRIGGER_RISING;
 330              		.loc 1 289 7 is_stmt 1 view .LVU108
 331              		.loc 1 289 28 is_stmt 0 view .LVU109
 332 0044 0122     		movs	r2, #1
 333 0046 8A60     		str	r2, [r1, #8]
 334              	.L21:
 290:Drivers/STM32F0xx_HAL_Driver/Src/stm32f0xx_hal_exti.c ****     }
 291:Drivers/STM32F0xx_HAL_Driver/Src/stm32f0xx_hal_exti.c **** 
 292:Drivers/STM32F0xx_HAL_Driver/Src/stm32f0xx_hal_exti.c ****     /* Get falling configuration */
 293:Drivers/STM32F0xx_HAL_Driver/Src/stm32f0xx_hal_exti.c ****     /* Check if configuration of selected line is enable */
 294:Drivers/STM32F0xx_HAL_Driver/Src/stm32f0xx_hal_exti.c ****     if ((EXTI->FTSR & maskline) != 0x00u)
 335              		.loc 1 294 5 is_stmt 1 view .LVU110
 336              		.loc 1 294 14 is_stmt 0 view .LVU111
 337 0048 124A     		ldr	r2, .L28
 338 004a D268     		ldr	r2, [r2, #12]
 339              		.loc 1 294 8 view .LVU112
 340 004c 1342     		tst	r3, r2
 341 004e 03D0     		beq	.L22
 295:Drivers/STM32F0xx_HAL_Driver/Src/stm32f0xx_hal_exti.c ****     {
 296:Drivers/STM32F0xx_HAL_Driver/Src/stm32f0xx_hal_exti.c ****       pExtiConfig->Trigger |= EXTI_TRIGGER_FALLING;
 342              		.loc 1 296 7 is_stmt 1 view .LVU113
 343              		.loc 1 296 28 is_stmt 0 view .LVU114
 344 0050 0223     		movs	r3, #2
 345              	.LVL23:
 346              		.loc 1 296 28 view .LVU115
 347 0052 8A68     		ldr	r2, [r1, #8]
 348 0054 1343     		orrs	r3, r2
 349 0056 8B60     		str	r3, [r1, #8]
 350              	.L22:
 297:Drivers/STM32F0xx_HAL_Driver/Src/stm32f0xx_hal_exti.c ****     }
 298:Drivers/STM32F0xx_HAL_Driver/Src/stm32f0xx_hal_exti.c **** 
 299:Drivers/STM32F0xx_HAL_Driver/Src/stm32f0xx_hal_exti.c ****     /* Get Gpio port selection for gpio lines */
 300:Drivers/STM32F0xx_HAL_Driver/Src/stm32f0xx_hal_exti.c ****     if ((pExtiConfig->Line & EXTI_GPIO) == EXTI_GPIO)
 351              		.loc 1 300 5 is_stmt 1 view .LVU116
 352              		.loc 1 300 28 is_stmt 0 view .LVU117
 353 0058 C022     		movs	r2, #192
 354 005a D204     		lsls	r2, r2, #19
 355 005c 1040     		ands	r0, r2
 356              		.loc 1 300 8 view .LVU118
 357 005e 9042     		cmp	r0, r2
 358 0060 04D0     		beq	.L27
ARM GAS  /var/folders/b6/0xn3z77n589c481l0rsth7mc0000gn/T//cckGvk7q.s 			page 13


 301:Drivers/STM32F0xx_HAL_Driver/Src/stm32f0xx_hal_exti.c ****     {
 302:Drivers/STM32F0xx_HAL_Driver/Src/stm32f0xx_hal_exti.c ****       assert_param(IS_EXTI_GPIO_PIN(linepos));
 303:Drivers/STM32F0xx_HAL_Driver/Src/stm32f0xx_hal_exti.c **** 
 304:Drivers/STM32F0xx_HAL_Driver/Src/stm32f0xx_hal_exti.c ****       regval = SYSCFG->EXTICR[linepos >> 2u];
 305:Drivers/STM32F0xx_HAL_Driver/Src/stm32f0xx_hal_exti.c ****       pExtiConfig->GPIOSel = ((regval << (SYSCFG_EXTICR1_EXTI1_Pos * (3uL - (linepos & 0x03u)))) >>
 306:Drivers/STM32F0xx_HAL_Driver/Src/stm32f0xx_hal_exti.c ****     }
 307:Drivers/STM32F0xx_HAL_Driver/Src/stm32f0xx_hal_exti.c ****   }
 308:Drivers/STM32F0xx_HAL_Driver/Src/stm32f0xx_hal_exti.c **** 
 309:Drivers/STM32F0xx_HAL_Driver/Src/stm32f0xx_hal_exti.c ****   return HAL_OK;
 359              		.loc 1 309 10 view .LVU119
 360 0062 0020     		movs	r0, #0
 361 0064 14E0     		b	.L17
 362              	.LVL24:
 363              	.L18:
 269:Drivers/STM32F0xx_HAL_Driver/Src/stm32f0xx_hal_exti.c ****   }
 364              		.loc 1 269 5 is_stmt 1 view .LVU120
 269:Drivers/STM32F0xx_HAL_Driver/Src/stm32f0xx_hal_exti.c ****   }
 365              		.loc 1 269 23 is_stmt 0 view .LVU121
 366 0066 0022     		movs	r2, #0
 367 0068 4A60     		str	r2, [r1, #4]
 368 006a DAE7     		b	.L19
 369              	.LVL25:
 370              	.L27:
 302:Drivers/STM32F0xx_HAL_Driver/Src/stm32f0xx_hal_exti.c **** 
 371              		.loc 1 302 7 is_stmt 1 view .LVU122
 304:Drivers/STM32F0xx_HAL_Driver/Src/stm32f0xx_hal_exti.c ****       pExtiConfig->GPIOSel = ((regval << (SYSCFG_EXTICR1_EXTI1_Pos * (3uL - (linepos & 0x03u)))) >>
 372              		.loc 1 304 7 view .LVU123
 304:Drivers/STM32F0xx_HAL_Driver/Src/stm32f0xx_hal_exti.c ****       pExtiConfig->GPIOSel = ((regval << (SYSCFG_EXTICR1_EXTI1_Pos * (3uL - (linepos & 0x03u)))) >>
 373              		.loc 1 304 39 is_stmt 0 view .LVU124
 374 006c A308     		lsrs	r3, r4, #2
 304:Drivers/STM32F0xx_HAL_Driver/Src/stm32f0xx_hal_exti.c ****       pExtiConfig->GPIOSel = ((regval << (SYSCFG_EXTICR1_EXTI1_Pos * (3uL - (linepos & 0x03u)))) >>
 375              		.loc 1 304 14 view .LVU125
 376 006e 0233     		adds	r3, r3, #2
 377 0070 9B00     		lsls	r3, r3, #2
 378 0072 094A     		ldr	r2, .L28+4
 379 0074 9B58     		ldr	r3, [r3, r2]
 380              	.LVL26:
 305:Drivers/STM32F0xx_HAL_Driver/Src/stm32f0xx_hal_exti.c ****     }
 381              		.loc 1 305 7 is_stmt 1 view .LVU126
 305:Drivers/STM32F0xx_HAL_Driver/Src/stm32f0xx_hal_exti.c ****     }
 382              		.loc 1 305 75 is_stmt 0 view .LVU127
 383 0076 0322     		movs	r2, #3
 384 0078 A243     		bics	r2, r4
 305:Drivers/STM32F0xx_HAL_Driver/Src/stm32f0xx_hal_exti.c ****     }
 385              		.loc 1 305 68 view .LVU128
 386 007a 9200     		lsls	r2, r2, #2
 305:Drivers/STM32F0xx_HAL_Driver/Src/stm32f0xx_hal_exti.c ****     }
 387              		.loc 1 305 39 view .LVU129
 388 007c 9340     		lsls	r3, r3, r2
 389              	.LVL27:
 305:Drivers/STM32F0xx_HAL_Driver/Src/stm32f0xx_hal_exti.c ****     }
 390              		.loc 1 305 98 view .LVU130
 391 007e 1B0E     		lsrs	r3, r3, #24
 305:Drivers/STM32F0xx_HAL_Driver/Src/stm32f0xx_hal_exti.c ****     }
 392              		.loc 1 305 28 view .LVU131
 393 0080 CB60     		str	r3, [r1, #12]
 394              		.loc 1 309 10 view .LVU132
ARM GAS  /var/folders/b6/0xn3z77n589c481l0rsth7mc0000gn/T//cckGvk7q.s 			page 14


 395 0082 0020     		movs	r0, #0
 396 0084 04E0     		b	.L17
 397              	.LVL28:
 398              	.L23:
 247:Drivers/STM32F0xx_HAL_Driver/Src/stm32f0xx_hal_exti.c ****   }
 399              		.loc 1 247 12 view .LVU133
 400 0086 0120     		movs	r0, #1
 401              	.LVL29:
 247:Drivers/STM32F0xx_HAL_Driver/Src/stm32f0xx_hal_exti.c ****   }
 402              		.loc 1 247 12 view .LVU134
 403 0088 02E0     		b	.L17
 404              	.LVL30:
 405              	.L24:
 247:Drivers/STM32F0xx_HAL_Driver/Src/stm32f0xx_hal_exti.c ****   }
 406              		.loc 1 247 12 view .LVU135
 407 008a 0120     		movs	r0, #1
 408              	.LVL31:
 247:Drivers/STM32F0xx_HAL_Driver/Src/stm32f0xx_hal_exti.c ****   }
 409              		.loc 1 247 12 view .LVU136
 410 008c 00E0     		b	.L17
 411              	.LVL32:
 412              	.L25:
 413              		.loc 1 309 10 view .LVU137
 414 008e 0020     		movs	r0, #0
 415              	.LVL33:
 416              	.L17:
 310:Drivers/STM32F0xx_HAL_Driver/Src/stm32f0xx_hal_exti.c **** }
 417              		.loc 1 310 1 view .LVU138
 418              		@ sp needed
 419 0090 30BD     		pop	{r4, r5, pc}
 420              	.L29:
 421 0092 C046     		.align	2
 422              	.L28:
 423 0094 00040140 		.word	1073808384
 424 0098 00000140 		.word	1073807360
 425              		.cfi_endproc
 426              	.LFE41:
 428              		.section	.text.HAL_EXTI_ClearConfigLine,"ax",%progbits
 429              		.align	1
 430              		.global	HAL_EXTI_ClearConfigLine
 431              		.syntax unified
 432              		.code	16
 433              		.thumb_func
 434              		.fpu softvfp
 436              	HAL_EXTI_ClearConfigLine:
 437              	.LVL34:
 438              	.LFB42:
 311:Drivers/STM32F0xx_HAL_Driver/Src/stm32f0xx_hal_exti.c **** 
 312:Drivers/STM32F0xx_HAL_Driver/Src/stm32f0xx_hal_exti.c **** /**
 313:Drivers/STM32F0xx_HAL_Driver/Src/stm32f0xx_hal_exti.c ****   * @brief  Clear whole configuration of a dedicated Exti line.
 314:Drivers/STM32F0xx_HAL_Driver/Src/stm32f0xx_hal_exti.c ****   * @param  hexti Exti handle.
 315:Drivers/STM32F0xx_HAL_Driver/Src/stm32f0xx_hal_exti.c ****   * @retval HAL Status.
 316:Drivers/STM32F0xx_HAL_Driver/Src/stm32f0xx_hal_exti.c ****   */
 317:Drivers/STM32F0xx_HAL_Driver/Src/stm32f0xx_hal_exti.c **** HAL_StatusTypeDef HAL_EXTI_ClearConfigLine(EXTI_HandleTypeDef *hexti)
 318:Drivers/STM32F0xx_HAL_Driver/Src/stm32f0xx_hal_exti.c **** {
 439              		.loc 1 318 1 is_stmt 1 view -0
 440              		.cfi_startproc
ARM GAS  /var/folders/b6/0xn3z77n589c481l0rsth7mc0000gn/T//cckGvk7q.s 			page 15


 441              		@ args = 0, pretend = 0, frame = 0
 442              		@ frame_needed = 0, uses_anonymous_args = 0
 443              		.loc 1 318 1 is_stmt 0 view .LVU140
 444 0000 70B5     		push	{r4, r5, r6, lr}
 445              		.cfi_def_cfa_offset 16
 446              		.cfi_offset 4, -16
 447              		.cfi_offset 5, -12
 448              		.cfi_offset 6, -8
 449              		.cfi_offset 14, -4
 319:Drivers/STM32F0xx_HAL_Driver/Src/stm32f0xx_hal_exti.c ****   uint32_t regval;
 450              		.loc 1 319 3 is_stmt 1 view .LVU141
 320:Drivers/STM32F0xx_HAL_Driver/Src/stm32f0xx_hal_exti.c ****   uint32_t linepos;
 451              		.loc 1 320 3 view .LVU142
 321:Drivers/STM32F0xx_HAL_Driver/Src/stm32f0xx_hal_exti.c ****   uint32_t maskline;
 452              		.loc 1 321 3 view .LVU143
 322:Drivers/STM32F0xx_HAL_Driver/Src/stm32f0xx_hal_exti.c **** 
 323:Drivers/STM32F0xx_HAL_Driver/Src/stm32f0xx_hal_exti.c ****   /* Check null pointer */
 324:Drivers/STM32F0xx_HAL_Driver/Src/stm32f0xx_hal_exti.c ****   if (hexti == NULL)
 453              		.loc 1 324 3 view .LVU144
 454              		.loc 1 324 6 is_stmt 0 view .LVU145
 455 0002 0028     		cmp	r0, #0
 456 0004 2BD0     		beq	.L32
 325:Drivers/STM32F0xx_HAL_Driver/Src/stm32f0xx_hal_exti.c ****   {
 326:Drivers/STM32F0xx_HAL_Driver/Src/stm32f0xx_hal_exti.c ****     return HAL_ERROR;
 327:Drivers/STM32F0xx_HAL_Driver/Src/stm32f0xx_hal_exti.c ****   }
 328:Drivers/STM32F0xx_HAL_Driver/Src/stm32f0xx_hal_exti.c **** 
 329:Drivers/STM32F0xx_HAL_Driver/Src/stm32f0xx_hal_exti.c ****   /* Check the parameter */
 330:Drivers/STM32F0xx_HAL_Driver/Src/stm32f0xx_hal_exti.c ****   assert_param(IS_EXTI_LINE(hexti->Line));
 457              		.loc 1 330 3 is_stmt 1 view .LVU146
 331:Drivers/STM32F0xx_HAL_Driver/Src/stm32f0xx_hal_exti.c **** 
 332:Drivers/STM32F0xx_HAL_Driver/Src/stm32f0xx_hal_exti.c ****   /* compute line mask */
 333:Drivers/STM32F0xx_HAL_Driver/Src/stm32f0xx_hal_exti.c ****   linepos = (hexti->Line & EXTI_PIN_MASK);
 458              		.loc 1 333 3 view .LVU147
 459              		.loc 1 333 19 is_stmt 0 view .LVU148
 460 0006 0468     		ldr	r4, [r0]
 461              		.loc 1 333 11 view .LVU149
 462 0008 1F25     		movs	r5, #31
 463 000a 2540     		ands	r5, r4
 464              	.LVL35:
 334:Drivers/STM32F0xx_HAL_Driver/Src/stm32f0xx_hal_exti.c ****   maskline = (1uL << linepos);
 465              		.loc 1 334 3 is_stmt 1 view .LVU150
 466              		.loc 1 334 12 is_stmt 0 view .LVU151
 467 000c 0123     		movs	r3, #1
 468 000e AB40     		lsls	r3, r3, r5
 469              	.LVL36:
 335:Drivers/STM32F0xx_HAL_Driver/Src/stm32f0xx_hal_exti.c **** 
 336:Drivers/STM32F0xx_HAL_Driver/Src/stm32f0xx_hal_exti.c ****   /* 1] Clear interrupt mode */
 337:Drivers/STM32F0xx_HAL_Driver/Src/stm32f0xx_hal_exti.c ****   EXTI->IMR = (EXTI->IMR & ~maskline);
 470              		.loc 1 337 3 is_stmt 1 view .LVU152
 471              		.loc 1 337 20 is_stmt 0 view .LVU153
 472 0010 154A     		ldr	r2, .L36
 473 0012 1168     		ldr	r1, [r2]
 474              		.loc 1 337 28 view .LVU154
 475 0014 DE43     		mvns	r6, r3
 476              		.loc 1 337 26 view .LVU155
 477 0016 9943     		bics	r1, r3
 478              		.loc 1 337 13 view .LVU156
ARM GAS  /var/folders/b6/0xn3z77n589c481l0rsth7mc0000gn/T//cckGvk7q.s 			page 16


 479 0018 1160     		str	r1, [r2]
 338:Drivers/STM32F0xx_HAL_Driver/Src/stm32f0xx_hal_exti.c **** 
 339:Drivers/STM32F0xx_HAL_Driver/Src/stm32f0xx_hal_exti.c ****   /* 2] Clear event mode */
 340:Drivers/STM32F0xx_HAL_Driver/Src/stm32f0xx_hal_exti.c ****   EXTI->EMR = (EXTI->EMR & ~maskline);
 480              		.loc 1 340 3 is_stmt 1 view .LVU157
 481              		.loc 1 340 20 is_stmt 0 view .LVU158
 482 001a 5168     		ldr	r1, [r2, #4]
 483              		.loc 1 340 26 view .LVU159
 484 001c 9943     		bics	r1, r3
 485              		.loc 1 340 13 view .LVU160
 486 001e 5160     		str	r1, [r2, #4]
 341:Drivers/STM32F0xx_HAL_Driver/Src/stm32f0xx_hal_exti.c **** 
 342:Drivers/STM32F0xx_HAL_Driver/Src/stm32f0xx_hal_exti.c ****   /* 3] Clear triggers in case of configurable lines */
 343:Drivers/STM32F0xx_HAL_Driver/Src/stm32f0xx_hal_exti.c ****   if ((hexti->Line & EXTI_CONFIG) != 0x00u)
 487              		.loc 1 343 3 is_stmt 1 view .LVU161
 488              		.loc 1 343 6 is_stmt 0 view .LVU162
 489 0020 0368     		ldr	r3, [r0]
 490              	.LVL37:
 491              		.loc 1 343 6 view .LVU163
 492 0022 9B01     		lsls	r3, r3, #6
 493 0024 1DD5     		bpl	.L33
 344:Drivers/STM32F0xx_HAL_Driver/Src/stm32f0xx_hal_exti.c ****   {
 345:Drivers/STM32F0xx_HAL_Driver/Src/stm32f0xx_hal_exti.c ****     EXTI->RTSR = (EXTI->RTSR & ~maskline);
 494              		.loc 1 345 5 is_stmt 1 view .LVU164
 495              		.loc 1 345 23 is_stmt 0 view .LVU165
 496 0026 9368     		ldr	r3, [r2, #8]
 497              		.loc 1 345 30 view .LVU166
 498 0028 3340     		ands	r3, r6
 499              		.loc 1 345 16 view .LVU167
 500 002a 9360     		str	r3, [r2, #8]
 346:Drivers/STM32F0xx_HAL_Driver/Src/stm32f0xx_hal_exti.c ****     EXTI->FTSR = (EXTI->FTSR & ~maskline);
 501              		.loc 1 346 5 is_stmt 1 view .LVU168
 502              		.loc 1 346 23 is_stmt 0 view .LVU169
 503 002c D368     		ldr	r3, [r2, #12]
 504              		.loc 1 346 30 view .LVU170
 505 002e 1E40     		ands	r6, r3
 506              	.LVL38:
 507              		.loc 1 346 16 view .LVU171
 508 0030 D660     		str	r6, [r2, #12]
 347:Drivers/STM32F0xx_HAL_Driver/Src/stm32f0xx_hal_exti.c **** 
 348:Drivers/STM32F0xx_HAL_Driver/Src/stm32f0xx_hal_exti.c ****     /* Get Gpio port selection for gpio lines */
 349:Drivers/STM32F0xx_HAL_Driver/Src/stm32f0xx_hal_exti.c ****     if ((hexti->Line & EXTI_GPIO) == EXTI_GPIO)
 509              		.loc 1 349 5 is_stmt 1 view .LVU172
 510              		.loc 1 349 15 is_stmt 0 view .LVU173
 511 0032 0368     		ldr	r3, [r0]
 512              		.loc 1 349 22 view .LVU174
 513 0034 C022     		movs	r2, #192
 514 0036 D204     		lsls	r2, r2, #19
 515 0038 1340     		ands	r3, r2
 516              		.loc 1 349 8 view .LVU175
 517 003a 9342     		cmp	r3, r2
 518 003c 01D0     		beq	.L35
 350:Drivers/STM32F0xx_HAL_Driver/Src/stm32f0xx_hal_exti.c ****     {
 351:Drivers/STM32F0xx_HAL_Driver/Src/stm32f0xx_hal_exti.c ****       assert_param(IS_EXTI_GPIO_PIN(linepos));
 352:Drivers/STM32F0xx_HAL_Driver/Src/stm32f0xx_hal_exti.c **** 
 353:Drivers/STM32F0xx_HAL_Driver/Src/stm32f0xx_hal_exti.c ****       regval = SYSCFG->EXTICR[linepos >> 2u];
 354:Drivers/STM32F0xx_HAL_Driver/Src/stm32f0xx_hal_exti.c ****       regval &= ~(SYSCFG_EXTICR1_EXTI0 << (SYSCFG_EXTICR1_EXTI1_Pos * (linepos & 0x03u)));
ARM GAS  /var/folders/b6/0xn3z77n589c481l0rsth7mc0000gn/T//cckGvk7q.s 			page 17


 355:Drivers/STM32F0xx_HAL_Driver/Src/stm32f0xx_hal_exti.c ****       SYSCFG->EXTICR[linepos >> 2u] = regval;
 356:Drivers/STM32F0xx_HAL_Driver/Src/stm32f0xx_hal_exti.c ****     }
 357:Drivers/STM32F0xx_HAL_Driver/Src/stm32f0xx_hal_exti.c ****   }
 358:Drivers/STM32F0xx_HAL_Driver/Src/stm32f0xx_hal_exti.c **** 
 359:Drivers/STM32F0xx_HAL_Driver/Src/stm32f0xx_hal_exti.c ****   return HAL_OK;
 519              		.loc 1 359 10 view .LVU176
 520 003e 0020     		movs	r0, #0
 521              	.LVL39:
 522              		.loc 1 359 10 view .LVU177
 523 0040 10E0     		b	.L31
 524              	.LVL40:
 525              	.L35:
 351:Drivers/STM32F0xx_HAL_Driver/Src/stm32f0xx_hal_exti.c **** 
 526              		.loc 1 351 7 is_stmt 1 view .LVU178
 353:Drivers/STM32F0xx_HAL_Driver/Src/stm32f0xx_hal_exti.c ****       regval &= ~(SYSCFG_EXTICR1_EXTI0 << (SYSCFG_EXTICR1_EXTI1_Pos * (linepos & 0x03u)));
 527              		.loc 1 353 7 view .LVU179
 353:Drivers/STM32F0xx_HAL_Driver/Src/stm32f0xx_hal_exti.c ****       regval &= ~(SYSCFG_EXTICR1_EXTI0 << (SYSCFG_EXTICR1_EXTI1_Pos * (linepos & 0x03u)));
 528              		.loc 1 353 39 is_stmt 0 view .LVU180
 529 0042 AB08     		lsrs	r3, r5, #2
 353:Drivers/STM32F0xx_HAL_Driver/Src/stm32f0xx_hal_exti.c ****       regval &= ~(SYSCFG_EXTICR1_EXTI0 << (SYSCFG_EXTICR1_EXTI1_Pos * (linepos & 0x03u)));
 530              		.loc 1 353 14 view .LVU181
 531 0044 0948     		ldr	r0, .L36+4
 532              	.LVL41:
 353:Drivers/STM32F0xx_HAL_Driver/Src/stm32f0xx_hal_exti.c ****       regval &= ~(SYSCFG_EXTICR1_EXTI0 << (SYSCFG_EXTICR1_EXTI1_Pos * (linepos & 0x03u)));
 533              		.loc 1 353 14 view .LVU182
 534 0046 0233     		adds	r3, r3, #2
 535 0048 9B00     		lsls	r3, r3, #2
 536 004a 1958     		ldr	r1, [r3, r0]
 537              	.LVL42:
 354:Drivers/STM32F0xx_HAL_Driver/Src/stm32f0xx_hal_exti.c ****       SYSCFG->EXTICR[linepos >> 2u] = regval;
 538              		.loc 1 354 7 is_stmt 1 view .LVU183
 354:Drivers/STM32F0xx_HAL_Driver/Src/stm32f0xx_hal_exti.c ****       SYSCFG->EXTICR[linepos >> 2u] = regval;
 539              		.loc 1 354 80 is_stmt 0 view .LVU184
 540 004c 0322     		movs	r2, #3
 541 004e 1440     		ands	r4, r2
 354:Drivers/STM32F0xx_HAL_Driver/Src/stm32f0xx_hal_exti.c ****       SYSCFG->EXTICR[linepos >> 2u] = regval;
 542              		.loc 1 354 69 view .LVU185
 543 0050 A400     		lsls	r4, r4, #2
 354:Drivers/STM32F0xx_HAL_Driver/Src/stm32f0xx_hal_exti.c ****       SYSCFG->EXTICR[linepos >> 2u] = regval;
 544              		.loc 1 354 40 view .LVU186
 545 0052 0C32     		adds	r2, r2, #12
 546 0054 A240     		lsls	r2, r2, r4
 354:Drivers/STM32F0xx_HAL_Driver/Src/stm32f0xx_hal_exti.c ****       SYSCFG->EXTICR[linepos >> 2u] = regval;
 547              		.loc 1 354 14 view .LVU187
 548 0056 9143     		bics	r1, r2
 549              	.LVL43:
 355:Drivers/STM32F0xx_HAL_Driver/Src/stm32f0xx_hal_exti.c ****     }
 550              		.loc 1 355 7 is_stmt 1 view .LVU188
 355:Drivers/STM32F0xx_HAL_Driver/Src/stm32f0xx_hal_exti.c ****     }
 551              		.loc 1 355 37 is_stmt 0 view .LVU189
 552 0058 1950     		str	r1, [r3, r0]
 553              		.loc 1 359 10 view .LVU190
 554 005a 0020     		movs	r0, #0
 555 005c 02E0     		b	.L31
 556              	.LVL44:
 557              	.L32:
 326:Drivers/STM32F0xx_HAL_Driver/Src/stm32f0xx_hal_exti.c ****   }
ARM GAS  /var/folders/b6/0xn3z77n589c481l0rsth7mc0000gn/T//cckGvk7q.s 			page 18


 558              		.loc 1 326 12 view .LVU191
 559 005e 0120     		movs	r0, #1
 560              	.LVL45:
 326:Drivers/STM32F0xx_HAL_Driver/Src/stm32f0xx_hal_exti.c ****   }
 561              		.loc 1 326 12 view .LVU192
 562 0060 00E0     		b	.L31
 563              	.LVL46:
 564              	.L33:
 565              		.loc 1 359 10 view .LVU193
 566 0062 0020     		movs	r0, #0
 567              	.LVL47:
 568              	.L31:
 360:Drivers/STM32F0xx_HAL_Driver/Src/stm32f0xx_hal_exti.c **** }
 569              		.loc 1 360 1 view .LVU194
 570              		@ sp needed
 571 0064 70BD     		pop	{r4, r5, r6, pc}
 572              	.L37:
 573 0066 C046     		.align	2
 574              	.L36:
 575 0068 00040140 		.word	1073808384
 576 006c 00000140 		.word	1073807360
 577              		.cfi_endproc
 578              	.LFE42:
 580              		.section	.text.HAL_EXTI_RegisterCallback,"ax",%progbits
 581              		.align	1
 582              		.global	HAL_EXTI_RegisterCallback
 583              		.syntax unified
 584              		.code	16
 585              		.thumb_func
 586              		.fpu softvfp
 588              	HAL_EXTI_RegisterCallback:
 589              	.LVL48:
 590              	.LFB43:
 361:Drivers/STM32F0xx_HAL_Driver/Src/stm32f0xx_hal_exti.c **** 
 362:Drivers/STM32F0xx_HAL_Driver/Src/stm32f0xx_hal_exti.c **** /**
 363:Drivers/STM32F0xx_HAL_Driver/Src/stm32f0xx_hal_exti.c ****   * @brief  Register callback for a dedicated Exti line.
 364:Drivers/STM32F0xx_HAL_Driver/Src/stm32f0xx_hal_exti.c ****   * @param  hexti Exti handle.
 365:Drivers/STM32F0xx_HAL_Driver/Src/stm32f0xx_hal_exti.c ****   * @param  CallbackID User callback identifier.
 366:Drivers/STM32F0xx_HAL_Driver/Src/stm32f0xx_hal_exti.c ****   *         This parameter can be one of @arg @ref EXTI_CallbackIDTypeDef values.
 367:Drivers/STM32F0xx_HAL_Driver/Src/stm32f0xx_hal_exti.c ****   * @param  pPendingCbfn function pointer to be stored as callback.
 368:Drivers/STM32F0xx_HAL_Driver/Src/stm32f0xx_hal_exti.c ****   * @retval HAL Status.
 369:Drivers/STM32F0xx_HAL_Driver/Src/stm32f0xx_hal_exti.c ****   */
 370:Drivers/STM32F0xx_HAL_Driver/Src/stm32f0xx_hal_exti.c **** HAL_StatusTypeDef HAL_EXTI_RegisterCallback(EXTI_HandleTypeDef *hexti, EXTI_CallbackIDTypeDef Callb
 371:Drivers/STM32F0xx_HAL_Driver/Src/stm32f0xx_hal_exti.c **** {
 591              		.loc 1 371 1 is_stmt 1 view -0
 592              		.cfi_startproc
 593              		@ args = 0, pretend = 0, frame = 0
 594              		@ frame_needed = 0, uses_anonymous_args = 0
 595              		@ link register save eliminated.
 372:Drivers/STM32F0xx_HAL_Driver/Src/stm32f0xx_hal_exti.c ****   HAL_StatusTypeDef status = HAL_OK;
 596              		.loc 1 372 3 view .LVU196
 373:Drivers/STM32F0xx_HAL_Driver/Src/stm32f0xx_hal_exti.c **** 
 374:Drivers/STM32F0xx_HAL_Driver/Src/stm32f0xx_hal_exti.c ****   switch (CallbackID)
 597              		.loc 1 374 3 view .LVU197
 598 0000 0029     		cmp	r1, #0
 599 0002 02D1     		bne	.L40
 375:Drivers/STM32F0xx_HAL_Driver/Src/stm32f0xx_hal_exti.c ****   {
ARM GAS  /var/folders/b6/0xn3z77n589c481l0rsth7mc0000gn/T//cckGvk7q.s 			page 19


 376:Drivers/STM32F0xx_HAL_Driver/Src/stm32f0xx_hal_exti.c ****     case  HAL_EXTI_COMMON_CB_ID:
 377:Drivers/STM32F0xx_HAL_Driver/Src/stm32f0xx_hal_exti.c ****       hexti->PendingCallback = pPendingCbfn;
 600              		.loc 1 377 7 view .LVU198
 601              		.loc 1 377 30 is_stmt 0 view .LVU199
 602 0004 4260     		str	r2, [r0, #4]
 378:Drivers/STM32F0xx_HAL_Driver/Src/stm32f0xx_hal_exti.c ****       break;
 603              		.loc 1 378 7 is_stmt 1 view .LVU200
 372:Drivers/STM32F0xx_HAL_Driver/Src/stm32f0xx_hal_exti.c **** 
 604              		.loc 1 372 21 is_stmt 0 view .LVU201
 605 0006 0800     		movs	r0, r1
 606              	.LVL49:
 607              	.L39:
 379:Drivers/STM32F0xx_HAL_Driver/Src/stm32f0xx_hal_exti.c **** 
 380:Drivers/STM32F0xx_HAL_Driver/Src/stm32f0xx_hal_exti.c ****     default:
 381:Drivers/STM32F0xx_HAL_Driver/Src/stm32f0xx_hal_exti.c ****       status = HAL_ERROR;
 382:Drivers/STM32F0xx_HAL_Driver/Src/stm32f0xx_hal_exti.c ****       break;
 383:Drivers/STM32F0xx_HAL_Driver/Src/stm32f0xx_hal_exti.c ****   }
 384:Drivers/STM32F0xx_HAL_Driver/Src/stm32f0xx_hal_exti.c **** 
 385:Drivers/STM32F0xx_HAL_Driver/Src/stm32f0xx_hal_exti.c ****   return status;
 608              		.loc 1 385 3 is_stmt 1 view .LVU202
 386:Drivers/STM32F0xx_HAL_Driver/Src/stm32f0xx_hal_exti.c **** }
 609              		.loc 1 386 1 is_stmt 0 view .LVU203
 610              		@ sp needed
 611 0008 7047     		bx	lr
 612              	.LVL50:
 613              	.L40:
 381:Drivers/STM32F0xx_HAL_Driver/Src/stm32f0xx_hal_exti.c ****       break;
 614              		.loc 1 381 14 view .LVU204
 615 000a 0120     		movs	r0, #1
 616              	.LVL51:
 381:Drivers/STM32F0xx_HAL_Driver/Src/stm32f0xx_hal_exti.c ****       break;
 617              		.loc 1 381 14 view .LVU205
 618 000c FCE7     		b	.L39
 619              		.cfi_endproc
 620              	.LFE43:
 622              		.section	.text.HAL_EXTI_GetHandle,"ax",%progbits
 623              		.align	1
 624              		.global	HAL_EXTI_GetHandle
 625              		.syntax unified
 626              		.code	16
 627              		.thumb_func
 628              		.fpu softvfp
 630              	HAL_EXTI_GetHandle:
 631              	.LVL52:
 632              	.LFB44:
 387:Drivers/STM32F0xx_HAL_Driver/Src/stm32f0xx_hal_exti.c **** 
 388:Drivers/STM32F0xx_HAL_Driver/Src/stm32f0xx_hal_exti.c **** /**
 389:Drivers/STM32F0xx_HAL_Driver/Src/stm32f0xx_hal_exti.c ****   * @brief  Store line number as handle private field.
 390:Drivers/STM32F0xx_HAL_Driver/Src/stm32f0xx_hal_exti.c ****   * @param  hexti Exti handle.
 391:Drivers/STM32F0xx_HAL_Driver/Src/stm32f0xx_hal_exti.c ****   * @param  ExtiLine Exti line number.
 392:Drivers/STM32F0xx_HAL_Driver/Src/stm32f0xx_hal_exti.c ****   *         This parameter can be from 0 to @ref EXTI_LINE_NB.
 393:Drivers/STM32F0xx_HAL_Driver/Src/stm32f0xx_hal_exti.c ****   * @retval HAL Status.
 394:Drivers/STM32F0xx_HAL_Driver/Src/stm32f0xx_hal_exti.c ****   */
 395:Drivers/STM32F0xx_HAL_Driver/Src/stm32f0xx_hal_exti.c **** HAL_StatusTypeDef HAL_EXTI_GetHandle(EXTI_HandleTypeDef *hexti, uint32_t ExtiLine)
 396:Drivers/STM32F0xx_HAL_Driver/Src/stm32f0xx_hal_exti.c **** {
 633              		.loc 1 396 1 is_stmt 1 view -0
 634              		.cfi_startproc
ARM GAS  /var/folders/b6/0xn3z77n589c481l0rsth7mc0000gn/T//cckGvk7q.s 			page 20


 635              		@ args = 0, pretend = 0, frame = 0
 636              		@ frame_needed = 0, uses_anonymous_args = 0
 637              		@ link register save eliminated.
 397:Drivers/STM32F0xx_HAL_Driver/Src/stm32f0xx_hal_exti.c ****   /* Check the parameters */
 398:Drivers/STM32F0xx_HAL_Driver/Src/stm32f0xx_hal_exti.c ****   assert_param(IS_EXTI_LINE(ExtiLine));
 638              		.loc 1 398 3 view .LVU207
 399:Drivers/STM32F0xx_HAL_Driver/Src/stm32f0xx_hal_exti.c **** 
 400:Drivers/STM32F0xx_HAL_Driver/Src/stm32f0xx_hal_exti.c ****   /* Check null pointer */
 401:Drivers/STM32F0xx_HAL_Driver/Src/stm32f0xx_hal_exti.c ****   if (hexti == NULL)
 639              		.loc 1 401 3 view .LVU208
 640              		.loc 1 401 6 is_stmt 0 view .LVU209
 641 0000 0028     		cmp	r0, #0
 642 0002 02D0     		beq	.L43
 402:Drivers/STM32F0xx_HAL_Driver/Src/stm32f0xx_hal_exti.c ****   {
 403:Drivers/STM32F0xx_HAL_Driver/Src/stm32f0xx_hal_exti.c ****     return HAL_ERROR;
 404:Drivers/STM32F0xx_HAL_Driver/Src/stm32f0xx_hal_exti.c ****   }
 405:Drivers/STM32F0xx_HAL_Driver/Src/stm32f0xx_hal_exti.c ****   else
 406:Drivers/STM32F0xx_HAL_Driver/Src/stm32f0xx_hal_exti.c ****   {
 407:Drivers/STM32F0xx_HAL_Driver/Src/stm32f0xx_hal_exti.c ****     /* Store line number as handle private field */
 408:Drivers/STM32F0xx_HAL_Driver/Src/stm32f0xx_hal_exti.c ****     hexti->Line = ExtiLine;
 643              		.loc 1 408 5 is_stmt 1 view .LVU210
 644              		.loc 1 408 17 is_stmt 0 view .LVU211
 645 0004 0160     		str	r1, [r0]
 409:Drivers/STM32F0xx_HAL_Driver/Src/stm32f0xx_hal_exti.c **** 
 410:Drivers/STM32F0xx_HAL_Driver/Src/stm32f0xx_hal_exti.c ****     return HAL_OK;
 646              		.loc 1 410 5 is_stmt 1 view .LVU212
 647              		.loc 1 410 12 is_stmt 0 view .LVU213
 648 0006 0020     		movs	r0, #0
 649              	.LVL53:
 650              	.L42:
 411:Drivers/STM32F0xx_HAL_Driver/Src/stm32f0xx_hal_exti.c ****   }
 412:Drivers/STM32F0xx_HAL_Driver/Src/stm32f0xx_hal_exti.c **** }
 651              		.loc 1 412 1 view .LVU214
 652              		@ sp needed
 653 0008 7047     		bx	lr
 654              	.LVL54:
 655              	.L43:
 403:Drivers/STM32F0xx_HAL_Driver/Src/stm32f0xx_hal_exti.c ****   }
 656              		.loc 1 403 12 view .LVU215
 657 000a 0120     		movs	r0, #1
 658              	.LVL55:
 403:Drivers/STM32F0xx_HAL_Driver/Src/stm32f0xx_hal_exti.c ****   }
 659              		.loc 1 403 12 view .LVU216
 660 000c FCE7     		b	.L42
 661              		.cfi_endproc
 662              	.LFE44:
 664              		.section	.text.HAL_EXTI_IRQHandler,"ax",%progbits
 665              		.align	1
 666              		.global	HAL_EXTI_IRQHandler
 667              		.syntax unified
 668              		.code	16
 669              		.thumb_func
 670              		.fpu softvfp
 672              	HAL_EXTI_IRQHandler:
 673              	.LVL56:
 674              	.LFB45:
 413:Drivers/STM32F0xx_HAL_Driver/Src/stm32f0xx_hal_exti.c **** 
ARM GAS  /var/folders/b6/0xn3z77n589c481l0rsth7mc0000gn/T//cckGvk7q.s 			page 21


 414:Drivers/STM32F0xx_HAL_Driver/Src/stm32f0xx_hal_exti.c **** /**
 415:Drivers/STM32F0xx_HAL_Driver/Src/stm32f0xx_hal_exti.c ****   * @}
 416:Drivers/STM32F0xx_HAL_Driver/Src/stm32f0xx_hal_exti.c ****   */
 417:Drivers/STM32F0xx_HAL_Driver/Src/stm32f0xx_hal_exti.c **** 
 418:Drivers/STM32F0xx_HAL_Driver/Src/stm32f0xx_hal_exti.c **** /** @addtogroup EXTI_Exported_Functions_Group2
 419:Drivers/STM32F0xx_HAL_Driver/Src/stm32f0xx_hal_exti.c ****   *  @brief EXTI IO functions.
 420:Drivers/STM32F0xx_HAL_Driver/Src/stm32f0xx_hal_exti.c ****   *
 421:Drivers/STM32F0xx_HAL_Driver/Src/stm32f0xx_hal_exti.c **** @verbatim
 422:Drivers/STM32F0xx_HAL_Driver/Src/stm32f0xx_hal_exti.c ****  ===============================================================================
 423:Drivers/STM32F0xx_HAL_Driver/Src/stm32f0xx_hal_exti.c ****                        ##### IO operation functions #####
 424:Drivers/STM32F0xx_HAL_Driver/Src/stm32f0xx_hal_exti.c ****  ===============================================================================
 425:Drivers/STM32F0xx_HAL_Driver/Src/stm32f0xx_hal_exti.c **** 
 426:Drivers/STM32F0xx_HAL_Driver/Src/stm32f0xx_hal_exti.c **** @endverbatim
 427:Drivers/STM32F0xx_HAL_Driver/Src/stm32f0xx_hal_exti.c ****   * @{
 428:Drivers/STM32F0xx_HAL_Driver/Src/stm32f0xx_hal_exti.c ****   */
 429:Drivers/STM32F0xx_HAL_Driver/Src/stm32f0xx_hal_exti.c **** 
 430:Drivers/STM32F0xx_HAL_Driver/Src/stm32f0xx_hal_exti.c **** /**
 431:Drivers/STM32F0xx_HAL_Driver/Src/stm32f0xx_hal_exti.c ****   * @brief  Handle EXTI interrupt request.
 432:Drivers/STM32F0xx_HAL_Driver/Src/stm32f0xx_hal_exti.c ****   * @param  hexti Exti handle.
 433:Drivers/STM32F0xx_HAL_Driver/Src/stm32f0xx_hal_exti.c ****   * @retval none.
 434:Drivers/STM32F0xx_HAL_Driver/Src/stm32f0xx_hal_exti.c ****   */
 435:Drivers/STM32F0xx_HAL_Driver/Src/stm32f0xx_hal_exti.c **** void HAL_EXTI_IRQHandler(EXTI_HandleTypeDef *hexti)
 436:Drivers/STM32F0xx_HAL_Driver/Src/stm32f0xx_hal_exti.c **** {
 675              		.loc 1 436 1 is_stmt 1 view -0
 676              		.cfi_startproc
 677              		@ args = 0, pretend = 0, frame = 0
 678              		@ frame_needed = 0, uses_anonymous_args = 0
 679              		.loc 1 436 1 is_stmt 0 view .LVU218
 680 0000 10B5     		push	{r4, lr}
 681              		.cfi_def_cfa_offset 8
 682              		.cfi_offset 4, -8
 683              		.cfi_offset 14, -4
 437:Drivers/STM32F0xx_HAL_Driver/Src/stm32f0xx_hal_exti.c ****   uint32_t regval;
 684              		.loc 1 437 3 is_stmt 1 view .LVU219
 438:Drivers/STM32F0xx_HAL_Driver/Src/stm32f0xx_hal_exti.c ****   uint32_t maskline;
 685              		.loc 1 438 3 view .LVU220
 439:Drivers/STM32F0xx_HAL_Driver/Src/stm32f0xx_hal_exti.c **** 
 440:Drivers/STM32F0xx_HAL_Driver/Src/stm32f0xx_hal_exti.c ****   /* Compute line mask */
 441:Drivers/STM32F0xx_HAL_Driver/Src/stm32f0xx_hal_exti.c ****   maskline = (1uL << (hexti->Line & EXTI_PIN_MASK));
 686              		.loc 1 441 3 view .LVU221
 687              		.loc 1 441 35 is_stmt 0 view .LVU222
 688 0002 1F22     		movs	r2, #31
 689 0004 0368     		ldr	r3, [r0]
 690 0006 1A40     		ands	r2, r3
 691              		.loc 1 441 12 view .LVU223
 692 0008 0123     		movs	r3, #1
 693 000a 9340     		lsls	r3, r3, r2
 694              	.LVL57:
 442:Drivers/STM32F0xx_HAL_Driver/Src/stm32f0xx_hal_exti.c **** 
 443:Drivers/STM32F0xx_HAL_Driver/Src/stm32f0xx_hal_exti.c ****   /* Get pending bit  */
 444:Drivers/STM32F0xx_HAL_Driver/Src/stm32f0xx_hal_exti.c ****   regval = (EXTI->PR & maskline);
 695              		.loc 1 444 3 is_stmt 1 view .LVU224
 696              		.loc 1 444 17 is_stmt 0 view .LVU225
 697 000c 054A     		ldr	r2, .L46
 698 000e 5269     		ldr	r2, [r2, #20]
 699              	.LVL58:
 445:Drivers/STM32F0xx_HAL_Driver/Src/stm32f0xx_hal_exti.c ****   if (regval != 0x00u)
ARM GAS  /var/folders/b6/0xn3z77n589c481l0rsth7mc0000gn/T//cckGvk7q.s 			page 22


 700              		.loc 1 445 3 is_stmt 1 view .LVU226
 701              		.loc 1 445 6 is_stmt 0 view .LVU227
 702 0010 1342     		tst	r3, r2
 703 0012 05D0     		beq	.L44
 446:Drivers/STM32F0xx_HAL_Driver/Src/stm32f0xx_hal_exti.c ****   {
 447:Drivers/STM32F0xx_HAL_Driver/Src/stm32f0xx_hal_exti.c ****     /* Clear pending bit */
 448:Drivers/STM32F0xx_HAL_Driver/Src/stm32f0xx_hal_exti.c ****     EXTI->PR = maskline;
 704              		.loc 1 448 5 is_stmt 1 view .LVU228
 705              		.loc 1 448 14 is_stmt 0 view .LVU229
 706 0014 034A     		ldr	r2, .L46
 707              	.LVL59:
 708              		.loc 1 448 14 view .LVU230
 709 0016 5361     		str	r3, [r2, #20]
 449:Drivers/STM32F0xx_HAL_Driver/Src/stm32f0xx_hal_exti.c **** 
 450:Drivers/STM32F0xx_HAL_Driver/Src/stm32f0xx_hal_exti.c ****     /* Call callback */
 451:Drivers/STM32F0xx_HAL_Driver/Src/stm32f0xx_hal_exti.c ****     if (hexti->PendingCallback != NULL)
 710              		.loc 1 451 5 is_stmt 1 view .LVU231
 711              		.loc 1 451 14 is_stmt 0 view .LVU232
 712 0018 4368     		ldr	r3, [r0, #4]
 713              	.LVL60:
 714              		.loc 1 451 8 view .LVU233
 715 001a 002B     		cmp	r3, #0
 716 001c 00D0     		beq	.L44
 452:Drivers/STM32F0xx_HAL_Driver/Src/stm32f0xx_hal_exti.c ****     {
 453:Drivers/STM32F0xx_HAL_Driver/Src/stm32f0xx_hal_exti.c ****       hexti->PendingCallback();
 717              		.loc 1 453 7 is_stmt 1 view .LVU234
 718 001e 9847     		blx	r3
 719              	.LVL61:
 720              	.L44:
 454:Drivers/STM32F0xx_HAL_Driver/Src/stm32f0xx_hal_exti.c ****     }
 455:Drivers/STM32F0xx_HAL_Driver/Src/stm32f0xx_hal_exti.c ****   }
 456:Drivers/STM32F0xx_HAL_Driver/Src/stm32f0xx_hal_exti.c **** }
 721              		.loc 1 456 1 is_stmt 0 view .LVU235
 722              		@ sp needed
 723 0020 10BD     		pop	{r4, pc}
 724              	.L47:
 725 0022 C046     		.align	2
 726              	.L46:
 727 0024 00040140 		.word	1073808384
 728              		.cfi_endproc
 729              	.LFE45:
 731              		.section	.text.HAL_EXTI_GetPending,"ax",%progbits
 732              		.align	1
 733              		.global	HAL_EXTI_GetPending
 734              		.syntax unified
 735              		.code	16
 736              		.thumb_func
 737              		.fpu softvfp
 739              	HAL_EXTI_GetPending:
 740              	.LVL62:
 741              	.LFB46:
 457:Drivers/STM32F0xx_HAL_Driver/Src/stm32f0xx_hal_exti.c **** 
 458:Drivers/STM32F0xx_HAL_Driver/Src/stm32f0xx_hal_exti.c **** /**
 459:Drivers/STM32F0xx_HAL_Driver/Src/stm32f0xx_hal_exti.c ****   * @brief  Get interrupt pending bit of a dedicated line.
 460:Drivers/STM32F0xx_HAL_Driver/Src/stm32f0xx_hal_exti.c ****   * @param  hexti Exti handle.
 461:Drivers/STM32F0xx_HAL_Driver/Src/stm32f0xx_hal_exti.c ****   * @param  Edge Specify which pending edge as to be checked.
 462:Drivers/STM32F0xx_HAL_Driver/Src/stm32f0xx_hal_exti.c ****   *         This parameter can be one of the following values:
ARM GAS  /var/folders/b6/0xn3z77n589c481l0rsth7mc0000gn/T//cckGvk7q.s 			page 23


 463:Drivers/STM32F0xx_HAL_Driver/Src/stm32f0xx_hal_exti.c ****   *           @arg @ref EXTI_TRIGGER_RISING_FALLING
 464:Drivers/STM32F0xx_HAL_Driver/Src/stm32f0xx_hal_exti.c ****   *         This parameter is kept for compatibility with other series.
 465:Drivers/STM32F0xx_HAL_Driver/Src/stm32f0xx_hal_exti.c ****   * @retval 1 if interrupt is pending else 0.
 466:Drivers/STM32F0xx_HAL_Driver/Src/stm32f0xx_hal_exti.c ****   */
 467:Drivers/STM32F0xx_HAL_Driver/Src/stm32f0xx_hal_exti.c **** uint32_t HAL_EXTI_GetPending(EXTI_HandleTypeDef *hexti, uint32_t Edge)
 468:Drivers/STM32F0xx_HAL_Driver/Src/stm32f0xx_hal_exti.c **** {
 742              		.loc 1 468 1 is_stmt 1 view -0
 743              		.cfi_startproc
 744              		@ args = 0, pretend = 0, frame = 0
 745              		@ frame_needed = 0, uses_anonymous_args = 0
 746              		@ link register save eliminated.
 469:Drivers/STM32F0xx_HAL_Driver/Src/stm32f0xx_hal_exti.c ****   uint32_t regval;
 747              		.loc 1 469 3 view .LVU237
 470:Drivers/STM32F0xx_HAL_Driver/Src/stm32f0xx_hal_exti.c ****   uint32_t linepos;
 748              		.loc 1 470 3 view .LVU238
 471:Drivers/STM32F0xx_HAL_Driver/Src/stm32f0xx_hal_exti.c ****   uint32_t maskline;
 749              		.loc 1 471 3 view .LVU239
 472:Drivers/STM32F0xx_HAL_Driver/Src/stm32f0xx_hal_exti.c **** 
 473:Drivers/STM32F0xx_HAL_Driver/Src/stm32f0xx_hal_exti.c ****   /* Check parameters */
 474:Drivers/STM32F0xx_HAL_Driver/Src/stm32f0xx_hal_exti.c ****   assert_param(IS_EXTI_LINE(hexti->Line));
 750              		.loc 1 474 3 view .LVU240
 475:Drivers/STM32F0xx_HAL_Driver/Src/stm32f0xx_hal_exti.c ****   assert_param(IS_EXTI_CONFIG_LINE(hexti->Line));
 751              		.loc 1 475 3 view .LVU241
 476:Drivers/STM32F0xx_HAL_Driver/Src/stm32f0xx_hal_exti.c ****   assert_param(IS_EXTI_PENDING_EDGE(Edge));
 752              		.loc 1 476 3 view .LVU242
 477:Drivers/STM32F0xx_HAL_Driver/Src/stm32f0xx_hal_exti.c **** 
 478:Drivers/STM32F0xx_HAL_Driver/Src/stm32f0xx_hal_exti.c ****   /* Compute line mask */
 479:Drivers/STM32F0xx_HAL_Driver/Src/stm32f0xx_hal_exti.c ****   linepos = (hexti->Line & EXTI_PIN_MASK);
 753              		.loc 1 479 3 view .LVU243
 754              		.loc 1 479 19 is_stmt 0 view .LVU244
 755 0000 0268     		ldr	r2, [r0]
 756              		.loc 1 479 11 view .LVU245
 757 0002 1F23     		movs	r3, #31
 758 0004 1340     		ands	r3, r2
 759              	.LVL63:
 480:Drivers/STM32F0xx_HAL_Driver/Src/stm32f0xx_hal_exti.c ****   maskline = (1uL << linepos);
 760              		.loc 1 480 3 is_stmt 1 view .LVU246
 761              		.loc 1 480 12 is_stmt 0 view .LVU247
 762 0006 0120     		movs	r0, #1
 763              	.LVL64:
 764              		.loc 1 480 12 view .LVU248
 765 0008 9840     		lsls	r0, r0, r3
 766              	.LVL65:
 481:Drivers/STM32F0xx_HAL_Driver/Src/stm32f0xx_hal_exti.c **** 
 482:Drivers/STM32F0xx_HAL_Driver/Src/stm32f0xx_hal_exti.c ****   /* return 1 if bit is set else 0 */
 483:Drivers/STM32F0xx_HAL_Driver/Src/stm32f0xx_hal_exti.c ****   regval = ((EXTI->PR & maskline) >> linepos);
 767              		.loc 1 483 3 is_stmt 1 view .LVU249
 768              		.loc 1 483 18 is_stmt 0 view .LVU250
 769 000a 024A     		ldr	r2, .L49
 770 000c 5269     		ldr	r2, [r2, #20]
 771              		.loc 1 483 23 view .LVU251
 772 000e 1040     		ands	r0, r2
 773              	.LVL66:
 774              		.loc 1 483 10 view .LVU252
 775 0010 D840     		lsrs	r0, r0, r3
 776              	.LVL67:
 484:Drivers/STM32F0xx_HAL_Driver/Src/stm32f0xx_hal_exti.c ****   return regval;
ARM GAS  /var/folders/b6/0xn3z77n589c481l0rsth7mc0000gn/T//cckGvk7q.s 			page 24


 777              		.loc 1 484 3 is_stmt 1 view .LVU253
 485:Drivers/STM32F0xx_HAL_Driver/Src/stm32f0xx_hal_exti.c **** }
 778              		.loc 1 485 1 is_stmt 0 view .LVU254
 779              		@ sp needed
 780 0012 7047     		bx	lr
 781              	.L50:
 782              		.align	2
 783              	.L49:
 784 0014 00040140 		.word	1073808384
 785              		.cfi_endproc
 786              	.LFE46:
 788              		.section	.text.HAL_EXTI_ClearPending,"ax",%progbits
 789              		.align	1
 790              		.global	HAL_EXTI_ClearPending
 791              		.syntax unified
 792              		.code	16
 793              		.thumb_func
 794              		.fpu softvfp
 796              	HAL_EXTI_ClearPending:
 797              	.LVL68:
 798              	.LFB47:
 486:Drivers/STM32F0xx_HAL_Driver/Src/stm32f0xx_hal_exti.c **** 
 487:Drivers/STM32F0xx_HAL_Driver/Src/stm32f0xx_hal_exti.c **** /**
 488:Drivers/STM32F0xx_HAL_Driver/Src/stm32f0xx_hal_exti.c ****   * @brief  Clear interrupt pending bit of a dedicated line.
 489:Drivers/STM32F0xx_HAL_Driver/Src/stm32f0xx_hal_exti.c ****   * @param  hexti Exti handle.
 490:Drivers/STM32F0xx_HAL_Driver/Src/stm32f0xx_hal_exti.c ****   * @param  Edge Specify which pending edge as to be clear.
 491:Drivers/STM32F0xx_HAL_Driver/Src/stm32f0xx_hal_exti.c ****   *         This parameter can be one of the following values:
 492:Drivers/STM32F0xx_HAL_Driver/Src/stm32f0xx_hal_exti.c ****   *           @arg @ref EXTI_TRIGGER_RISING_FALLING
 493:Drivers/STM32F0xx_HAL_Driver/Src/stm32f0xx_hal_exti.c ****   *         This parameter is kept for compatibility with other series.
 494:Drivers/STM32F0xx_HAL_Driver/Src/stm32f0xx_hal_exti.c ****   * @retval None.
 495:Drivers/STM32F0xx_HAL_Driver/Src/stm32f0xx_hal_exti.c ****   */
 496:Drivers/STM32F0xx_HAL_Driver/Src/stm32f0xx_hal_exti.c **** void HAL_EXTI_ClearPending(EXTI_HandleTypeDef *hexti, uint32_t Edge)
 497:Drivers/STM32F0xx_HAL_Driver/Src/stm32f0xx_hal_exti.c **** {
 799              		.loc 1 497 1 is_stmt 1 view -0
 800              		.cfi_startproc
 801              		@ args = 0, pretend = 0, frame = 0
 802              		@ frame_needed = 0, uses_anonymous_args = 0
 803              		@ link register save eliminated.
 498:Drivers/STM32F0xx_HAL_Driver/Src/stm32f0xx_hal_exti.c ****   uint32_t maskline;
 804              		.loc 1 498 3 view .LVU256
 499:Drivers/STM32F0xx_HAL_Driver/Src/stm32f0xx_hal_exti.c **** 
 500:Drivers/STM32F0xx_HAL_Driver/Src/stm32f0xx_hal_exti.c ****   /* Check parameters */
 501:Drivers/STM32F0xx_HAL_Driver/Src/stm32f0xx_hal_exti.c ****   assert_param(IS_EXTI_LINE(hexti->Line));
 805              		.loc 1 501 3 view .LVU257
 502:Drivers/STM32F0xx_HAL_Driver/Src/stm32f0xx_hal_exti.c ****   assert_param(IS_EXTI_CONFIG_LINE(hexti->Line));
 806              		.loc 1 502 3 view .LVU258
 503:Drivers/STM32F0xx_HAL_Driver/Src/stm32f0xx_hal_exti.c ****   assert_param(IS_EXTI_PENDING_EDGE(Edge));
 807              		.loc 1 503 3 view .LVU259
 504:Drivers/STM32F0xx_HAL_Driver/Src/stm32f0xx_hal_exti.c **** 
 505:Drivers/STM32F0xx_HAL_Driver/Src/stm32f0xx_hal_exti.c ****   /* Compute line mask */
 506:Drivers/STM32F0xx_HAL_Driver/Src/stm32f0xx_hal_exti.c ****   maskline = (1uL << (hexti->Line & EXTI_PIN_MASK));
 808              		.loc 1 506 3 view .LVU260
 809              		.loc 1 506 28 is_stmt 0 view .LVU261
 810 0000 0368     		ldr	r3, [r0]
 811              		.loc 1 506 35 view .LVU262
 812 0002 1F22     		movs	r2, #31
 813 0004 1A40     		ands	r2, r3
ARM GAS  /var/folders/b6/0xn3z77n589c481l0rsth7mc0000gn/T//cckGvk7q.s 			page 25


 814              		.loc 1 506 12 view .LVU263
 815 0006 0123     		movs	r3, #1
 816 0008 9340     		lsls	r3, r3, r2
 817              	.LVL69:
 507:Drivers/STM32F0xx_HAL_Driver/Src/stm32f0xx_hal_exti.c **** 
 508:Drivers/STM32F0xx_HAL_Driver/Src/stm32f0xx_hal_exti.c ****   /* Clear Pending bit */
 509:Drivers/STM32F0xx_HAL_Driver/Src/stm32f0xx_hal_exti.c ****   EXTI->PR =  maskline;
 818              		.loc 1 509 3 is_stmt 1 view .LVU264
 819              		.loc 1 509 12 is_stmt 0 view .LVU265
 820 000a 014A     		ldr	r2, .L52
 821 000c 5361     		str	r3, [r2, #20]
 510:Drivers/STM32F0xx_HAL_Driver/Src/stm32f0xx_hal_exti.c **** }
 822              		.loc 1 510 1 view .LVU266
 823              		@ sp needed
 824 000e 7047     		bx	lr
 825              	.L53:
 826              		.align	2
 827              	.L52:
 828 0010 00040140 		.word	1073808384
 829              		.cfi_endproc
 830              	.LFE47:
 832              		.section	.text.HAL_EXTI_GenerateSWI,"ax",%progbits
 833              		.align	1
 834              		.global	HAL_EXTI_GenerateSWI
 835              		.syntax unified
 836              		.code	16
 837              		.thumb_func
 838              		.fpu softvfp
 840              	HAL_EXTI_GenerateSWI:
 841              	.LVL70:
 842              	.LFB48:
 511:Drivers/STM32F0xx_HAL_Driver/Src/stm32f0xx_hal_exti.c **** 
 512:Drivers/STM32F0xx_HAL_Driver/Src/stm32f0xx_hal_exti.c **** /**
 513:Drivers/STM32F0xx_HAL_Driver/Src/stm32f0xx_hal_exti.c ****   * @brief  Generate a software interrupt for a dedicated line.
 514:Drivers/STM32F0xx_HAL_Driver/Src/stm32f0xx_hal_exti.c ****   * @param  hexti Exti handle.
 515:Drivers/STM32F0xx_HAL_Driver/Src/stm32f0xx_hal_exti.c ****   * @retval None.
 516:Drivers/STM32F0xx_HAL_Driver/Src/stm32f0xx_hal_exti.c ****   */
 517:Drivers/STM32F0xx_HAL_Driver/Src/stm32f0xx_hal_exti.c **** void HAL_EXTI_GenerateSWI(EXTI_HandleTypeDef *hexti)
 518:Drivers/STM32F0xx_HAL_Driver/Src/stm32f0xx_hal_exti.c **** {
 843              		.loc 1 518 1 is_stmt 1 view -0
 844              		.cfi_startproc
 845              		@ args = 0, pretend = 0, frame = 0
 846              		@ frame_needed = 0, uses_anonymous_args = 0
 847              		@ link register save eliminated.
 519:Drivers/STM32F0xx_HAL_Driver/Src/stm32f0xx_hal_exti.c ****   uint32_t maskline;
 848              		.loc 1 519 3 view .LVU268
 520:Drivers/STM32F0xx_HAL_Driver/Src/stm32f0xx_hal_exti.c **** 
 521:Drivers/STM32F0xx_HAL_Driver/Src/stm32f0xx_hal_exti.c ****   /* Check parameters */
 522:Drivers/STM32F0xx_HAL_Driver/Src/stm32f0xx_hal_exti.c ****   assert_param(IS_EXTI_LINE(hexti->Line));
 849              		.loc 1 522 3 view .LVU269
 523:Drivers/STM32F0xx_HAL_Driver/Src/stm32f0xx_hal_exti.c ****   assert_param(IS_EXTI_CONFIG_LINE(hexti->Line));
 850              		.loc 1 523 3 view .LVU270
 524:Drivers/STM32F0xx_HAL_Driver/Src/stm32f0xx_hal_exti.c **** 
 525:Drivers/STM32F0xx_HAL_Driver/Src/stm32f0xx_hal_exti.c ****   /* Compute line mask */
 526:Drivers/STM32F0xx_HAL_Driver/Src/stm32f0xx_hal_exti.c ****   maskline = (1uL << (hexti->Line & EXTI_PIN_MASK));
 851              		.loc 1 526 3 view .LVU271
 852              		.loc 1 526 28 is_stmt 0 view .LVU272
ARM GAS  /var/folders/b6/0xn3z77n589c481l0rsth7mc0000gn/T//cckGvk7q.s 			page 26


 853 0000 0368     		ldr	r3, [r0]
 854              		.loc 1 526 35 view .LVU273
 855 0002 1F22     		movs	r2, #31
 856 0004 1A40     		ands	r2, r3
 857              		.loc 1 526 12 view .LVU274
 858 0006 0123     		movs	r3, #1
 859 0008 9340     		lsls	r3, r3, r2
 860              	.LVL71:
 527:Drivers/STM32F0xx_HAL_Driver/Src/stm32f0xx_hal_exti.c **** 
 528:Drivers/STM32F0xx_HAL_Driver/Src/stm32f0xx_hal_exti.c ****   /* Generate Software interrupt */
 529:Drivers/STM32F0xx_HAL_Driver/Src/stm32f0xx_hal_exti.c ****   EXTI->SWIER = maskline;
 861              		.loc 1 529 3 is_stmt 1 view .LVU275
 862              		.loc 1 529 15 is_stmt 0 view .LVU276
 863 000a 014A     		ldr	r2, .L55
 864 000c 1361     		str	r3, [r2, #16]
 530:Drivers/STM32F0xx_HAL_Driver/Src/stm32f0xx_hal_exti.c **** }
 865              		.loc 1 530 1 view .LVU277
 866              		@ sp needed
 867 000e 7047     		bx	lr
 868              	.L56:
 869              		.align	2
 870              	.L55:
 871 0010 00040140 		.word	1073808384
 872              		.cfi_endproc
 873              	.LFE48:
 875              		.text
 876              	.Letext0:
 877              		.file 2 "/usr/local/Cellar/arm-gcc-bin@10/10-2020-q4-major/arm-none-eabi/include/machine/_default_
 878              		.file 3 "/usr/local/Cellar/arm-gcc-bin@10/10-2020-q4-major/arm-none-eabi/include/sys/_stdint.h"
 879              		.file 4 "Drivers/CMSIS/Device/ST/STM32F0xx/Include/stm32f051x8.h"
 880              		.file 5 "Drivers/STM32F0xx_HAL_Driver/Inc/stm32f0xx_hal_def.h"
 881              		.file 6 "Drivers/STM32F0xx_HAL_Driver/Inc/stm32f0xx_hal_exti.h"
ARM GAS  /var/folders/b6/0xn3z77n589c481l0rsth7mc0000gn/T//cckGvk7q.s 			page 27


DEFINED SYMBOLS
                            *ABS*:0000000000000000 stm32f0xx_hal_exti.c
/var/folders/b6/0xn3z77n589c481l0rsth7mc0000gn/T//cckGvk7q.s:16     .text.HAL_EXTI_SetConfigLine:0000000000000000 $t
/var/folders/b6/0xn3z77n589c481l0rsth7mc0000gn/T//cckGvk7q.s:24     .text.HAL_EXTI_SetConfigLine:0000000000000000 HAL_EXTI_SetConfigLine
/var/folders/b6/0xn3z77n589c481l0rsth7mc0000gn/T//cckGvk7q.s:233    .text.HAL_EXTI_SetConfigLine:00000000000000b4 $d
/var/folders/b6/0xn3z77n589c481l0rsth7mc0000gn/T//cckGvk7q.s:239    .text.HAL_EXTI_GetConfigLine:0000000000000000 $t
/var/folders/b6/0xn3z77n589c481l0rsth7mc0000gn/T//cckGvk7q.s:246    .text.HAL_EXTI_GetConfigLine:0000000000000000 HAL_EXTI_GetConfigLine
/var/folders/b6/0xn3z77n589c481l0rsth7mc0000gn/T//cckGvk7q.s:423    .text.HAL_EXTI_GetConfigLine:0000000000000094 $d
/var/folders/b6/0xn3z77n589c481l0rsth7mc0000gn/T//cckGvk7q.s:429    .text.HAL_EXTI_ClearConfigLine:0000000000000000 $t
/var/folders/b6/0xn3z77n589c481l0rsth7mc0000gn/T//cckGvk7q.s:436    .text.HAL_EXTI_ClearConfigLine:0000000000000000 HAL_EXTI_ClearConfigLine
/var/folders/b6/0xn3z77n589c481l0rsth7mc0000gn/T//cckGvk7q.s:575    .text.HAL_EXTI_ClearConfigLine:0000000000000068 $d
/var/folders/b6/0xn3z77n589c481l0rsth7mc0000gn/T//cckGvk7q.s:581    .text.HAL_EXTI_RegisterCallback:0000000000000000 $t
/var/folders/b6/0xn3z77n589c481l0rsth7mc0000gn/T//cckGvk7q.s:588    .text.HAL_EXTI_RegisterCallback:0000000000000000 HAL_EXTI_RegisterCallback
/var/folders/b6/0xn3z77n589c481l0rsth7mc0000gn/T//cckGvk7q.s:623    .text.HAL_EXTI_GetHandle:0000000000000000 $t
/var/folders/b6/0xn3z77n589c481l0rsth7mc0000gn/T//cckGvk7q.s:630    .text.HAL_EXTI_GetHandle:0000000000000000 HAL_EXTI_GetHandle
/var/folders/b6/0xn3z77n589c481l0rsth7mc0000gn/T//cckGvk7q.s:665    .text.HAL_EXTI_IRQHandler:0000000000000000 $t
/var/folders/b6/0xn3z77n589c481l0rsth7mc0000gn/T//cckGvk7q.s:672    .text.HAL_EXTI_IRQHandler:0000000000000000 HAL_EXTI_IRQHandler
/var/folders/b6/0xn3z77n589c481l0rsth7mc0000gn/T//cckGvk7q.s:727    .text.HAL_EXTI_IRQHandler:0000000000000024 $d
/var/folders/b6/0xn3z77n589c481l0rsth7mc0000gn/T//cckGvk7q.s:732    .text.HAL_EXTI_GetPending:0000000000000000 $t
/var/folders/b6/0xn3z77n589c481l0rsth7mc0000gn/T//cckGvk7q.s:739    .text.HAL_EXTI_GetPending:0000000000000000 HAL_EXTI_GetPending
/var/folders/b6/0xn3z77n589c481l0rsth7mc0000gn/T//cckGvk7q.s:784    .text.HAL_EXTI_GetPending:0000000000000014 $d
/var/folders/b6/0xn3z77n589c481l0rsth7mc0000gn/T//cckGvk7q.s:789    .text.HAL_EXTI_ClearPending:0000000000000000 $t
/var/folders/b6/0xn3z77n589c481l0rsth7mc0000gn/T//cckGvk7q.s:796    .text.HAL_EXTI_ClearPending:0000000000000000 HAL_EXTI_ClearPending
/var/folders/b6/0xn3z77n589c481l0rsth7mc0000gn/T//cckGvk7q.s:828    .text.HAL_EXTI_ClearPending:0000000000000010 $d
/var/folders/b6/0xn3z77n589c481l0rsth7mc0000gn/T//cckGvk7q.s:833    .text.HAL_EXTI_GenerateSWI:0000000000000000 $t
/var/folders/b6/0xn3z77n589c481l0rsth7mc0000gn/T//cckGvk7q.s:840    .text.HAL_EXTI_GenerateSWI:0000000000000000 HAL_EXTI_GenerateSWI
/var/folders/b6/0xn3z77n589c481l0rsth7mc0000gn/T//cckGvk7q.s:871    .text.HAL_EXTI_GenerateSWI:0000000000000010 $d

NO UNDEFINED SYMBOLS
